20231107 072710.512 [main] INFO  i.g.d.log.ApplicationLog - SDRTrunk Version  : 0.5.3  [9MB/256MB 3%]
20231107 072710.515 [main] INFO  i.g.d.log.ApplicationLog - Gradle Version    : Gradle 7.6  [10MB/256MB 3%]
20231107 072710.516 [main] INFO  i.g.d.log.ApplicationLog - Build Timestamp   : 2023-04-12T03:48:32.618-0400  [10MB/256MB 3%]
20231107 072710.516 [main] INFO  i.g.d.log.ApplicationLog - Build-JDK         : 19.0.1 (BellSoft 19.0.1+11  [10MB/256MB 3%]
20231107 072710.516 [main] INFO  i.g.d.log.ApplicationLog - Build OS          : Linux (amd64 5.19.0-38-generic  [10MB/256MB 3%]
20231107 072710.644 [main] INFO  i.g.d.log.ApplicationLog -   [10MB/256MB 3%]
20231107 072710.645 [main] INFO  i.g.d.log.ApplicationLog - *******************************************************************  [10MB/256MB 3%]
20231107 072710.645 [main] INFO  i.g.d.log.ApplicationLog - **** sdrtrunk: a trunked radio and digital decoding application ***  [10MB/256MB 3%]
20231107 072710.645 [main] INFO  i.g.d.log.ApplicationLog - ****  website: https://github.com/dsheirer/sdrtrunk             ***  [10MB/256MB 3%]
20231107 072710.645 [main] INFO  i.g.d.log.ApplicationLog - *******************************************************************  [10MB/256MB 3%]
20231107 072710.645 [main] INFO  i.g.d.log.ApplicationLog - Memory Logging Format: [Used/Allocated PercentUsed%]  [10MB/256MB 3%]
20231107 072710.646 [main] INFO  i.g.d.log.ApplicationLog - Host OS Name:          Windows 10  [10MB/256MB 3%]
20231107 072710.646 [main] INFO  i.g.d.log.ApplicationLog - Host OS Arch:          amd64  [10MB/256MB 3%]
20231107 072710.646 [main] INFO  i.g.d.log.ApplicationLog - Host OS Version:       10.0  [10MB/256MB 3%]
20231107 072710.646 [main] INFO  i.g.d.log.ApplicationLog - Host CPU Cores:        6  [10MB/256MB 3%]
20231107 072710.647 [main] INFO  i.g.d.log.ApplicationLog - Host Max Java Memory:  3 GB  [10MB/256MB 3%]
20231107 072710.647 [main] INFO  i.g.d.log.ApplicationLog - Storage Directories:  [10MB/256MB 3%]
20231107 072710.647 [main] INFO  i.g.d.log.ApplicationLog -  Application Root: C:\Users\farrington\SDRTrunk  [10MB/256MB 3%]
20231107 072710.648 [main] INFO  i.g.d.log.ApplicationLog -  Application Log:  C:\Users\farrington\SDRTrunk\logs  [10MB/256MB 3%]
20231107 072710.648 [main] INFO  i.g.d.log.ApplicationLog -  Event Log:        C:\Users\farrington\SDRTrunk\event_logs  [10MB/256MB 3%]
20231107 072710.649 [main] INFO  i.g.d.log.ApplicationLog -  Playlist:         C:\Users\farrington\SDRTrunk\playlist  [10MB/256MB 3%]
20231107 072710.650 [main] INFO  i.g.d.log.ApplicationLog -  Recordings:       C:\Users\farrington\SDRTrunk\recordings  [10MB/256MB 3%]
20231107 072710.650 [main] INFO  i.g.dsheirer.util.ThreadPool - Application thread pool created SCHEDULED and CACHED executors threads  [10MB/256MB 3%]
20231107 072710.651 [main] INFO  i.github.dsheirer.gui.SDRTrunk - Home path: C:\Users\farrington\SDRTrunk  [10MB/256MB 3%]
20231107 072710.656 [main] INFO  i.g.d.p.SystemProperties - SystemProperties - loaded [C:\Users\farrington\SDRTrunk\SDRTrunk.properties]  [10MB/256MB 3%]
20231107 072710.656 [main] INFO  i.g.d.p.SystemProperties - SystemProperties - application properties loaded [C:\Users\farrington\SDRTrunk\SDRTrunk.properties]  [10MB/256MB 3%]
20231107 072711.292 [main] INFO  i.g.d.s.t.manager.TunerManager - Discovering tuners ...  [15MB/34MB 44%]
20231107 072712.044 [main] INFO  i.g.d.s.t.manager.TunerManager - LibUsb API Version: 1.0.262  [17MB/34MB 50%]
20231107 072712.044 [main] INFO  i.g.d.s.t.manager.TunerManager - LibUsb Version: 1.0.22.11312  [17MB/34MB 50%]
20231107 072712.063 [main] INFO  i.g.d.s.t.manager.TunerManager - LibUsb - discovered [6] potential usb devices  [17MB/34MB 50%]
20231107 072712.068 [main] INFO  i.g.d.s.t.manager.TunerManager - Discovered tuner at USB Bus [1] Port [5] Tuner Class [RTL-2832]  [17MB/34MB 50%]
20231107 072712.071 [main] INFO  i.g.d.s.t.manager.TunerManager - Tuner: USB Tuner - RTL-2832 USB Bus:1 Port:5 - Added / Starting ...  [17MB/34MB 50%]
20231107 072713.256 [main] INFO  i.g.d.d.f.c.ComplexPolyphaseChannelizerM2 - Sample Rate [2400000.0] providing [96] channels at [25000.0] Hz each  [19MB/34MB 58%]
20231107 072713.257 [main] INFO  i.g.d.s.t.manager.TunerManager - Tuner: USB Tuner - RTL-2832 USB Bus:1 Port:5 - Applying Tuner Configuration  [19MB/34MB 58%]
20231107 072713.486 [main] INFO  i.g.d.s.t.manager.TunerManager - LibUsb Hotplug event notification Is Not Supported on this platform.  [19MB/34MB 58%]
20231107 072713.493 [main] INFO  i.g.d.settings.SettingsManager - SettingsManager - loading settings file [C:\Users\farrington\SDRTrunk\settings\settings.xml]  [19MB/34MB 58%]
20231107 072716.643 [main] WARN  i.g.d.vector.VectorUtilities - CPU supports maximum SIMD instructions of Species[float, 8, S_256_BIT]  [9MB/34MB 27%]
20231107 072718.912 [main] INFO  i.g.d.playlist.PlaylistManager - Loading playlist [C:\Users\farrington\SDRTrunk\playlist\default.xml]  [23MB/34MB 69%]
20231107 072719.033 [main] INFO  i.github.dsheirer.gui.SDRTrunk - starting main application gui  [17MB/34MB 50%]
20231107 072721.233 [AWT-EventQueue-0] INFO  i.g.d.c.c.ChannelAutoStartFrame - Starting [1] channels now - user invoked  [46MB/148MB 31%]
20231107 072721.334 [AWT-EventQueue-0] INFO  i.g.d.a.c.mbe.JmbeAudioModule - Loading JMBE library from [C:\Users\farrington\SDRTrunk\jmbe\jmbe-1.0.9.jar]  [50MB/148MB 34%]
20231107 072721.340 [AWT-EventQueue-0] INFO  i.g.d.a.c.mbe.JmbeAudioModule - JMBE audio conversion library loaded: JMBE Audio Conversion Library v1.0.9  [50MB/148MB 34%]
20231107 072721.341 [AWT-EventQueue-0] INFO  i.g.d.a.c.mbe.ImbeAudioModule - JMBE audio conversion library IMBE CODEC successfully loaded - P25-1 audio will be available  [50MB/148MB 34%]
20231107 072721.355 [AWT-EventQueue-0] INFO  i.g.d.d.f.c.ComplexPolyphaseChannelizerM2 - Sample Rate [2400000.0] providing [96] channels at [25000.0] Hz each  [51MB/148MB 34%]
20231107 072802.087 [sdrtrunk scheduled thread 3] INFO  i.g.d.s.t.m.FrequencyErrorCorrectionManager - Auto-Correcting Tuner PPM to [-1.3]  [116MB/178MB 65%]
20231107 072939.902 [sdrtrunk cached thread 1] INFO  i.g.d.a.c.mbe.AmbeAudioModule - AMBE CODEC successfully loaded - P25-2/DMR/NXDN audio will be available  [137MB/286MB 48%]
20231107 072949.521 [sdrtrunk cached thread 1] INFO  i.g.d.s.t.manager.TunerManager - Unable to source channel [452587500] from preferred tuner [RTL-2832/R820T 00000001] - searching for another tuner  [127MB/344MB 37%]
20231107 072949.522 [sdrtrunk cached thread 1] ERROR i.g.d.g.p.c.ChannelConfigurationEditor - Error starting channel [Kalamazoo] - No Tuner Available  [127MB/344MB 37%]
20231107 072951.803 [sdrtrunk cached thread 1] INFO  i.g.d.s.t.manager.TunerManager - Unable to source channel [452587500] from preferred tuner [RTL-2832/R820T 00000001] - searching for another tuner  [216MB/344MB 62%]
20231107 072951.804 [sdrtrunk cached thread 1] ERROR i.g.d.g.p.c.ChannelConfigurationEditor - Error starting channel [Kalamazoo] - No Tuner Available  [216MB/344MB 62%]
20231107 072955.485 [sdrtrunk cached thread 1] INFO  i.g.d.s.t.manager.TunerManager - Unable to source channel [452587500] from preferred tuner [RTL-2832/R820T 00000001] - searching for another tuner  [179MB/344MB 52%]
20231107 072955.486 [sdrtrunk cached thread 1] ERROR i.g.d.g.p.c.ChannelConfigurationEditor - Error starting channel [Kalamazoo] - No Tuner Available  [179MB/344MB 52%]
20231107 072957.469 [sdrtrunk cached thread 1] INFO  i.g.d.s.t.manager.TunerManager - Unable to source channel [454175000] from preferred tuner [RTL-2832/R820T 00000001] - searching for another tuner  [132MB/344MB 38%]
20231107 072957.471 [sdrtrunk cached thread 1] ERROR i.g.d.g.p.c.ChannelConfigurationEditor - Error starting channel [Kalamazoo] - No Tuner Available  [133MB/344MB 38%]
20231107 073000.046 [sdrtrunk USB tuner - bus [1] port [5]] ERROR i.g.d.s.t.u.USBTunerController - Attempt to submit USB transfer buffer failed with status [LIBUSB_ERROR_IO] - this may be temporary and has happened [4] time(s) so far.  Transfer buffer holding queue (error/total) [4/8]  [134MB/344MB 39%]
20231107 073000.047 [sdrtrunk USB tuner - bus [1] port [5]] ERROR i.g.d.s.t.u.USBTunerController - Attempt to submit USB transfer buffer failed with status [LIBUSB_ERROR_IO] - this may be temporary and has happened [5] time(s) so far.  Transfer buffer holding queue (error/total) [5/8]  [135MB/344MB 39%]
20231107 073000.047 [sdrtrunk USB tuner - bus [1] port [5]] ERROR i.g.d.s.t.u.USBTunerController - Attempt to submit USB transfer buffer failed with status [LIBUSB_ERROR_IO] - this may be temporary and has happened [6] time(s) so far.  Transfer buffer holding queue (error/total) [6/8]  [135MB/344MB 39%]
20231107 073000.047 [sdrtrunk USB tuner - bus [1] port [5]] ERROR i.g.d.s.t.u.USBTunerController - Attempt to submit USB transfer buffer failed with status [LIBUSB_ERROR_IO] - this may be temporary and has happened [7] time(s) so far.  Transfer buffer holding queue (error/total) [7/8]  [135MB/344MB 39%]
20231107 073000.048 [sdrtrunk USB tuner - bus [1] port [5]] ERROR i.g.d.s.t.u.USBTunerController - Attempt to submit USB transfer buffer failed with status [LIBUSB_ERROR_IO] - this may be temporary and has happened [8] time(s) so far.  Transfer buffer holding queue (error/total) [8/8]  [135MB/344MB 39%]
20231107 073000.048 [sdrtrunk USB tuner - bus [1] port [5]] ERROR i.g.d.s.t.u.USBTunerController - Maximum USB transfer buffer errors reached - transfer buffers exhausted - shutting down USB tuner  [135MB/344MB 39%]
20231107 073000.049 [sdrtrunk cached thread 1] INFO  i.g.d.s.t.m.DiscoveredTuner - Tuner Error - Stopping - RTL-2832 USB Bus:1 Port:5 Error: USB Error - Transfer Buffers Exhausted  [135MB/344MB 39%]
20231107 073000.049 [sdrtrunk cached thread 1] INFO  i.g.d.s.t.m.DiscoveredTuner - Stopping Tuner: RTL-2832 USB Bus:1 Port:5  [135MB/344MB 39%]
20231107 073005.002 [sdrtrunk cached thread 1] INFO  i.g.d.s.t.manager.TunerManager - Unable to source channel [452587500] from preferred tuner [RTL-2832/R820T 00000001] - searching for another tuner  [152MB/344MB 44%]
20231107 073005.002 [sdrtrunk cached thread 1] ERROR i.g.d.g.p.c.ChannelConfigurationEditor - Error starting channel [Kalamazoo] - No Tuner Available  [152MB/344MB 44%]
20231107 073006.900 [sdrtrunk cached thread 1] INFO  i.g.d.s.t.manager.TunerManager - Unable to source channel [853725000] from preferred tuner [RTL-2832/R820T 00000001] - searching for another tuner  [162MB/344MB 47%]
20231107 073006.900 [sdrtrunk cached thread 1] ERROR i.g.d.g.p.c.ChannelConfigurationEditor - Error starting channel [Control] - No Tuner Available  [162MB/344MB 47%]
20231107 073010.481 [sdrtrunk cached thread 1] INFO  i.g.d.s.t.manager.TunerManager - Unable to source channel [452587500] from preferred tuner [RTL-2832/R820T 00000001] - searching for another tuner  [177MB/344MB 51%]
20231107 073010.481 [sdrtrunk cached thread 1] ERROR i.g.d.g.p.c.ChannelConfigurationEditor - Error starting channel [Kalamazoo] - No Tuner Available  [177MB/344MB 51%]
20231107 073017.769 [sdrtrunk cached thread 1] INFO  i.g.d.s.t.manager.TunerManager - Unable to source channel [452587500] from preferred tuner [RTL-2832/R820T 00000001] - searching for another tuner  [205MB/344MB 59%]
20231107 073017.769 [sdrtrunk cached thread 1] ERROR i.g.d.g.p.c.ChannelConfigurationEditor - Error starting channel [Kalamazoo] - No Tuner Available  [205MB/344MB 59%]
20231107 073037.022 [AWT-EventQueue-0] INFO  i.github.dsheirer.gui.SDRTrunk - Application shutdown started ...  [92MB/344MB 26%]
20231107 073037.032 [AWT-EventQueue-0] INFO  i.github.dsheirer.gui.SDRTrunk - Stopping channels ...  [92MB/344MB 26%]
20231107 073037.033 [AWT-EventQueue-0] INFO  i.github.dsheirer.gui.SDRTrunk - Stopping spectral display ...  [92MB/344MB 26%]
20231107 073037.033 [AWT-EventQueue-0] INFO  i.github.dsheirer.gui.SDRTrunk - Stopping tuners ...  [92MB/344MB 26%]
20231107 073037.034 [AWT-EventQueue-0] INFO  i.g.d.s.t.u.DiscoveredTunerModel - Removing discovered tuner: RTL-2832 USB Bus:1 Port:5  [92MB/344MB 26%]
20231107 073037.036 [AWT-EventQueue-0] INFO  i.github.dsheirer.gui.SDRTrunk - Shutdown complete.  [92MB/344MB 26%]
20231107 073037.036 [AWT-EventQueue-0] INFO  i.g.d.log.ApplicationLog - Stopping application logging  [92MB/344MB 26%]
20231107 073127.491 [main] INFO  i.g.d.log.ApplicationLog - SDRTrunk Version  : 0.5.3  [9MB/256MB 3%]
20231107 073127.491 [main] INFO  i.g.d.log.ApplicationLog - Gradle Version    : Gradle 7.6  [9MB/256MB 3%]
20231107 073127.492 [main] INFO  i.g.d.log.ApplicationLog - Build Timestamp   : 2023-04-12T03:48:32.618-0400  [9MB/256MB 3%]
20231107 073127.492 [main] INFO  i.g.d.log.ApplicationLog - Build-JDK         : 19.0.1 (BellSoft 19.0.1+11  [9MB/256MB 3%]
20231107 073127.492 [main] INFO  i.g.d.log.ApplicationLog - Build OS          : Linux (amd64 5.19.0-38-generic  [9MB/256MB 3%]
20231107 073127.492 [main] INFO  i.g.d.log.ApplicationLog -   [9MB/256MB 3%]
20231107 073127.493 [main] INFO  i.g.d.log.ApplicationLog - *******************************************************************  [9MB/256MB 3%]
20231107 073127.493 [main] INFO  i.g.d.log.ApplicationLog - **** sdrtrunk: a trunked radio and digital decoding application ***  [9MB/256MB 3%]
20231107 073127.493 [main] INFO  i.g.d.log.ApplicationLog - ****  website: https://github.com/dsheirer/sdrtrunk             ***  [9MB/256MB 3%]
20231107 073127.493 [main] INFO  i.g.d.log.ApplicationLog - *******************************************************************  [9MB/256MB 3%]
20231107 073127.493 [main] INFO  i.g.d.log.ApplicationLog - Memory Logging Format: [Used/Allocated PercentUsed%]  [9MB/256MB 3%]
20231107 073127.493 [main] INFO  i.g.d.log.ApplicationLog - Host OS Name:          Windows 10  [9MB/256MB 3%]
20231107 073127.494 [main] INFO  i.g.d.log.ApplicationLog - Host OS Arch:          amd64  [9MB/256MB 3%]
20231107 073127.494 [main] INFO  i.g.d.log.ApplicationLog - Host OS Version:       10.0  [9MB/256MB 3%]
20231107 073127.494 [main] INFO  i.g.d.log.ApplicationLog - Host CPU Cores:        6  [9MB/256MB 3%]
20231107 073127.495 [main] INFO  i.g.d.log.ApplicationLog - Host Max Java Memory:  3 GB  [9MB/256MB 3%]
20231107 073127.495 [main] INFO  i.g.d.log.ApplicationLog - Storage Directories:  [9MB/256MB 3%]
20231107 073127.495 [main] INFO  i.g.d.log.ApplicationLog -  Application Root: C:\Users\farrington\SDRTrunk  [9MB/256MB 3%]
20231107 073127.495 [main] INFO  i.g.d.log.ApplicationLog -  Application Log:  C:\Users\farrington\SDRTrunk\logs  [9MB/256MB 3%]
20231107 073127.496 [main] INFO  i.g.d.log.ApplicationLog -  Event Log:        C:\Users\farrington\SDRTrunk\event_logs  [9MB/256MB 3%]
20231107 073127.497 [main] INFO  i.g.d.log.ApplicationLog -  Playlist:         C:\Users\farrington\SDRTrunk\playlist  [9MB/256MB 3%]
20231107 073127.497 [main] INFO  i.g.d.log.ApplicationLog -  Recordings:       C:\Users\farrington\SDRTrunk\recordings  [9MB/256MB 3%]
20231107 073127.498 [main] INFO  i.g.dsheirer.util.ThreadPool - Application thread pool created SCHEDULED and CACHED executors threads  [9MB/256MB 3%]
20231107 073127.498 [main] INFO  i.github.dsheirer.gui.SDRTrunk - Home path: C:\Users\farrington\SDRTrunk  [9MB/256MB 3%]
20231107 073127.503 [main] INFO  i.g.d.p.SystemProperties - SystemProperties - loaded [C:\Users\farrington\SDRTrunk\SDRTrunk.properties]  [9MB/256MB 3%]
20231107 073127.504 [main] INFO  i.g.d.p.SystemProperties - SystemProperties - application properties loaded [C:\Users\farrington\SDRTrunk\SDRTrunk.properties]  [9MB/256MB 3%]
20231107 073127.707 [main] INFO  i.g.d.s.t.manager.TunerManager - Discovering tuners ...  [14MB/34MB 43%]
20231107 073127.965 [main] INFO  i.g.d.s.t.manager.TunerManager - LibUsb API Version: 1.0.262  [16MB/34MB 47%]
20231107 073127.966 [main] INFO  i.g.d.s.t.manager.TunerManager - LibUsb Version: 1.0.22.11312  [16MB/34MB 47%]
20231107 073127.983 [main] INFO  i.g.d.s.t.manager.TunerManager - LibUsb - discovered [6] potential usb devices  [16MB/34MB 47%]
20231107 073127.988 [main] INFO  i.g.d.s.t.manager.TunerManager - Discovered tuner at USB Bus [1] Port [5] Tuner Class [RTL-2832]  [16MB/34MB 49%]
20231107 073127.990 [main] INFO  i.g.d.s.t.manager.TunerManager - Tuner: USB Tuner - RTL-2832 USB Bus:1 Port:5 - Added / Starting ...  [16MB/34MB 49%]
20231107 073128.021 [main] ERROR i.g.d.s.t.u.USBTunerController - Access to USB tuner denied - (windows) reinstall zadig driver or (linux) blacklist driver and/or check udev rules  [18MB/34MB 53%]
20231107 073128.022 [main] INFO  i.g.d.s.t.m.DiscoveredTuner - Tuner Error - Stopping - RTL-2832 USB Bus:1 Port:5 Error: access denied - if using linux, blacklist the default driver and/or install udev rules  [18MB/34MB 53%]
20231107 073128.022 [main] INFO  i.g.d.s.t.m.DiscoveredTuner - Stopping Tuner: RTL-2832 USB Bus:1 Port:5  [18MB/34MB 53%]
20231107 073128.022 [main] ERROR i.g.d.s.t.m.DiscoveredUSBTuner - Unable to start tuner [RTL-2832] - error: access denied - if using linux, blacklist the default driver and/or install udev rules  [18MB/34MB 53%]
20231107 073128.024 [main] INFO  i.g.d.s.t.manager.TunerManager - LibUsb Hotplug event notification Is Not Supported on this platform.  [18MB/34MB 54%]
20231107 073128.027 [main] INFO  i.g.d.settings.SettingsManager - SettingsManager - loading settings file [C:\Users\farrington\SDRTrunk\settings\settings.xml]  [18MB/34MB 54%]
20231107 073128.488 [main] WARN  i.g.d.vector.VectorUtilities - CPU supports maximum SIMD instructions of Species[float, 8, S_256_BIT]  [18MB/34MB 55%]
20231107 073129.196 [main] INFO  i.g.d.playlist.PlaylistManager - Loading playlist [C:\Users\farrington\SDRTrunk\playlist\default.xml]  [22MB/34MB 67%]
20231107 073129.258 [main] INFO  i.github.dsheirer.gui.SDRTrunk - starting main application gui  [25MB/34MB 75%]
20231107 073131.475 [AWT-EventQueue-0] INFO  i.g.d.c.c.ChannelAutoStartFrame - Channel auto-start canceled by user  [27MB/40MB 68%]
20231107 073138.004 [sdrtrunk cached thread 1] INFO  i.g.d.s.t.manager.TunerManager - Unable to source channel [452587500] from preferred tuner [RTL-2832/R820T 00000001] - searching for another tuner  [84MB/148MB 57%]
20231107 073138.005 [sdrtrunk cached thread 1] ERROR i.g.d.g.p.c.ChannelConfigurationEditor - Error starting channel [Kalamazoo] - No Tuner Available  [84MB/148MB 57%]
20231107 073139.883 [sdrtrunk cached thread 1] INFO  i.g.d.s.t.manager.TunerManager - Unable to source channel [853725000] from preferred tuner [RTL-2832/R820T 00000001] - searching for another tuner  [72MB/148MB 48%]
20231107 073139.884 [sdrtrunk cached thread 1] ERROR i.g.d.g.p.c.ChannelConfigurationEditor - Error starting channel [Control] - No Tuner Available  [72MB/148MB 48%]
20231107 073154.764 [AWT-EventQueue-0] INFO  i.github.dsheirer.gui.SDRTrunk - Application shutdown started ...  [110MB/148MB 74%]
20231107 073154.771 [AWT-EventQueue-0] INFO  i.github.dsheirer.gui.SDRTrunk - Stopping channels ...  [110MB/148MB 74%]
20231107 073154.771 [AWT-EventQueue-0] INFO  i.github.dsheirer.gui.SDRTrunk - Stopping spectral display ...  [110MB/148MB 74%]
20231107 073154.777 [AWT-EventQueue-0] INFO  i.github.dsheirer.gui.SDRTrunk - Stopping tuners ...  [110MB/148MB 74%]
20231107 073154.777 [AWT-EventQueue-0] INFO  i.g.d.s.t.u.DiscoveredTunerModel - Removing discovered tuner: RTL-2832 USB Bus:1 Port:5  [110MB/148MB 74%]
20231107 073154.778 [AWT-EventQueue-0] INFO  i.github.dsheirer.gui.SDRTrunk - Shutdown complete.  [110MB/148MB 74%]
20231107 073154.778 [AWT-EventQueue-0] INFO  i.g.d.log.ApplicationLog - Stopping application logging  [110MB/148MB 74%]
