20231110 182602.578 [main] INFO  i.g.d.log.ApplicationLog - SDRTrunk Version  : 0.5.3  [9MB/256MB 3%]
20231110 182602.874 [main] INFO  i.g.d.log.ApplicationLog - Gradle Version    : Gradle 7.6  [10MB/256MB 3%]
20231110 182602.875 [main] INFO  i.g.d.log.ApplicationLog - Build Timestamp   : 2023-04-12T03:48:32.618-0400  [10MB/256MB 3%]
20231110 182602.875 [main] INFO  i.g.d.log.ApplicationLog - Build-JDK         : 19.0.1 (BellSoft 19.0.1+11  [10MB/256MB 3%]
20231110 182602.875 [main] INFO  i.g.d.log.ApplicationLog - Build OS          : Linux (amd64 5.19.0-38-generic  [10MB/256MB 3%]
20231110 182602.915 [main] INFO  i.g.d.log.ApplicationLog -   [10MB/256MB 3%]
20231110 182602.916 [main] INFO  i.g.d.log.ApplicationLog - *******************************************************************  [10MB/256MB 3%]
20231110 182602.917 [main] INFO  i.g.d.log.ApplicationLog - **** sdrtrunk: a trunked radio and digital decoding application ***  [10MB/256MB 3%]
20231110 182602.917 [main] INFO  i.g.d.log.ApplicationLog - ****  website: https://github.com/dsheirer/sdrtrunk             ***  [10MB/256MB 3%]
20231110 182602.918 [main] INFO  i.g.d.log.ApplicationLog - *******************************************************************  [10MB/256MB 3%]
20231110 182602.919 [main] INFO  i.g.d.log.ApplicationLog - Memory Logging Format: [Used/Allocated PercentUsed%]  [10MB/256MB 3%]
20231110 182602.920 [main] INFO  i.g.d.log.ApplicationLog - Host OS Name:          Windows 10  [10MB/256MB 3%]
20231110 182602.921 [main] INFO  i.g.d.log.ApplicationLog - Host OS Arch:          amd64  [10MB/256MB 3%]
20231110 182602.922 [main] INFO  i.g.d.log.ApplicationLog - Host OS Version:       10.0  [10MB/256MB 3%]
20231110 182602.922 [main] INFO  i.g.d.log.ApplicationLog - Host CPU Cores:        6  [10MB/256MB 3%]
20231110 182602.923 [main] INFO  i.g.d.log.ApplicationLog - Host Max Java Memory:  3 GB  [10MB/256MB 3%]
20231110 182602.924 [main] INFO  i.g.d.log.ApplicationLog - Storage Directories:  [10MB/256MB 3%]
20231110 182602.924 [main] INFO  i.g.d.log.ApplicationLog -  Application Root: C:\Users\farrington\SDRTrunk  [10MB/256MB 3%]
20231110 182602.925 [main] INFO  i.g.d.log.ApplicationLog -  Application Log:  C:\Users\farrington\SDRTrunk\logs  [10MB/256MB 3%]
20231110 182602.925 [main] INFO  i.g.d.log.ApplicationLog -  Event Log:        C:\Users\farrington\SDRTrunk\event_logs  [10MB/256MB 3%]
20231110 182602.926 [main] INFO  i.g.d.log.ApplicationLog -  Playlist:         C:\Users\farrington\SDRTrunk\playlist  [10MB/256MB 3%]
20231110 182602.927 [main] INFO  i.g.d.log.ApplicationLog -  Recordings:       C:\Users\farrington\SDRTrunk\recordings  [10MB/256MB 3%]
20231110 182602.927 [main] INFO  i.g.dsheirer.util.ThreadPool - Application thread pool created SCHEDULED and CACHED executors threads  [10MB/256MB 3%]
20231110 182602.927 [main] INFO  i.github.dsheirer.gui.SDRTrunk - Home path: C:\Users\farrington\SDRTrunk  [10MB/256MB 3%]
20231110 182602.933 [main] INFO  i.g.d.p.SystemProperties - SystemProperties - loaded [C:\Users\farrington\SDRTrunk\SDRTrunk.properties]  [10MB/256MB 3%]
20231110 182602.933 [main] INFO  i.g.d.p.SystemProperties - SystemProperties - application properties loaded [C:\Users\farrington\SDRTrunk\SDRTrunk.properties]  [10MB/256MB 3%]
20231110 182603.128 [main] INFO  i.g.d.s.t.manager.TunerManager - Discovering tuners ...  [14MB/34MB 43%]
20231110 182603.252 [main] INFO  i.g.d.s.t.manager.TunerManager - LibUsb API Version: 1.0.262  [16MB/34MB 47%]
20231110 182603.253 [main] INFO  i.g.d.s.t.manager.TunerManager - LibUsb Version: 1.0.22.11312  [16MB/34MB 47%]
20231110 182603.271 [main] INFO  i.g.d.s.t.manager.TunerManager - LibUsb - discovered [6] potential usb devices  [16MB/34MB 47%]
20231110 182603.276 [main] INFO  i.g.d.s.t.manager.TunerManager - Discovered tuner at USB Bus [1] Port [5] Tuner Class [RTL-2832]  [16MB/34MB 49%]
20231110 182603.279 [main] INFO  i.g.d.s.t.manager.TunerManager - Tuner: USB Tuner - RTL-2832 USB Bus:1 Port:5 - Added / Starting ...  [16MB/34MB 49%]
20231110 182603.310 [main] ERROR i.g.d.s.t.u.USBTunerController - Access to USB tuner denied - (windows) reinstall zadig driver or (linux) blacklist driver and/or check udev rules  [19MB/34MB 56%]
20231110 182603.310 [main] INFO  i.g.d.s.t.m.DiscoveredTuner - Tuner Error - Stopping - RTL-2832 USB Bus:1 Port:5 Error: access denied - if using linux, blacklist the default driver and/or install udev rules  [19MB/34MB 56%]
20231110 182603.311 [main] INFO  i.g.d.s.t.m.DiscoveredTuner - Stopping Tuner: RTL-2832 USB Bus:1 Port:5  [19MB/34MB 56%]
20231110 182603.311 [main] ERROR i.g.d.s.t.m.DiscoveredUSBTuner - Unable to start tuner [RTL-2832] - error: access denied - if using linux, blacklist the default driver and/or install udev rules  [19MB/34MB 56%]
20231110 182603.313 [main] INFO  i.g.d.s.t.manager.TunerManager - LibUsb Hotplug event notification Is Not Supported on this platform.  [19MB/34MB 56%]
20231110 182603.316 [main] INFO  i.g.d.settings.SettingsManager - SettingsManager - loading settings file [C:\Users\farrington\SDRTrunk\settings\settings.xml]  [19MB/34MB 56%]
20231110 182603.932 [main] WARN  i.g.d.vector.VectorUtilities - CPU supports maximum SIMD instructions of Species[float, 8, S_256_BIT]  [8MB/34MB 25%]
20231110 182604.541 [main] INFO  i.g.d.playlist.PlaylistManager - Loading playlist [C:\Users\farrington\SDRTrunk\playlist\default.xml]  [23MB/34MB 68%]
20231110 182604.598 [main] INFO  i.github.dsheirer.gui.SDRTrunk - starting main application gui  [25MB/34MB 76%]
20231110 182609.541 [AWT-EventQueue-0] INFO  i.g.d.c.c.ChannelAutoStartFrame - Starting [1] channels now - user invoked  [29MB/40MB 73%]
20231110 182609.544 [AWT-EventQueue-0] INFO  i.g.d.s.t.manager.TunerManager - Unable to source channel [853725000] from preferred tuner [RTL-2832/R820T 00000001] - searching for another tuner  [29MB/40MB 73%]
20231110 182609.547 [AWT-EventQueue-0] ERROR i.g.d.c.c.ChannelProcessingManager - Error starting requested channel [Control:853725000] - No Tuner Available  [29MB/40MB 74%]
20231110 182626.554 [sdrtrunk cached thread 1] INFO  i.g.d.s.t.manager.TunerManager - Unable to source channel [853725000] from preferred tuner [RTL-2832/R820T 00000001] - searching for another tuner  [70MB/148MB 47%]
20231110 182626.554 [sdrtrunk cached thread 1] ERROR i.g.d.g.p.c.ChannelConfigurationEditor - Error starting channel [Control] - No Tuner Available  [70MB/148MB 47%]
20231110 182846.513 [AWT-EventQueue-0] INFO  i.github.dsheirer.gui.SDRTrunk - Application shutdown started ...  [69MB/148MB 47%]
20231110 182846.520 [AWT-EventQueue-0] INFO  i.github.dsheirer.gui.SDRTrunk - Stopping channels ...  [70MB/148MB 47%]
20231110 182846.520 [AWT-EventQueue-0] INFO  i.github.dsheirer.gui.SDRTrunk - Stopping spectral display ...  [70MB/148MB 47%]
20231110 182846.525 [AWT-EventQueue-0] INFO  i.github.dsheirer.gui.SDRTrunk - Stopping tuners ...  [70MB/148MB 47%]
20231110 182846.526 [AWT-EventQueue-0] INFO  i.g.d.s.t.u.DiscoveredTunerModel - Removing discovered tuner: RTL-2832 USB Bus:1 Port:5  [70MB/148MB 47%]
20231110 182846.526 [AWT-EventQueue-0] INFO  i.github.dsheirer.gui.SDRTrunk - Shutdown complete.  [70MB/148MB 47%]
20231110 182846.527 [AWT-EventQueue-0] INFO  i.g.d.log.ApplicationLog - Stopping application logging  [70MB/148MB 47%]
20231110 182901.503 [main] INFO  i.g.d.log.ApplicationLog - SDRTrunk Version  : 0.5.3  [9MB/256MB 3%]
20231110 182901.505 [main] INFO  i.g.d.log.ApplicationLog - Gradle Version    : Gradle 7.6  [9MB/256MB 3%]
20231110 182901.509 [main] INFO  i.g.d.log.ApplicationLog - Build Timestamp   : 2023-04-12T03:48:32.618-0400  [9MB/256MB 3%]
20231110 182901.509 [main] INFO  i.g.d.log.ApplicationLog - Build-JDK         : 19.0.1 (BellSoft 19.0.1+11  [9MB/256MB 3%]
20231110 182901.509 [main] INFO  i.g.d.log.ApplicationLog - Build OS          : Linux (amd64 5.19.0-38-generic  [9MB/256MB 3%]
20231110 182901.510 [main] INFO  i.g.d.log.ApplicationLog -   [9MB/256MB 3%]
20231110 182901.510 [main] INFO  i.g.d.log.ApplicationLog - *******************************************************************  [10MB/256MB 3%]
20231110 182901.510 [main] INFO  i.g.d.log.ApplicationLog - **** sdrtrunk: a trunked radio and digital decoding application ***  [10MB/256MB 3%]
20231110 182901.510 [main] INFO  i.g.d.log.ApplicationLog - ****  website: https://github.com/dsheirer/sdrtrunk             ***  [10MB/256MB 3%]
20231110 182901.512 [main] INFO  i.g.d.log.ApplicationLog - *******************************************************************  [10MB/256MB 3%]
20231110 182901.518 [main] INFO  i.g.d.log.ApplicationLog - Memory Logging Format: [Used/Allocated PercentUsed%]  [10MB/256MB 3%]
20231110 182901.519 [main] INFO  i.g.d.log.ApplicationLog - Host OS Name:          Windows 10  [10MB/256MB 3%]
20231110 182901.520 [main] INFO  i.g.d.log.ApplicationLog - Host OS Arch:          amd64  [10MB/256MB 3%]
20231110 182901.521 [main] INFO  i.g.d.log.ApplicationLog - Host OS Version:       10.0  [10MB/256MB 3%]
20231110 182901.521 [main] INFO  i.g.d.log.ApplicationLog - Host CPU Cores:        6  [10MB/256MB 3%]
20231110 182901.522 [main] INFO  i.g.d.log.ApplicationLog - Host Max Java Memory:  3 GB  [10MB/256MB 3%]
20231110 182901.523 [main] INFO  i.g.d.log.ApplicationLog - Storage Directories:  [10MB/256MB 3%]
20231110 182901.525 [main] INFO  i.g.d.log.ApplicationLog -  Application Root: C:\Users\farrington\SDRTrunk  [10MB/256MB 3%]
20231110 182901.526 [main] INFO  i.g.d.log.ApplicationLog -  Application Log:  C:\Users\farrington\SDRTrunk\logs  [10MB/256MB 3%]
20231110 182901.527 [main] INFO  i.g.d.log.ApplicationLog -  Event Log:        C:\Users\farrington\SDRTrunk\event_logs  [10MB/256MB 3%]
20231110 182901.528 [main] INFO  i.g.d.log.ApplicationLog -  Playlist:         C:\Users\farrington\SDRTrunk\playlist  [10MB/256MB 3%]
20231110 182901.528 [main] INFO  i.g.d.log.ApplicationLog -  Recordings:       C:\Users\farrington\SDRTrunk\recordings  [10MB/256MB 3%]
20231110 182901.529 [main] INFO  i.g.dsheirer.util.ThreadPool - Application thread pool created SCHEDULED and CACHED executors threads  [10MB/256MB 3%]
20231110 182901.530 [main] INFO  i.github.dsheirer.gui.SDRTrunk - Home path: C:\Users\farrington\SDRTrunk  [10MB/256MB 3%]
20231110 182901.535 [main] INFO  i.g.d.p.SystemProperties - SystemProperties - loaded [C:\Users\farrington\SDRTrunk\SDRTrunk.properties]  [10MB/256MB 3%]
20231110 182901.535 [main] INFO  i.g.d.p.SystemProperties - SystemProperties - application properties loaded [C:\Users\farrington\SDRTrunk\SDRTrunk.properties]  [10MB/256MB 3%]
20231110 182901.735 [main] INFO  i.g.d.s.t.manager.TunerManager - Discovering tuners ...  [15MB/34MB 44%]
20231110 182902.550 [main] INFO  i.g.d.s.t.manager.TunerManager - LibUsb API Version: 1.0.262  [17MB/34MB 50%]
20231110 182902.550 [main] INFO  i.g.d.s.t.manager.TunerManager - LibUsb Version: 1.0.22.11312  [17MB/34MB 50%]
20231110 182902.567 [main] INFO  i.g.d.s.t.manager.TunerManager - LibUsb - discovered [6] potential usb devices  [17MB/34MB 50%]
20231110 182902.572 [main] INFO  i.g.d.s.t.manager.TunerManager - Discovered tuner at USB Bus [1] Port [5] Tuner Class [RTL-2832]  [17MB/34MB 51%]
20231110 182902.575 [main] INFO  i.g.d.s.t.manager.TunerManager - Tuner: USB Tuner - RTL-2832 USB Bus:1 Port:5 - Added / Starting ...  [17MB/34MB 51%]
20231110 182903.745 [main] INFO  i.g.d.d.f.c.ComplexPolyphaseChannelizerM2 - Sample Rate [2400000.0] providing [96] channels at [25000.0] Hz each  [20MB/34MB 59%]
20231110 182903.747 [main] INFO  i.g.d.s.t.manager.TunerManager - Tuner: USB Tuner - RTL-2832 USB Bus:1 Port:5 - Applying Tuner Configuration  [20MB/34MB 59%]
20231110 182903.995 [main] INFO  i.g.d.s.t.manager.TunerManager - LibUsb Hotplug event notification Is Not Supported on this platform.  [20MB/34MB 59%]
20231110 182903.998 [main] INFO  i.g.d.settings.SettingsManager - SettingsManager - loading settings file [C:\Users\farrington\SDRTrunk\settings\settings.xml]  [20MB/34MB 59%]
20231110 182904.450 [main] WARN  i.g.d.vector.VectorUtilities - CPU supports maximum SIMD instructions of Species[float, 8, S_256_BIT]  [9MB/34MB 27%]
20231110 182905.032 [main] INFO  i.g.d.playlist.PlaylistManager - Loading playlist [C:\Users\farrington\SDRTrunk\playlist\default.xml]  [23MB/34MB 69%]
20231110 182905.091 [main] INFO  i.github.dsheirer.gui.SDRTrunk - starting main application gui  [26MB/34MB 77%]
20231110 182907.371 [AWT-EventQueue-0] INFO  i.g.d.c.c.ChannelAutoStartFrame - Starting [1] channels now - user invoked  [56MB/146MB 38%]
20231110 182907.461 [AWT-EventQueue-0] INFO  i.g.d.a.c.mbe.JmbeAudioModule - Loading JMBE library from [C:\Users\farrington\SDRTrunk\jmbe\jmbe-1.0.9.jar]  [60MB/146MB 41%]
20231110 182907.467 [AWT-EventQueue-0] INFO  i.g.d.a.c.mbe.JmbeAudioModule - JMBE audio conversion library loaded: JMBE Audio Conversion Library v1.0.9  [60MB/146MB 41%]
20231110 182907.467 [AWT-EventQueue-0] INFO  i.g.d.a.c.mbe.ImbeAudioModule - JMBE audio conversion library IMBE CODEC successfully loaded - P25-1 audio will be available  [60MB/146MB 41%]
20231110 182907.481 [AWT-EventQueue-0] INFO  i.g.d.d.f.c.ComplexPolyphaseChannelizerM2 - Sample Rate [2400000.0] providing [96] channels at [25000.0] Hz each  [61MB/146MB 42%]
20231110 182947.589 [sdrtrunk scheduled thread 1] INFO  i.g.d.s.t.m.FrequencyErrorCorrectionManager - Auto-Correcting Tuner PPM to [-1.4]  [85MB/176MB 48%]
20231110 190229.858 [AWT-EventQueue-0] INFO  i.github.dsheirer.gui.SDRTrunk - Application shutdown started ...  [196MB/544MB 36%]
20231110 190229.865 [AWT-EventQueue-0] INFO  i.github.dsheirer.gui.SDRTrunk - Stopping channels ...  [202MB/544MB 37%]
20231110 190229.872 [AWT-EventQueue-0] INFO  i.github.dsheirer.gui.SDRTrunk - Stopping spectral display ...  [202MB/544MB 37%]
20231110 190229.876 [AWT-EventQueue-0] INFO  i.github.dsheirer.gui.SDRTrunk - Stopping tuners ...  [202MB/544MB 37%]
20231110 190229.876 [AWT-EventQueue-0] INFO  i.g.d.s.t.u.DiscoveredTunerModel - Removing discovered tuner: RTL-2832 USB Bus:1 Port:5  [202MB/544MB 37%]
20231110 190229.877 [AWT-EventQueue-0] INFO  i.g.d.s.t.m.DiscoveredTuner - Stopping Tuner: RTL-2832 USB Bus:1 Port:5  [202MB/544MB 37%]
20231110 190229.887 [AWT-EventQueue-0] INFO  i.github.dsheirer.gui.SDRTrunk - Shutdown complete.  [203MB/544MB 37%]
20231110 190229.888 [AWT-EventQueue-0] INFO  i.g.d.log.ApplicationLog - Stopping application logging  [203MB/544MB 37%]
