20231106 191711.810 [main] INFO  i.g.d.log.ApplicationLog - SDRTrunk Version  : 0.5.3  [9MB/256MB 3%]
20231106 191711.811 [main] INFO  i.g.d.log.ApplicationLog - Gradle Version    : Gradle 7.6  [9MB/256MB 3%]
20231106 191711.811 [main] INFO  i.g.d.log.ApplicationLog - Build Timestamp   : 2023-04-12T03:48:32.618-0400  [9MB/256MB 3%]
20231106 191711.812 [main] INFO  i.g.d.log.ApplicationLog - Build-JDK         : 19.0.1 (BellSoft 19.0.1+11  [9MB/256MB 3%]
20231106 191711.812 [main] INFO  i.g.d.log.ApplicationLog - Build OS          : Linux (amd64 5.19.0-38-generic  [9MB/256MB 3%]
20231106 191711.812 [main] INFO  i.g.d.log.ApplicationLog -   [9MB/256MB 3%]
20231106 191711.813 [main] INFO  i.g.d.log.ApplicationLog - *******************************************************************  [9MB/256MB 3%]
20231106 191711.813 [main] INFO  i.g.d.log.ApplicationLog - **** sdrtrunk: a trunked radio and digital decoding application ***  [9MB/256MB 3%]
20231106 191711.813 [main] INFO  i.g.d.log.ApplicationLog - ****  website: https://github.com/dsheirer/sdrtrunk             ***  [9MB/256MB 3%]
20231106 191711.813 [main] INFO  i.g.d.log.ApplicationLog - *******************************************************************  [9MB/256MB 3%]
20231106 191711.813 [main] INFO  i.g.d.log.ApplicationLog - Memory Logging Format: [Used/Allocated PercentUsed%]  [9MB/256MB 3%]
20231106 191711.814 [main] INFO  i.g.d.log.ApplicationLog - Host OS Name:          Windows 10  [9MB/256MB 3%]
20231106 191711.814 [main] INFO  i.g.d.log.ApplicationLog - Host OS Arch:          amd64  [9MB/256MB 3%]
20231106 191711.814 [main] INFO  i.g.d.log.ApplicationLog - Host OS Version:       10.0  [9MB/256MB 3%]
20231106 191711.814 [main] INFO  i.g.d.log.ApplicationLog - Host CPU Cores:        6  [10MB/256MB 3%]
20231106 191711.815 [main] INFO  i.g.d.log.ApplicationLog - Host Max Java Memory:  3 GB  [10MB/256MB 3%]
20231106 191711.815 [main] INFO  i.g.d.log.ApplicationLog - Storage Directories:  [10MB/256MB 3%]
20231106 191711.815 [main] INFO  i.g.d.log.ApplicationLog -  Application Root: C:\Users\farrington\SDRTrunk  [10MB/256MB 3%]
20231106 191711.815 [main] INFO  i.g.d.log.ApplicationLog -  Application Log:  C:\Users\farrington\SDRTrunk\logs  [10MB/256MB 3%]
20231106 191711.816 [main] INFO  i.g.d.p.d.DirectoryPreference - Created directory [C:\Users\farrington\SDRTrunk\event_logs]  [10MB/256MB 3%]
20231106 191711.816 [main] INFO  i.g.d.log.ApplicationLog -  Event Log:        C:\Users\farrington\SDRTrunk\event_logs  [10MB/256MB 3%]
20231106 191711.817 [main] INFO  i.g.d.p.d.DirectoryPreference - Created directory [C:\Users\farrington\SDRTrunk\playlist]  [10MB/256MB 3%]
20231106 191711.817 [main] INFO  i.g.d.log.ApplicationLog -  Playlist:         C:\Users\farrington\SDRTrunk\playlist  [10MB/256MB 3%]
20231106 191711.818 [main] INFO  i.g.d.p.d.DirectoryPreference - Created directory [C:\Users\farrington\SDRTrunk\recordings]  [10MB/256MB 3%]
20231106 191711.818 [main] INFO  i.g.d.log.ApplicationLog -  Recordings:       C:\Users\farrington\SDRTrunk\recordings  [10MB/256MB 3%]
20231106 191711.818 [main] INFO  i.g.dsheirer.util.ThreadPool - Application thread pool created SCHEDULED and CACHED executors threads  [10MB/256MB 3%]
20231106 191711.819 [main] INFO  i.github.dsheirer.gui.SDRTrunk - Home path: C:\Users\farrington\SDRTrunk  [10MB/256MB 3%]
20231106 191711.820 [main] INFO  i.github.dsheirer.gui.SDRTrunk - SDRTrunk - creating application properties file [C:\Users\farrington\SDRTrunk\SDRTrunk.properties]  [10MB/256MB 3%]
20231106 191711.821 [main] INFO  i.g.d.p.SystemProperties - SystemProperties - loaded [C:\Users\farrington\SDRTrunk\SDRTrunk.properties]  [10MB/256MB 3%]
20231106 191711.821 [main] INFO  i.g.d.p.SystemProperties - SystemProperties - application properties loaded [C:\Users\farrington\SDRTrunk\SDRTrunk.properties]  [10MB/256MB 3%]
20231106 191711.833 [main] INFO  i.g.d.p.d.DirectoryPreference - Created directory [C:\Users\farrington\SDRTrunk\configuration]  [10MB/256MB 4%]
20231106 191711.833 [main] INFO  i.g.d.s.t.manager.TunerManager - Discovering tuners ...  [10MB/256MB 4%]
20231106 191712.120 [main] INFO  i.g.d.s.t.manager.TunerManager - LibUsb API Version: 1.0.262  [12MB/256MB 4%]
20231106 191712.121 [main] INFO  i.g.d.s.t.manager.TunerManager - LibUsb Version: 1.0.22.11312  [12MB/256MB 4%]
20231106 191712.163 [main] INFO  i.g.d.s.t.manager.TunerManager - LibUsb - discovered [6] potential usb devices  [12MB/256MB 4%]
20231106 191712.168 [main] INFO  i.g.d.s.t.manager.TunerManager - Discovered tuner at USB Bus [1] Port [5] Tuner Class [RTL-2832]  [12MB/256MB 4%]
20231106 191712.170 [main] INFO  i.g.d.s.t.manager.TunerManager - Tuner: USB Tuner - RTL-2832 USB Bus:1 Port:5 - Added / Starting ...  [12MB/256MB 4%]
20231106 191713.342 [main] INFO  i.g.d.d.f.c.ComplexPolyphaseChannelizerM2 - Sample Rate [2400000.0] providing [96] channels at [25000.0] Hz each  [15MB/256MB 5%]
20231106 191713.345 [main] INFO  i.g.d.s.t.manager.TunerManager - Tuner: USB Tuner - RTL-2832 USB Bus:1 Port:5 - Applying Tuner Configuration  [15MB/256MB 6%]
20231106 191713.569 [main] INFO  i.g.d.s.t.manager.TunerManager - LibUsb Hotplug event notification Is Not Supported on this platform.  [15MB/256MB 6%]
20231106 191713.572 [main] INFO  i.g.d.settings.SettingsManager - SettingsManager - settings does not exist [C:\Users\farrington\SDRTrunk\settings\settings.xml]  [15MB/256MB 6%]
20231106 191714.374 [main] WARN  i.g.d.vector.VectorUtilities - CPU supports maximum SIMD instructions of Species[float, 8, S_256_BIT]  [21MB/34MB 63%]
20231106 191715.008 [main] INFO  i.g.d.playlist.PlaylistManager - PlaylistManager - playlist not found at [C:\Users\farrington\SDRTrunk\playlist\default.xml] - creating new (empty) playlist  [15MB/34MB 45%]
20231106 191715.009 [main] INFO  i.github.dsheirer.gui.SDRTrunk - starting main application gui  [15MB/34MB 45%]
20231106 191728.185 [sdrtrunk cached thread 1] INFO  i.g.d.v.calibrate.Calibration - COMPLEX OSCILLATOR WARMUP - SCALAR:100228.4  [181MB/396MB 45%]
20231106 191733.185 [sdrtrunk cached thread 1] INFO  i.g.d.v.calibrate.Calibration - COMPLEX OSCILLATOR WARMUP - VECTOR:86445.0  [45MB/572MB 7%]
20231106 191738.185 [sdrtrunk cached thread 1] INFO  i.g.d.v.calibrate.Calibration - COMPLEX OSCILLATOR - SCALAR:104310.2  [266MB/572MB 46%]
20231106 191743.185 [sdrtrunk cached thread 1] INFO  i.g.d.v.calibrate.Calibration - COMPLEX OSCILLATOR - VECTOR:89656.2  [262MB/572MB 45%]
20231106 191743.185 [sdrtrunk cached thread 1] INFO  i.g.d.v.calibrate.Calibration - COMPLEX OSCILLATOR - SETTING OPTIMAL OPERATION TO:SCALAR  [262MB/572MB 45%]
20231106 191748.187 [sdrtrunk cached thread 1] INFO  i.g.d.v.calibrate.Calibration - COMPLEX GAIN WARMUP - SCALAR:49381.8  [349MB/572MB 61%]
20231106 191753.188 [sdrtrunk cached thread 1] INFO  i.g.d.v.calibrate.Calibration - COMPLEX GAIN WARMUP - VECTOR:46979.4  [141MB/572MB 24%]
20231106 191758.188 [sdrtrunk cached thread 1] INFO  i.g.d.v.calibrate.Calibration - COMPLEX GAIN - SCALAR:49419.8  [220MB/572MB 38%]
20231106 191803.188 [sdrtrunk cached thread 1] INFO  i.g.d.v.calibrate.Calibration - COMPLEX GAIN - VECTOR:49886.8  [299MB/572MB 52%]
20231106 191803.188 [sdrtrunk cached thread 1] INFO  i.g.d.v.calibrate.Calibration - COMPLEX GAIN - SET IMPLEMENTATION TO:VECTOR_SIMD_PREFERRED  [299MB/572MB 52%]
20231106 191808.189 [sdrtrunk cached thread 1] INFO  i.g.d.v.calibrate.Calibration - AIRSPY CONVERTER WARMUP - SCALAR: 1323.4  [163MB/572MB 28%]
20231106 191813.196 [sdrtrunk cached thread 1] INFO  i.g.d.v.calibrate.Calibration - AIRSPY CONVERTER WARMUP - VECTOR: 1102.4  [63MB/572MB 11%]
20231106 191818.196 [sdrtrunk cached thread 1] INFO  i.g.d.v.calibrate.Calibration - AIRSPY CONVERTER - SCALAR: 1326.6  [264MB/572MB 46%]
20231106 191823.196 [sdrtrunk cached thread 1] INFO  i.g.d.v.calibrate.Calibration - AIRSPY CONVERTER - VECTOR: 1095.2  [145MB/572MB 25%]
20231106 191823.196 [sdrtrunk cached thread 1] INFO  i.g.d.v.calibrate.Calibration - AIRSPY CONVERTER - SETTING OPTIMAL IMPLEMENTATION TO: SCALAR  [145MB/572MB 25%]
20231106 191823.200 [sdrtrunk cached thread 1] INFO  i.g.d.v.calibrate.Calibration - AIRSPY UNPACKED INTERLEAVED - VECTOR SIMD LANES PREFERRED: 8  [145MB/572MB 25%]
20231106 191828.201 [sdrtrunk cached thread 1] INFO  i.g.d.v.calibrate.Calibration - AIRSPY UNPACKED INTERLEAVED WARMUP - SCALAR: 29712.8  [289MB/572MB 50%]
20231106 191833.201 [sdrtrunk cached thread 1] INFO  i.g.d.v.calibrate.Calibration - AIRSPY UNPACKED INTERLEAVED WARMUP - VECTOR 256: 53703.0  [150MB/572MB 26%]
20231106 191838.201 [sdrtrunk cached thread 1] INFO  i.g.d.v.calibrate.Calibration - AIRSPY UNPACKED INTERLEAVED WARMUP - VECTOR 128: 27456.6  [298MB/572MB 52%]
20231106 191843.201 [sdrtrunk cached thread 1] INFO  i.g.d.v.calibrate.Calibration - AIRSPY UNPACKED INTERLEAVED WARMUP - VECTOR 64: 17087.0  [102MB/572MB 17%]
20231106 191848.201 [sdrtrunk cached thread 1] INFO  i.g.d.v.calibrate.Calibration - AIRSPY UNPACKED INTERLEAVED - SCALAR: 30193.2  [281MB/572MB 49%]
20231106 191853.201 [sdrtrunk cached thread 1] INFO  i.g.d.v.calibrate.Calibration - AIRSPY UNPACKED INTERLEAVED - VECTOR 256: 53527.4  [149MB/572MB 26%]
20231106 191858.201 [sdrtrunk cached thread 1] INFO  i.g.d.v.calibrate.Calibration - AIRSPY UNPACKED INTERLEAVED - VECTOR 128: 25473.0  [581MB/1GB 49%]
20231106 191903.201 [sdrtrunk cached thread 1] INFO  i.g.d.v.calibrate.Calibration - AIRSPY UNPACKED INTERLEAVED - VECTOR 64: 17595.6  [666MB/1GB 57%]
20231106 191903.201 [sdrtrunk cached thread 1] INFO  i.g.d.v.calibrate.Calibration - AIRSPY UNPACKED INTERLEAVED - SET OPTIMAL IMPLEMENTATION TO: VECTOR_SIMD_256  [666MB/1GB 57%]
20231106 191903.203 [sdrtrunk cached thread 1] INFO  i.g.d.v.calibrate.Calibration - AIRSPY UNPACKED - VECTOR SIMD LANES PREFERRED: 8  [666MB/1GB 57%]
20231106 191908.203 [sdrtrunk cached thread 1] INFO  i.g.d.v.calibrate.Calibration - AIRSPY UNPACKED WARMUP - SCALAR: 27534.0  [207MB/1GB 17%]
20231106 191913.203 [sdrtrunk cached thread 1] INFO  i.g.d.v.calibrate.Calibration - AIRSPY UNPACKED WARMUP - VECTOR 256: 41393.0  [564MB/1GB 48%]
20231106 191918.203 [sdrtrunk cached thread 1] INFO  i.g.d.v.calibrate.Calibration - AIRSPY UNPACKED WARMUP - VECTOR 128: 29752.2  [381MB/1GB 32%]
20231106 191923.203 [sdrtrunk cached thread 1] INFO  i.g.d.v.calibrate.Calibration - AIRSPY UNPACKED WARMUP - VECTOR 64: 16714.8  [371MB/1GB 31%]
20231106 191928.203 [sdrtrunk cached thread 1] INFO  i.g.d.v.calibrate.Calibration - AIRSPY UNPACKED - SCALAR: 28005.4  [641MB/1GB 54%]
20231106 191933.203 [sdrtrunk cached thread 1] INFO  i.g.d.v.calibrate.Calibration - AIRSPY UNPACKED - VECTOR 256: 42591.6  [474MB/1GB 40%]
20231106 191938.203 [sdrtrunk cached thread 1] INFO  i.g.d.v.calibrate.Calibration - AIRSPY UNPACKED - VECTOR 128: 30621.6  [533MB/1GB 45%]
20231106 191943.203 [sdrtrunk cached thread 1] INFO  i.g.d.v.calibrate.Calibration - AIRSPY UNPACKED - VECTOR 64: 17819.6  [686MB/1GB 58%]
20231106 191943.203 [sdrtrunk cached thread 1] INFO  i.g.d.v.calibrate.Calibration - AIRSPY UNPACKED - SET OPTIMAL IMPLEMENTATION TO: VECTOR_SIMD_256  [686MB/1GB 58%]
20231106 191948.204 [sdrtrunk cached thread 1] INFO  i.g.d.v.calibrate.Calibration - REAL DC REMOVAL WARMUP - SCALAR:108721.8  [77MB/1GB 6%]
20231106 191953.204 [sdrtrunk cached thread 1] INFO  i.g.d.v.calibrate.Calibration - REAL DC REMOVAL WARMUP - VECTOR:63248.4  [515MB/1GB 44%]
20231106 191958.204 [sdrtrunk cached thread 1] INFO  i.g.d.v.calibrate.Calibration - REAL DC REMOVAL - SCALAR:108287.8  [603MB/1GB 51%]
20231106 192003.204 [sdrtrunk cached thread 1] INFO  i.g.d.v.calibrate.Calibration - REAL DC REMOVAL - VECTOR:67016.0  [95MB/1GB 8%]
20231106 192003.204 [sdrtrunk cached thread 1] INFO  i.g.d.v.calibrate.Calibration - REAL DC REMOVAL - SET OPTIMAL IMPLEMENTATION TO: SCALAR  [95MB/1GB 8%]
20231106 192008.204 [sdrtrunk cached thread 1] INFO  i.g.d.v.calibrate.Calibration - FIR FILTER WARMUP - SCALAR: 21900.2  [344MB/1GB 29%]
20231106 192013.204 [sdrtrunk cached thread 1] INFO  i.g.d.v.calibrate.Calibration - FIR FILTER WARMUP - VECTOR PREFERRED: 100530.8  [260MB/1GB 22%]
20231106 192018.204 [sdrtrunk cached thread 1] INFO  i.g.d.v.calibrate.Calibration - FIR FILTER WARMUP - VECTOR 256: 98237.0  [84MB/1GB 7%]
20231106 192023.204 [sdrtrunk cached thread 1] INFO  i.g.d.v.calibrate.Calibration - FIR FILTER WARMUP - VECTOR 128: 91869.6  [352MB/1GB 30%]
20231106 192028.204 [sdrtrunk cached thread 1] INFO  i.g.d.v.calibrate.Calibration - FIR FILTER WARMUP - VECTOR 64: 51194.0  [400MB/1GB 34%]
20231106 192033.204 [sdrtrunk cached thread 1] INFO  i.g.d.v.calibrate.Calibration - FIR FILTER - SCALAR: 18257.4  [505MB/1GB 43%]
20231106 192038.204 [sdrtrunk cached thread 1] INFO  i.g.d.v.calibrate.Calibration - FIR FILTER - VECTOR PREFERRED: 101737.2  [418MB/1GB 35%]
20231106 192043.204 [sdrtrunk cached thread 1] INFO  i.g.d.v.calibrate.Calibration - FIR FILTER - VECTOR 256: 98928.6  [225MB/1GB 19%]
20231106 192048.204 [sdrtrunk cached thread 1] INFO  i.g.d.v.calibrate.Calibration - FIR FILTER - VECTOR 128: 93527.6  [514MB/1GB 44%]
20231106 192053.204 [sdrtrunk cached thread 1] INFO  i.g.d.v.calibrate.Calibration - FIR FILTER - VECTOR 64: 52304.8  [570MB/1GB 48%]
20231106 192053.204 [sdrtrunk cached thread 1] INFO  i.g.d.v.calibrate.Calibration - FIR FILTER - SET OPTIMAL IMPLEMENTATION TO: VECTOR_SIMD_PREFERRED  [570MB/1GB 48%]
20231106 192058.204 [sdrtrunk cached thread 1] INFO  i.g.d.v.calibrate.Calibration - REAL HALF-BAND 11-TAP DECIMATE WARMUP - SCALAR: 158913.0  [304MB/1GB 26%]
20231106 192059.849 [sdrtrunk cached thread 2] WARN  i.g.d.d.m.ComplexMixerFactory - Unrecognized complex mixer implementation: UNCALIBRATED  [421MB/1GB 36%]
20231106 192059.979 [sdrtrunk cached thread 2] WARN  i.g.d.a.c.mbe.JmbeAudioModule - JMBE audio library path is NOT SET in your User Preferences.  [594MB/1GB 50%]
20231106 192059.980 [sdrtrunk cached thread 2] WARN  i.g.d.a.c.mbe.ImbeAudioModule - JMBE audio conversion library, IMBE CODEC not loaded - P25-1 audio will NOT be available  [595MB/1GB 51%]
20231106 192100.003 [sdrtrunk cached thread 2] INFO  i.g.d.d.f.c.ComplexPolyphaseChannelizerM2 - Sample Rate [2400000.0] providing [96] channels at [25000.0] Hz each  [626MB/1GB 53%]
20231106 192100.806 [sdrtrunk polyphase channel thread 1] WARN  i.g.d.d.m.ComplexMixerFactory - Unrecognized complex mixer implementation: UNCALIBRATED  [658MB/1GB 56%]
20231106 192103.204 [sdrtrunk cached thread 1] INFO  i.g.d.v.calibrate.Calibration - REAL HALF-BAND 11-TAP DECIMATE WARMUP - VECTOR 256: 330177.4  [157MB/1GB 13%]
20231106 192108.204 [sdrtrunk cached thread 1] INFO  i.g.d.v.calibrate.Calibration - REAL HALF-BAND 11-TAP DECIMATE WARMUP - VECTOR 128: 482806.6  [424MB/1GB 36%]
20231106 192113.204 [sdrtrunk cached thread 1] INFO  i.g.d.v.calibrate.Calibration - REAL HALF-BAND 11-TAP DECIMATE WARMUP - VECTOR 64: 402898.2  [536MB/1GB 46%]
20231106 192118.204 [sdrtrunk cached thread 1] INFO  i.g.d.v.calibrate.Calibration - REAL HALF-BAND 11-TAP DECIMATE - SCALAR: 152940.2  [479MB/1GB 41%]
20231106 192118.354 [sdrtrunk polyphase channel thread 1] WARN  i.g.d.d.m.ComplexMixerFactory - Unrecognized complex mixer implementation: UNCALIBRATED  [750MB/1GB 64%]
20231106 192120.653 [sdrtrunk polyphase channel thread 1] WARN  i.g.d.d.m.ComplexMixerFactory - Unrecognized complex mixer implementation: UNCALIBRATED  [744MB/1GB 63%]
20231106 192123.205 [sdrtrunk cached thread 1] INFO  i.g.d.v.calibrate.Calibration - REAL HALF-BAND 11-TAP DECIMATE - VECTOR 256: 332585.2  [511MB/1GB 43%]
20231106 192128.205 [sdrtrunk cached thread 1] INFO  i.g.d.v.calibrate.Calibration - REAL HALF-BAND 11-TAP DECIMATE - VECTOR 128: 467049.4  [413MB/1GB 35%]
20231106 192133.205 [sdrtrunk cached thread 1] INFO  i.g.d.v.calibrate.Calibration - REAL HALF-BAND 11-TAP DECIMATE - VECTOR 64: 413168.0  [495MB/1GB 42%]
20231106 192133.205 [sdrtrunk cached thread 1] INFO  i.g.d.v.calibrate.Calibration - REAL HALF-BAND 11-TAP DECIMATE - SET OPTIMAL IMPLEMENTATION TO: VECTOR_SIMD_128  [495MB/1GB 42%]
20231106 192135.428 [sdrtrunk cached thread 2] INFO  i.g.d.g.p.d.JmbeLibraryPreferenceEditor - Checking for JMBE Library Updates ...  [127MB/388MB 32%]
20231106 192135.428 [sdrtrunk cached thread 2] INFO  i.g.d.g.p.d.JmbeLibraryPreferenceEditor - Current: empty  [127MB/388MB 32%]
20231106 192135.428 [sdrtrunk cached thread 2] INFO  i.g.d.g.p.d.JmbeLibraryPreferenceEditor - Available: 1.0.9  [127MB/388MB 32%]
20231106 192135.429 [sdrtrunk cached thread 2] INFO  i.g.d.g.p.d.JmbeLibraryPreferenceEditor - JMBE Library update is available  [127MB/388MB 32%]
20231106 192137.657 [JavaFX Application Thread] INFO  i.g.d.g.p.d.JmbeLibraryPreferenceEditor - Posting JMBE editor request to event bus  [241MB/388MB 62%]
20231106 192138.205 [sdrtrunk cached thread 1] INFO  i.g.d.v.calibrate.Calibration - REAL HALF-BAND 15-TAP DECIMATE WARMUP - SCALAR: 139422.4  [90MB/388MB 23%]
20231106 192143.205 [sdrtrunk cached thread 1] INFO  i.g.d.v.calibrate.Calibration - REAL HALF-BAND 15-TAP DECIMATE WARMUP - VECTOR 256: 328429.4  [290MB/388MB 74%]
20231106 192148.205 [sdrtrunk cached thread 1] INFO  i.g.d.v.calibrate.Calibration - REAL HALF-BAND 15-TAP DECIMATE WARMUP - VECTOR 128: 416150.2  [226MB/388MB 58%]
20231106 192153.205 [sdrtrunk cached thread 1] INFO  i.g.d.v.calibrate.Calibration - REAL HALF-BAND 15-TAP DECIMATE WARMUP - VECTOR 64: 299217.8  [179MB/388MB 46%]
20231106 192158.205 [sdrtrunk cached thread 1] INFO  i.g.d.v.calibrate.Calibration - REAL HALF-BAND 15-TAP DECIMATE - SCALAR: 137777.4  [219MB/388MB 56%]
20231106 192203.205 [sdrtrunk cached thread 1] INFO  i.g.d.v.calibrate.Calibration - REAL HALF-BAND 15-TAP DECIMATE - VECTOR 256: 328974.2  [153MB/388MB 39%]
20231106 192208.205 [sdrtrunk cached thread 1] INFO  i.g.d.v.calibrate.Calibration - REAL HALF-BAND 15-TAP DECIMATE - VECTOR 128: 410458.0  [295MB/388MB 76%]
20231106 192213.205 [sdrtrunk cached thread 1] INFO  i.g.d.v.calibrate.Calibration - REAL HALF-BAND 15-TAP DECIMATE - VECTOR 64: 310655.4  [76MB/388MB 19%]
20231106 192213.205 [sdrtrunk cached thread 1] INFO  i.g.d.v.calibrate.Calibration - REAL HALF-BAND 15-TAP DECIMATE - SET OPTIMAL IMPLEMENTATION TO: VECTOR_SIMD_128  [76MB/388MB 19%]
20231106 192218.205 [sdrtrunk cached thread 1] INFO  i.g.d.v.calibrate.Calibration - REAL HALF-BAND 23-TAP DECIMATE WARMUP - SCALAR: 115478.4  [154MB/388MB 39%]
20231106 192222.737 [sdrtrunk cached thread 2] WARN  i.g.d.d.m.ComplexMixerFactory - Unrecognized complex mixer implementation: UNCALIBRATED  [77MB/388MB 19%]
20231106 192223.205 [sdrtrunk cached thread 1] INFO  i.g.d.v.calibrate.Calibration - REAL HALF-BAND 23-TAP DECIMATE WARMUP - VECTOR 256: 282289.2  [115MB/388MB 29%]
20231106 192228.205 [sdrtrunk cached thread 1] INFO  i.g.d.v.calibrate.Calibration - REAL HALF-BAND 23-TAP DECIMATE WARMUP - VECTOR 128: 310561.8  [181MB/388MB 46%]
20231106 192233.205 [sdrtrunk cached thread 1] INFO  i.g.d.v.calibrate.Calibration - REAL HALF-BAND 23-TAP DECIMATE WARMUP - VECTOR 64: 149780.6  [169MB/388MB 43%]
20231106 192238.205 [sdrtrunk cached thread 1] INFO  i.g.d.v.calibrate.Calibration - REAL HALF-BAND 23-TAP DECIMATE - SCALAR: 112222.4  [82MB/388MB 21%]
20231106 192243.205 [sdrtrunk cached thread 1] INFO  i.g.d.v.calibrate.Calibration - REAL HALF-BAND 23-TAP DECIMATE - VECTOR 256: 280003.2  [123MB/388MB 31%]
20231106 192244.389 [sdrtrunk polyphase channel thread 1] WARN  i.g.d.d.m.ComplexMixerFactory - Unrecognized complex mixer implementation: UNCALIBRATED  [134MB/388MB 34%]
20231106 192248.205 [sdrtrunk cached thread 1] INFO  i.g.d.v.calibrate.Calibration - REAL HALF-BAND 23-TAP DECIMATE - VECTOR 128: 313820.8  [167MB/388MB 43%]
20231106 192248.989 [sdrtrunk polyphase channel thread 1] WARN  i.g.d.d.m.ComplexMixerFactory - Unrecognized complex mixer implementation: UNCALIBRATED  [138MB/388MB 35%]
20231106 192253.205 [sdrtrunk cached thread 1] INFO  i.g.d.v.calibrate.Calibration - REAL HALF-BAND 23-TAP DECIMATE - VECTOR 64: 156382.0  [81MB/388MB 20%]
20231106 192253.205 [sdrtrunk cached thread 1] INFO  i.g.d.v.calibrate.Calibration - REAL HALF-BAND 23-TAP DECIMATE - SET OPTIMAL IMPLEMENTATION TO: VECTOR_SIMD_128  [81MB/388MB 20%]
20231106 192258.205 [sdrtrunk cached thread 1] INFO  i.g.d.v.calibrate.Calibration - REAL HALF-BAND 63-TAP DECIMATE WARMUP - SCALAR: 62209.0  [172MB/388MB 44%]
20231106 192301.289 [sdrtrunk polyphase channel thread 1] WARN  i.g.d.d.m.ComplexMixerFactory - Unrecognized complex mixer implementation: UNCALIBRATED  [131MB/388MB 33%]
20231106 192301.314 [sdrtrunk polyphase ifft processor thread 1] WARN  i.g.d.d.m.ComplexMixerFactory - Unrecognized complex mixer implementation: UNCALIBRATED  [162MB/388MB 41%]
20231106 192302.186 [sdrtrunk scheduled thread 2] INFO  i.g.d.s.t.m.FrequencyErrorCorrectionManager - Auto-Correcting Tuner PPM to [-1.3]  [247MB/388MB 63%]
20231106 192303.205 [sdrtrunk cached thread 1] INFO  i.g.d.v.calibrate.Calibration - REAL HALF-BAND 63-TAP DECIMATE WARMUP - VECTOR 256: 164163.8  [276MB/388MB 71%]
20231106 192303.864 [sdrtrunk polyphase channel thread 1] WARN  i.g.d.d.m.ComplexMixerFactory - Unrecognized complex mixer implementation: UNCALIBRATED  [227MB/388MB 58%]
20231106 192303.889 [sdrtrunk polyphase ifft processor thread 1] WARN  i.g.d.d.m.ComplexMixerFactory - Unrecognized complex mixer implementation: UNCALIBRATED  [249MB/388MB 64%]
20231106 192308.097 [sdrtrunk polyphase channel thread 1] WARN  i.g.d.d.m.ComplexMixerFactory - Unrecognized complex mixer implementation: UNCALIBRATED  [209MB/388MB 54%]
20231106 192308.113 [sdrtrunk polyphase ifft processor thread 1] WARN  i.g.d.d.m.ComplexMixerFactory - Unrecognized complex mixer implementation: UNCALIBRATED  [230MB/388MB 59%]
20231106 192308.205 [sdrtrunk cached thread 1] INFO  i.g.d.v.calibrate.Calibration - REAL HALF-BAND 63-TAP DECIMATE WARMUP - VECTOR 128: 103035.2  [309MB/388MB 79%]
20231106 192313.205 [sdrtrunk cached thread 1] INFO  i.g.d.v.calibrate.Calibration - REAL HALF-BAND 63-TAP DECIMATE WARMUP - VECTOR 64: 46669.0  [154MB/388MB 39%]
20231106 192314.112 [sdrtrunk polyphase channel thread 1] WARN  i.g.d.d.m.ComplexMixerFactory - Unrecognized complex mixer implementation: UNCALIBRATED  [151MB/388MB 39%]
20231106 192314.139 [sdrtrunk polyphase ifft processor thread 1] WARN  i.g.d.d.m.ComplexMixerFactory - Unrecognized complex mixer implementation: UNCALIBRATED  [173MB/388MB 44%]
20231106 192317.441 [sdrtrunk polyphase channel thread 1] WARN  i.g.d.d.m.ComplexMixerFactory - Unrecognized complex mixer implementation: UNCALIBRATED  [133MB/388MB 34%]
20231106 192318.205 [sdrtrunk cached thread 1] INFO  i.g.d.v.calibrate.Calibration - REAL HALF-BAND 63-TAP DECIMATE - SCALAR: 61142.6  [243MB/388MB 62%]
20231106 192323.205 [sdrtrunk cached thread 1] INFO  i.g.d.v.calibrate.Calibration - REAL HALF-BAND 63-TAP DECIMATE - VECTOR 256: 165534.4  [93MB/388MB 24%]
20231106 192325.641 [sdrtrunk polyphase channel thread 1] WARN  i.g.d.d.m.ComplexMixerFactory - Unrecognized complex mixer implementation: UNCALIBRATED  [251MB/388MB 64%]
20231106 192325.664 [sdrtrunk polyphase ifft processor thread 1] WARN  i.g.d.d.m.ComplexMixerFactory - Unrecognized complex mixer implementation: UNCALIBRATED  [275MB/388MB 70%]
20231106 192328.205 [sdrtrunk cached thread 1] INFO  i.g.d.v.calibrate.Calibration - REAL HALF-BAND 63-TAP DECIMATE - VECTOR 128: 103801.8  [310MB/388MB 79%]
20231106 192330.366 [sdrtrunk polyphase channel thread 1] WARN  i.g.d.d.m.ComplexMixerFactory - Unrecognized complex mixer implementation: UNCALIBRATED  [199MB/388MB 51%]
20231106 192333.205 [sdrtrunk cached thread 1] INFO  i.g.d.v.calibrate.Calibration - REAL HALF-BAND 63-TAP DECIMATE - VECTOR 64: 47042.6  [88MB/388MB 22%]
20231106 192333.205 [sdrtrunk cached thread 1] INFO  i.g.d.v.calibrate.Calibration - REAL HALF-BAND 63-TAP DECIMATE - SET OPTIMAL IMPLEMENTATION TO: VECTOR_SIMD_256  [88MB/388MB 22%]
20231106 192334.614 [sdrtrunk polyphase channel thread 1] WARN  i.g.d.d.m.ComplexMixerFactory - Unrecognized complex mixer implementation: UNCALIBRATED  [235MB/388MB 60%]
20231106 192334.639 [sdrtrunk polyphase ifft processor thread 1] WARN  i.g.d.d.m.ComplexMixerFactory - Unrecognized complex mixer implementation: UNCALIBRATED  [257MB/388MB 66%]
20231106 192336.892 [sdrtrunk polyphase channel thread 1] WARN  i.g.d.d.m.ComplexMixerFactory - Unrecognized complex mixer implementation: UNCALIBRATED  [112MB/388MB 29%]
20231106 192338.205 [sdrtrunk cached thread 1] INFO  i.g.d.v.calibrate.Calibration - REAL HALF-BAND DEFAULT DECIMATE WARMUP - SCALAR: 62239.4  [175MB/388MB 45%]
20231106 192343.205 [sdrtrunk cached thread 1] INFO  i.g.d.v.calibrate.Calibration - REAL HALF-BAND DEFAULT DECIMATE WARMUP - VECTOR PREFERRED: 124958.8  [206MB/388MB 53%]
20231106 192347.192 [sdrtrunk polyphase channel thread 1] WARN  i.g.d.d.m.ComplexMixerFactory - Unrecognized complex mixer implementation: UNCALIBRATED  [141MB/388MB 36%]
20231106 192348.205 [sdrtrunk cached thread 1] INFO  i.g.d.v.calibrate.Calibration - REAL HALF-BAND DEFAULT DECIMATE WARMUP - VECTOR 256: 125214.6  [243MB/388MB 62%]
20231106 192353.205 [sdrtrunk cached thread 1] INFO  i.g.d.v.calibrate.Calibration - REAL HALF-BAND DEFAULT DECIMATE WARMUP - VECTOR 128: 86735.0  [257MB/388MB 66%]
20231106 192353.992 [sdrtrunk polyphase channel thread 1] WARN  i.g.d.d.m.ComplexMixerFactory - Unrecognized complex mixer implementation: UNCALIBRATED  [240MB/388MB 61%]
20231106 192358.205 [sdrtrunk cached thread 1] INFO  i.g.d.v.calibrate.Calibration - REAL HALF-BAND DEFAULT DECIMATE WARMUP - VECTOR 64: 40609.0  [310MB/388MB 79%]
20231106 192403.205 [sdrtrunk cached thread 1] INFO  i.g.d.v.calibrate.Calibration - REAL HALF-BAND DEFAULT DECIMATE - SCALAR: 60954.0  [213MB/388MB 54%]
20231106 192408.205 [sdrtrunk cached thread 1] INFO  i.g.d.v.calibrate.Calibration - REAL HALF-BAND DEFAULT DECIMATE - VECTOR PREFERRED: 125974.4  [166MB/388MB 42%]
20231106 192413.205 [sdrtrunk cached thread 1] INFO  i.g.d.v.calibrate.Calibration - REAL HALF-BAND DEFAULT DECIMATE - VECTOR 256: 126200.6  [134MB/388MB 34%]
20231106 192414.841 [sdrtrunk polyphase channel thread 1] WARN  i.g.d.d.m.ComplexMixerFactory - Unrecognized complex mixer implementation: UNCALIBRATED  [155MB/388MB 40%]
20231106 192418.205 [sdrtrunk cached thread 1] INFO  i.g.d.v.calibrate.Calibration - REAL HALF-BAND DEFAULT DECIMATE - VECTOR 128: 88826.4  [280MB/388MB 72%]
20231106 192423.206 [sdrtrunk cached thread 1] INFO  i.g.d.v.calibrate.Calibration - REAL HALF-BAND DEFAULT DECIMATE - VECTOR 64: 43995.0  [210MB/388MB 54%]
20231106 192423.206 [sdrtrunk cached thread 1] INFO  i.g.d.v.calibrate.Calibration - REAL HALF-BAND DEFAULT DECIMATE - SET OPTIMAL IMPLEMENTATION TO: VECTOR_SIMD_256  [210MB/388MB 54%]
20231106 192428.206 [sdrtrunk cached thread 1] INFO  i.g.d.v.calibrate.Calibration - FM DEMODULATOR WARMUP - SCALAR: 12977.8  [252MB/388MB 65%]
20231106 192433.206 [sdrtrunk cached thread 1] INFO  i.g.d.v.calibrate.Calibration - FM DEMODULATOR WARMUP - VECTOR: 164810.4  [258MB/388MB 66%]
20231106 192438.206 [sdrtrunk cached thread 1] INFO  i.g.d.v.calibrate.Calibration - FM DEMODULATOR - SCALAR: 13194.6  [312MB/388MB 80%]
20231106 192443.206 [sdrtrunk cached thread 1] INFO  i.g.d.v.calibrate.Calibration - FM DEMODULATOR - VECTOR: 172033.4  [249MB/388MB 64%]
20231106 192443.206 [sdrtrunk cached thread 1] INFO  i.g.d.v.calibrate.Calibration - FM DEMODULATOR - SET OPTIMAL IMPLEMENTATION TO:VECTOR_SIMD_PREFERRED  [249MB/388MB 64%]
20231106 192446.440 [sdrtrunk polyphase channel thread 1] WARN  i.g.d.d.m.ComplexMixerFactory - Unrecognized complex mixer implementation: UNCALIBRATED  [160MB/466MB 34%]
20231106 192448.206 [sdrtrunk cached thread 1] INFO  i.g.d.v.calibrate.Calibration - COMPLEX GAIN CONTROL WARMUP - SCALAR:188310.8  [341MB/466MB 73%]
20231106 192449.740 [sdrtrunk polyphase channel thread 1] WARN  i.g.d.d.m.ComplexMixerFactory - Unrecognized complex mixer implementation: UNCALIBRATED  [355MB/560MB 63%]
20231106 192453.206 [sdrtrunk cached thread 1] INFO  i.g.d.v.calibrate.Calibration - COMPLEX GAIN CONTROL WARMUP - VECTOR:103060.4  [398MB/560MB 71%]
20231106 192458.206 [sdrtrunk cached thread 1] INFO  i.g.d.v.calibrate.Calibration - COMPLEX GAIN CONTROL - SCALAR:187418.6  [416MB/560MB 74%]
20231106 192503.206 [sdrtrunk cached thread 1] INFO  i.g.d.v.calibrate.Calibration - COMPLEX GAIN CONTROL - VECTOR:104629.4  [318MB/560MB 56%]
20231106 192503.206 [sdrtrunk cached thread 1] INFO  i.g.d.v.calibrate.Calibration - COMPLEX GAIN CONTROL - SET IMPLEMENTATION TO:SCALAR  [318MB/560MB 56%]
20231106 192508.207 [sdrtrunk cached thread 1] INFO  i.g.d.v.calibrate.Calibration - COMPLEX MIXER WARMUP - SCALAR:105891.4  [222MB/560MB 39%]
20231106 192513.207 [sdrtrunk cached thread 1] INFO  i.g.d.v.calibrate.Calibration - COMPLEX MIXER WARMUP - VECTOR:74954.4  [290MB/560MB 51%]
20231106 192518.207 [sdrtrunk cached thread 1] INFO  i.g.d.v.calibrate.Calibration - COMPLEX MIXER - SCALAR:106837.2  [299MB/560MB 53%]
20231106 192523.207 [sdrtrunk cached thread 1] INFO  i.g.d.v.calibrate.Calibration - COMPLEX MIXER - VECTOR:75680.4  [382MB/560MB 68%]
20231106 192523.207 [sdrtrunk cached thread 1] INFO  i.g.d.v.calibrate.Calibration - COMPLEX MIXER - IMPLEMENTATION SET TO:SCALAR  [382MB/560MB 68%]
20231106 192528.207 [sdrtrunk cached thread 1] INFO  i.g.d.v.calibrate.Calibration - REAL OSCILLATOR WARMUP - SCALAR:23042.4  [114MB/560MB 20%]
20231106 192533.207 [sdrtrunk cached thread 1] INFO  i.g.d.v.calibrate.Calibration - REAL OSCILLATOR WARMUP - VECTOR:150887.8  [267MB/560MB 47%]
20231106 192538.207 [sdrtrunk cached thread 1] INFO  i.g.d.v.calibrate.Calibration - REAL OSCILLATOR - SCALAR:23151.0  [314MB/560MB 56%]
20231106 192543.207 [sdrtrunk cached thread 1] INFO  i.g.d.v.calibrate.Calibration - REAL OSCILLATOR - VECTOR:147001.0  [308MB/560MB 55%]
20231106 192543.207 [sdrtrunk cached thread 1] INFO  i.g.d.v.calibrate.Calibration - REAL OSCILLATOR - SET OPTIMAL IMPLEMENTATION TO:VECTOR_SIMD_PREFERRED  [308MB/560MB 55%]
20231106 192548.208 [sdrtrunk cached thread 1] INFO  i.g.d.v.calibrate.Calibration - SQUELCHING FM DEMODULATOR WARMUP - SCALAR:12763.4  [311MB/560MB 55%]
20231106 192553.208 [sdrtrunk cached thread 1] INFO  i.g.d.v.calibrate.Calibration - SQUELCHING FM DEMODULATOR WARMUP - VECTOR:23934.4  [240MB/560MB 42%]
20231106 192558.208 [sdrtrunk cached thread 1] INFO  i.g.d.v.calibrate.Calibration - SQUELCHING FM DEMODULATOR - SCALAR:12807.8  [235MB/560MB 42%]
20231106 192603.208 [sdrtrunk cached thread 1] INFO  i.g.d.v.calibrate.Calibration - SQUELCHING FM DEMODULATOR - VECTOR:24847.4  [337MB/560MB 60%]
20231106 192603.208 [sdrtrunk cached thread 1] INFO  i.g.d.v.calibrate.Calibration - SQUELCHING FM DEMODULATOR - SET OPTIMAL IMPLEMENTATION TO:VECTOR_SIMD_PREFERRED  [339MB/560MB 60%]
20231106 192608.209 [sdrtrunk cached thread 1] INFO  i.g.d.v.calibrate.Calibration - WINDOW WARMUP - SCALAR: 59598.8  [132MB/560MB 23%]
20231106 192613.209 [sdrtrunk cached thread 1] INFO  i.g.d.v.calibrate.Calibration - WINDOW WARMUP - VECTOR: 33013.8  [333MB/560MB 59%]
20231106 192618.209 [sdrtrunk cached thread 1] INFO  i.g.d.v.calibrate.Calibration - WINDOW - SCALAR: 59944.0  [151MB/560MB 27%]
20231106 192623.209 [sdrtrunk cached thread 1] INFO  i.g.d.v.calibrate.Calibration - WINDOW - VECTOR: 32825.8  [281MB/560MB 50%]
20231106 192623.209 [sdrtrunk cached thread 1] INFO  i.g.d.v.calibrate.Calibration - WINDOW - OPTIMAL IMPLEMENTATION SET TO: SCALAR  [281MB/560MB 50%]
20231106 193547.742 [sdrtrunk cached thread 5] INFO  i.g.d.s.t.manager.TunerManager - Unable to source channel [464775000] from preferred tuner [RTL-2832/R820T 00000001] - searching for another tuner  [379MB/560MB 67%]
20231106 193547.743 [sdrtrunk cached thread 5] ERROR i.g.d.g.p.c.ChannelConfigurationEditor - Error starting channel [Confirmed LCN] - No Tuner Available  [379MB/560MB 67%]
20231106 194143.261 [sdrtrunk cached thread 7] INFO  i.g.d.a.c.mbe.AmbeAudioModule - AMBE CODEC successfully loaded - P25-2/DMR/NXDN audio will be available  [369MB/560MB 65%]
20231106 194437.778 [JavaFX Application Thread] ERROR i.g.d.d.f.c.AbstractComplexPolyphaseChannelizer - Error removing polyphase channel source - channel source was not previously added to this channelizer  [190MB/560MB 34%]
20231106 194437.779 [JavaFX Application Thread] ERROR i.g.d.c.c.ChannelProcessingManager - Error during shutdown of processing chain for channel [Control}  [191MB/560MB 34%]
java.lang.NullPointerException: Cannot invoke "io.github.dsheirer.source.tuner.channel.TunerChannelSource.removeSourceEventListener()" because "this.mTunerChannelSource" is null
	at io.github.dsheirer.source.tuner.channel.MultiFrequencyTunerChannelSource.stop(MultiFrequencyTunerChannelSource.java:161)
	at io.github.dsheirer.module.ProcessingChain.stop(ProcessingChain.java:757)
	at io.github.dsheirer.controller.channel.ChannelProcessingManager.stopProcessing(ChannelProcessingManager.java:628)
	at io.github.dsheirer.controller.channel.ChannelProcessingManager.stop(ChannelProcessingManager.java:360)
	at io.github.dsheirer.gui.playlist.channel.ChannelConfigurationEditor.lambda$getSaveButton$11(ChannelConfigurationEditor.java:706)
	at javafx.base/com.sun.javafx.event.CompositeEventHandler.dispatchBubblingEvent(Unknown Source)
	at javafx.base/com.sun.javafx.event.EventHandlerManager.dispatchBubblingEvent(Unknown Source)
	at javafx.base/com.sun.javafx.event.EventHandlerManager.dispatchBubblingEvent(Unknown Source)
	at javafx.base/com.sun.javafx.event.CompositeEventDispatcher.dispatchBubblingEvent(Unknown Source)
	at javafx.base/com.sun.javafx.event.BasicEventDispatcher.dispatchEvent(Unknown Source)
	at javafx.base/com.sun.javafx.event.EventDispatchChainImpl.dispatchEvent(Unknown Source)
	at javafx.base/com.sun.javafx.event.BasicEventDispatcher.dispatchEvent(Unknown Source)
	at javafx.base/com.sun.javafx.event.EventDispatchChainImpl.dispatchEvent(Unknown Source)
	at javafx.base/com.sun.javafx.event.BasicEventDispatcher.dispatchEvent(Unknown Source)
	at javafx.base/com.sun.javafx.event.EventDispatchChainImpl.dispatchEvent(Unknown Source)
	at javafx.base/com.sun.javafx.event.BasicEventDispatcher.dispatchEvent(Unknown Source)
	at javafx.base/com.sun.javafx.event.EventDispatchChainImpl.dispatchEvent(Unknown Source)
	at javafx.base/com.sun.javafx.event.BasicEventDispatcher.dispatchEvent(Unknown Source)
	at javafx.base/com.sun.javafx.event.EventDispatchChainImpl.dispatchEvent(Unknown Source)
	at javafx.base/com.sun.javafx.event.EventUtil.fireEventImpl(Unknown Source)
	at javafx.base/com.sun.javafx.event.EventUtil.fireEvent(Unknown Source)
	at javafx.base/javafx.event.Event.fireEvent(Unknown Source)
	at javafx.graphics/javafx.scene.Node.fireEvent(Unknown Source)
	at javafx.controls/javafx.scene.control.Button.fire(Unknown Source)
	at javafx.controls/com.sun.javafx.scene.control.behavior.ButtonBehavior.mouseReleased(Unknown Source)
	at javafx.controls/com.sun.javafx.scene.control.inputmap.InputMap.handle(Unknown Source)
	at javafx.base/com.sun.javafx.event.CompositeEventHandler$NormalEventHandlerRecord.handleBubblingEvent(Unknown Source)
	at javafx.base/com.sun.javafx.event.CompositeEventHandler.dispatchBubblingEvent(Unknown Source)
	at javafx.base/com.sun.javafx.event.EventHandlerManager.dispatchBubblingEvent(Unknown Source)
	at javafx.base/com.sun.javafx.event.EventHandlerManager.dispatchBubblingEvent(Unknown Source)
	at javafx.base/com.sun.javafx.event.CompositeEventDispatcher.dispatchBubblingEvent(Unknown Source)
	at javafx.base/com.sun.javafx.event.BasicEventDispatcher.dispatchEvent(Unknown Source)
	at javafx.base/com.sun.javafx.event.EventDispatchChainImpl.dispatchEvent(Unknown Source)
	at javafx.base/com.sun.javafx.event.BasicEventDispatcher.dispatchEvent(Unknown Source)
	at javafx.base/com.sun.javafx.event.EventDispatchChainImpl.dispatchEvent(Unknown Source)
	at javafx.base/com.sun.javafx.event.BasicEventDispatcher.dispatchEvent(Unknown Source)
	at javafx.base/com.sun.javafx.event.EventDispatchChainImpl.dispatchEvent(Unknown Source)
	at javafx.base/com.sun.javafx.event.BasicEventDispatcher.dispatchEvent(Unknown Source)
	at javafx.base/com.sun.javafx.event.EventDispatchChainImpl.dispatchEvent(Unknown Source)
	at javafx.base/com.sun.javafx.event.BasicEventDispatcher.dispatchEvent(Unknown Source)
	at javafx.base/com.sun.javafx.event.EventDispatchChainImpl.dispatchEvent(Unknown Source)
	at javafx.base/com.sun.javafx.event.EventUtil.fireEventImpl(Unknown Source)
	at javafx.base/com.sun.javafx.event.EventUtil.fireEvent(Unknown Source)
	at javafx.base/javafx.event.Event.fireEvent(Unknown Source)
	at javafx.graphics/javafx.scene.Scene$MouseHandler.process(Unknown Source)
	at javafx.graphics/javafx.scene.Scene.processMouseEvent(Unknown Source)
	at javafx.graphics/javafx.scene.Scene$ScenePeerListener.mouseEvent(Unknown Source)
	at javafx.graphics/com.sun.javafx.tk.quantum.GlassViewEventHandler$MouseEventNotification.run(Unknown Source)
	at javafx.graphics/com.sun.javafx.tk.quantum.GlassViewEventHandler$MouseEventNotification.run(Unknown Source)
	at java.base/java.security.AccessController.doPrivileged(Unknown Source)
	at javafx.graphics/com.sun.javafx.tk.quantum.GlassViewEventHandler.lambda$handleMouseEvent$2(Unknown Source)
	at javafx.graphics/com.sun.javafx.tk.quantum.QuantumToolkit.runWithoutRenderLock(Unknown Source)
	at javafx.graphics/com.sun.javafx.tk.quantum.GlassViewEventHandler.handleMouseEvent(Unknown Source)
	at javafx.graphics/com.sun.glass.ui.View.handleMouseEvent(Unknown Source)
	at javafx.graphics/com.sun.glass.ui.View.notifyMouse(Unknown Source)
	at javafx.graphics/com.sun.glass.ui.win.WinApplication._runLoop(Native Method)
	at javafx.graphics/com.sun.glass.ui.win.WinApplication.lambda$runLoop$3(Unknown Source)
	at java.base/java.lang.Thread.run(Unknown Source)
20231106 195031.264 [sdrtrunk cached thread 9] INFO  i.g.d.s.t.manager.TunerManager - Unable to source channel [461525000] from preferred tuner [RTL-2832/R820T 00000001] - searching for another tuner  [313MB/560MB 56%]
20231106 195031.264 [sdrtrunk cached thread 9] ERROR i.g.d.g.p.c.ChannelConfigurationEditor - Error starting channel [Borgess] - No Tuner Available  [313MB/560MB 56%]
20231106 195041.503 [sdrtrunk cached thread 9] INFO  i.g.d.s.t.manager.TunerManager - Unable to source channel [856262500] from preferred tuner [RTL-2832/R820T 00000001] - searching for another tuner  [384MB/560MB 68%]
20231106 195041.503 [sdrtrunk cached thread 9] ERROR i.g.d.g.p.c.ChannelConfigurationEditor - Error starting channel [Control] - No Tuner Available  [384MB/560MB 68%]
20231106 195932.202 [AWT-EventQueue-0] INFO  i.github.dsheirer.gui.SDRTrunk - Application shutdown started ...  [307MB/560MB 54%]
20231106 195932.216 [AWT-EventQueue-0] INFO  i.github.dsheirer.gui.SDRTrunk - Stopping channels ...  [308MB/560MB 55%]
20231106 195932.216 [AWT-EventQueue-0] INFO  i.github.dsheirer.gui.SDRTrunk - Stopping spectral display ...  [308MB/560MB 55%]
20231106 195932.218 [AWT-EventQueue-0] INFO  i.github.dsheirer.gui.SDRTrunk - Stopping tuners ...  [308MB/560MB 55%]
20231106 195932.218 [AWT-EventQueue-0] INFO  i.g.d.s.t.u.DiscoveredTunerModel - Removing discovered tuner: RTL-2832 USB Bus:1 Port:5  [308MB/560MB 55%]
20231106 195932.218 [AWT-EventQueue-0] INFO  i.g.d.s.t.m.DiscoveredTuner - Stopping Tuner: RTL-2832 USB Bus:1 Port:5  [308MB/560MB 55%]
20231106 195932.222 [AWT-EventQueue-0] INFO  i.github.dsheirer.gui.SDRTrunk - Shutdown complete.  [308MB/560MB 55%]
20231106 195932.222 [AWT-EventQueue-0] INFO  i.g.d.log.ApplicationLog - Stopping application logging  [308MB/560MB 55%]
