20240427 091448.269 [main] INFO  i.g.d.log.ApplicationLog - SDRTrunk Version  : 0.5.3  [9MB/250MB 3%]
20240427 091448.269 [main] INFO  i.g.d.log.ApplicationLog - Gradle Version    : Gradle 7.6  [9MB/250MB 3%]
20240427 091448.269 [main] INFO  i.g.d.log.ApplicationLog - Build Timestamp   : 2023-04-12T03:48:32.618-0400  [9MB/250MB 3%]
20240427 091448.269 [main] INFO  i.g.d.log.ApplicationLog - Build-JDK         : 19.0.1 (BellSoft 19.0.1+11  [9MB/250MB 3%]
20240427 091448.270 [main] INFO  i.g.d.log.ApplicationLog - Build OS          : Linux (amd64 5.19.0-38-generic  [9MB/250MB 3%]
20240427 091448.270 [main] INFO  i.g.d.log.ApplicationLog -   [9MB/250MB 3%]
20240427 091448.270 [main] INFO  i.g.d.log.ApplicationLog - *******************************************************************  [9MB/250MB 3%]
20240427 091448.270 [main] INFO  i.g.d.log.ApplicationLog - **** sdrtrunk: a trunked radio and digital decoding application ***  [9MB/250MB 3%]
20240427 091448.270 [main] INFO  i.g.d.log.ApplicationLog - ****  website: https://github.com/dsheirer/sdrtrunk             ***  [9MB/250MB 3%]
20240427 091448.270 [main] INFO  i.g.d.log.ApplicationLog - *******************************************************************  [9MB/250MB 3%]
20240427 091448.270 [main] INFO  i.g.d.log.ApplicationLog - Memory Logging Format: [Used/Allocated PercentUsed%]  [9MB/250MB 3%]
20240427 091448.270 [main] INFO  i.g.d.log.ApplicationLog - Host OS Name:          Linux  [9MB/250MB 3%]
20240427 091448.271 [main] INFO  i.g.d.log.ApplicationLog - Host OS Arch:          amd64  [9MB/250MB 3%]
20240427 091448.271 [main] INFO  i.g.d.log.ApplicationLog - Host OS Version:       6.8.0-76060800daily20240311-generic  [9MB/250MB 3%]
20240427 091448.271 [main] INFO  i.g.d.log.ApplicationLog - Host CPU Cores:        6  [9MB/250MB 3%]
20240427 091448.271 [main] INFO  i.g.d.log.ApplicationLog - Host Max Java Memory:  3 GB  [9MB/250MB 3%]
20240427 091448.271 [main] INFO  i.g.d.log.ApplicationLog - Storage Directories:  [9MB/250MB 3%]
20240427 091448.271 [main] INFO  i.g.d.log.ApplicationLog -  Application Root: /home/tyler/SDRTrunk  [9MB/250MB 3%]
20240427 091448.271 [main] INFO  i.g.d.log.ApplicationLog -  Application Log:  /home/tyler/SDRTrunk/logs  [9MB/250MB 3%]
20240427 091448.272 [main] INFO  i.g.d.p.d.DirectoryPreference - Created directory [/home/tyler/SDRTrunk/event_logs]  [9MB/250MB 3%]
20240427 091448.272 [main] INFO  i.g.d.log.ApplicationLog -  Event Log:        /home/tyler/SDRTrunk/event_logs  [9MB/250MB 3%]
20240427 091448.272 [main] INFO  i.g.d.p.d.DirectoryPreference - Created directory [/home/tyler/SDRTrunk/playlist]  [9MB/250MB 3%]
20240427 091448.272 [main] INFO  i.g.d.log.ApplicationLog -  Playlist:         /home/tyler/SDRTrunk/playlist  [9MB/250MB 3%]
20240427 091448.272 [main] INFO  i.g.d.p.d.DirectoryPreference - Created directory [/home/tyler/SDRTrunk/recordings]  [9MB/250MB 3%]
20240427 091448.272 [main] INFO  i.g.d.log.ApplicationLog -  Recordings:       /home/tyler/SDRTrunk/recordings  [9MB/250MB 3%]
20240427 091448.328 [main] INFO  i.g.dsheirer.util.ThreadPool - Application thread pool created SCHEDULED and CACHED executors threads  [11MB/250MB 4%]
20240427 091448.329 [main] INFO  i.github.dsheirer.gui.SDRTrunk - Home path: /home/tyler/SDRTrunk  [11MB/250MB 4%]
20240427 091448.329 [main] INFO  i.github.dsheirer.gui.SDRTrunk - SDRTrunk - creating application properties file [/home/tyler/SDRTrunk/SDRTrunk.properties]  [11MB/250MB 4%]
20240427 091448.329 [main] INFO  i.g.d.p.SystemProperties - SystemProperties - loaded [/home/tyler/SDRTrunk/SDRTrunk.properties]  [11MB/250MB 4%]
20240427 091448.329 [main] INFO  i.g.d.p.SystemProperties - SystemProperties - application properties loaded [/home/tyler/SDRTrunk/SDRTrunk.properties]  [11MB/250MB 4%]
20240427 091448.338 [main] INFO  i.g.d.p.d.DirectoryPreference - Created directory [/home/tyler/SDRTrunk/configuration]  [12MB/250MB 4%]
20240427 091448.339 [main] INFO  i.g.d.s.t.manager.TunerManager - Discovering tuners ...  [12MB/250MB 4%]
20240427 091448.345 [main] INFO  i.g.d.s.t.manager.TunerManager - LibUsb API Version: 1.0.262  [12MB/250MB 5%]
20240427 091448.345 [main] INFO  i.g.d.s.t.manager.TunerManager - LibUsb Version: 1.0.22.11312  [12MB/250MB 5%]
20240427 091448.348 [main] INFO  i.g.d.s.t.manager.TunerManager - LibUsb - discovered [7] potential usb devices  [13MB/250MB 5%]
20240427 091448.352 [main] INFO  i.g.d.s.t.manager.TunerManager - LibUsb - starting HotPlug detection  [6MB/250MB 2%]
20240427 091448.357 [main] INFO  i.g.d.settings.SettingsManager - SettingsManager - settings does not exist [/home/tyler/SDRTrunk/settings/settings.xml]  [7MB/34MB 21%]
20240427 091448.642 [main] WARN  i.g.d.vector.VectorUtilities - CPU supports maximum SIMD instructions of Species[float, 8, S_256_BIT]  [18MB/34MB 54%]
20240427 091449.182 [main] INFO  i.g.d.playlist.PlaylistManager - PlaylistManager - playlist not found at [/home/tyler/SDRTrunk/playlist/default.xml] - creating new (empty) playlist  [22MB/34MB 67%]
20240427 091449.183 [main] INFO  i.github.dsheirer.gui.SDRTrunk - starting main application gui  [22MB/34MB 67%]
20240427 091458.794 [sdrtrunk cached thread 1] INFO  i.g.d.v.calibrate.Calibration - COMPLEX OSCILLATOR WARMUP - SCALAR:100610.8  [67MB/320MB 21%]
20240427 091503.795 [sdrtrunk cached thread 1] INFO  i.g.d.v.calibrate.Calibration - COMPLEX OSCILLATOR WARMUP - VECTOR:102933.8  [306MB/612MB 50%]
20240427 091508.795 [sdrtrunk cached thread 1] INFO  i.g.d.v.calibrate.Calibration - COMPLEX OSCILLATOR - SCALAR:105059.0  [327MB/612MB 53%]
20240427 091513.795 [sdrtrunk cached thread 1] INFO  i.g.d.v.calibrate.Calibration - COMPLEX OSCILLATOR - VECTOR:107246.0  [322MB/612MB 52%]
20240427 091513.795 [sdrtrunk cached thread 1] INFO  i.g.d.v.calibrate.Calibration - COMPLEX OSCILLATOR - SETTING OPTIMAL OPERATION TO:VECTOR_SIMD_PREFERRED  [322MB/612MB 52%]
20240427 091518.796 [sdrtrunk cached thread 1] INFO  i.g.d.v.calibrate.Calibration - COMPLEX GAIN WARMUP - SCALAR:49250.2  [385MB/612MB 63%]
20240427 091523.797 [sdrtrunk cached thread 1] INFO  i.g.d.v.calibrate.Calibration - COMPLEX GAIN WARMUP - VECTOR:49283.0  [126MB/612MB 20%]
20240427 091528.797 [sdrtrunk cached thread 1] INFO  i.g.d.v.calibrate.Calibration - COMPLEX GAIN - SCALAR:49915.2  [178MB/612MB 29%]
20240427 091533.411 [JavaFX Application Thread] INFO  i.g.d.p.d.DirectoryPreference - Created directory [/home/tyler/SDRTrunk/jmbe]  [227MB/612MB 37%]
20240427 091533.413 [JavaFX Application Thread] INFO  i.g.d.p.d.DirectoryPreference - Created directory [/home/tyler/SDRTrunk/screen_captures]  [228MB/612MB 37%]
20240427 091533.797 [sdrtrunk cached thread 1] INFO  i.g.d.v.calibrate.Calibration - COMPLEX GAIN - VECTOR:51168.4  [234MB/612MB 38%]
20240427 091533.797 [sdrtrunk cached thread 1] INFO  i.g.d.v.calibrate.Calibration - COMPLEX GAIN - SET IMPLEMENTATION TO:VECTOR_SIMD_PREFERRED  [234MB/612MB 38%]
20240427 091538.797 [sdrtrunk cached thread 1] INFO  i.g.d.v.calibrate.Calibration - AIRSPY CONVERTER WARMUP - SCALAR: 1285.0  [264MB/612MB 43%]
20240427 091543.803 [sdrtrunk cached thread 1] INFO  i.g.d.v.calibrate.Calibration - AIRSPY CONVERTER WARMUP - VECTOR: 1143.0  [96MB/612MB 15%]
20240427 091548.803 [sdrtrunk cached thread 1] INFO  i.g.d.v.calibrate.Calibration - AIRSPY CONVERTER - SCALAR: 1292.4  [130MB/612MB 21%]
20240427 091553.804 [sdrtrunk cached thread 1] INFO  i.g.d.v.calibrate.Calibration - AIRSPY CONVERTER - VECTOR: 1159.0  [336MB/612MB 54%]
20240427 091553.804 [sdrtrunk cached thread 1] INFO  i.g.d.v.calibrate.Calibration - AIRSPY CONVERTER - SETTING OPTIMAL IMPLEMENTATION TO: SCALAR  [336MB/612MB 54%]
20240427 091553.807 [sdrtrunk cached thread 1] INFO  i.g.d.v.calibrate.Calibration - AIRSPY UNPACKED INTERLEAVED - VECTOR SIMD LANES PREFERRED: 8  [336MB/612MB 54%]
20240427 091558.807 [sdrtrunk cached thread 1] INFO  i.g.d.v.calibrate.Calibration - AIRSPY UNPACKED INTERLEAVED WARMUP - SCALAR: 27540.4  [100MB/612MB 16%]
20240427 091603.807 [sdrtrunk cached thread 1] INFO  i.g.d.v.calibrate.Calibration - AIRSPY UNPACKED INTERLEAVED WARMUP - VECTOR 256: 54907.4  [392MB/612MB 64%]
20240427 091608.807 [sdrtrunk cached thread 1] INFO  i.g.d.v.calibrate.Calibration - AIRSPY UNPACKED INTERLEAVED WARMUP - VECTOR 128: 28371.6  [359MB/612MB 58%]
20240427 091613.807 [sdrtrunk cached thread 1] INFO  i.g.d.v.calibrate.Calibration - AIRSPY UNPACKED INTERLEAVED WARMUP - VECTOR 64: 17325.4  [370MB/612MB 60%]
20240427 091618.807 [sdrtrunk cached thread 1] INFO  i.g.d.v.calibrate.Calibration - AIRSPY UNPACKED INTERLEAVED - SCALAR: 30060.2  [341MB/612MB 55%]
20240427 091623.807 [sdrtrunk cached thread 1] INFO  i.g.d.v.calibrate.Calibration - AIRSPY UNPACKED INTERLEAVED - VECTOR 256: 55303.2  [194MB/612MB 31%]
20240427 091628.807 [sdrtrunk cached thread 1] INFO  i.g.d.v.calibrate.Calibration - AIRSPY UNPACKED INTERLEAVED - VECTOR 128: 28310.6  [289MB/612MB 47%]
20240427 091633.807 [sdrtrunk cached thread 1] INFO  i.g.d.v.calibrate.Calibration - AIRSPY UNPACKED INTERLEAVED - VECTOR 64: 17972.4  [97MB/612MB 15%]
20240427 091633.807 [sdrtrunk cached thread 1] INFO  i.g.d.v.calibrate.Calibration - AIRSPY UNPACKED INTERLEAVED - SET OPTIMAL IMPLEMENTATION TO: VECTOR_SIMD_256  [97MB/612MB 15%]
20240427 091633.809 [sdrtrunk cached thread 1] INFO  i.g.d.v.calibrate.Calibration - AIRSPY UNPACKED - VECTOR SIMD LANES PREFERRED: 8  [97MB/612MB 15%]
20240427 091638.809 [sdrtrunk cached thread 1] INFO  i.g.d.v.calibrate.Calibration - AIRSPY UNPACKED WARMUP - SCALAR: 24360.0  [289MB/612MB 47%]
20240427 091643.809 [sdrtrunk cached thread 1] INFO  i.g.d.v.calibrate.Calibration - AIRSPY UNPACKED WARMUP - VECTOR 256: 43125.0  [138MB/612MB 22%]
20240427 091648.809 [sdrtrunk cached thread 1] INFO  i.g.d.v.calibrate.Calibration - AIRSPY UNPACKED WARMUP - VECTOR 128: 30342.2  [44MB/612MB 7%]
20240427 091653.809 [sdrtrunk cached thread 1] INFO  i.g.d.v.calibrate.Calibration - AIRSPY UNPACKED WARMUP - VECTOR 64: 17698.0  [171MB/612MB 27%]
20240427 091658.809 [sdrtrunk cached thread 1] INFO  i.g.d.v.calibrate.Calibration - AIRSPY UNPACKED - SCALAR: 24935.0  [45MB/612MB 7%]
20240427 091703.809 [sdrtrunk cached thread 1] INFO  i.g.d.v.calibrate.Calibration - AIRSPY UNPACKED - VECTOR 256: 44090.6  [381MB/612MB 62%]
20240427 091708.809 [sdrtrunk cached thread 1] INFO  i.g.d.v.calibrate.Calibration - AIRSPY UNPACKED - VECTOR 128: 31022.6  [385MB/612MB 62%]
20240427 091713.809 [sdrtrunk cached thread 1] INFO  i.g.d.v.calibrate.Calibration - AIRSPY UNPACKED - VECTOR 64: 18024.2  [199MB/612MB 32%]
20240427 091713.809 [sdrtrunk cached thread 1] INFO  i.g.d.v.calibrate.Calibration - AIRSPY UNPACKED - SET OPTIMAL IMPLEMENTATION TO: VECTOR_SIMD_256  [199MB/612MB 32%]
20240427 091718.809 [sdrtrunk cached thread 1] INFO  i.g.d.v.calibrate.Calibration - REAL DC REMOVAL WARMUP - SCALAR:111011.6  [233MB/612MB 38%]
20240427 091723.809 [sdrtrunk cached thread 1] INFO  i.g.d.v.calibrate.Calibration - REAL DC REMOVAL WARMUP - VECTOR:63048.8  [366MB/612MB 59%]
20240427 091728.809 [sdrtrunk cached thread 1] INFO  i.g.d.v.calibrate.Calibration - REAL DC REMOVAL - SCALAR:110927.0  [37MB/612MB 6%]
20240427 091733.809 [sdrtrunk cached thread 1] INFO  i.g.d.v.calibrate.Calibration - REAL DC REMOVAL - VECTOR:69155.6  [225MB/612MB 36%]
20240427 091733.809 [sdrtrunk cached thread 1] INFO  i.g.d.v.calibrate.Calibration - REAL DC REMOVAL - SET OPTIMAL IMPLEMENTATION TO: SCALAR  [225MB/612MB 36%]
20240427 091738.809 [sdrtrunk cached thread 1] INFO  i.g.d.v.calibrate.Calibration - FIR FILTER WARMUP - SCALAR: 22593.2  [56MB/612MB 9%]
20240427 091743.809 [sdrtrunk cached thread 1] INFO  i.g.d.v.calibrate.Calibration - FIR FILTER WARMUP - VECTOR PREFERRED: 104796.0  [268MB/612MB 43%]
20240427 091748.809 [sdrtrunk cached thread 1] INFO  i.g.d.v.calibrate.Calibration - FIR FILTER WARMUP - VECTOR 256: 102737.0  [386MB/612MB 63%]
20240427 091753.809 [sdrtrunk cached thread 1] INFO  i.g.d.v.calibrate.Calibration - FIR FILTER WARMUP - VECTOR 128: 90148.0  [368MB/612MB 60%]
20240427 091758.809 [sdrtrunk cached thread 1] INFO  i.g.d.v.calibrate.Calibration - FIR FILTER WARMUP - VECTOR 64: 50909.8  [275MB/612MB 45%]
20240427 091803.809 [sdrtrunk cached thread 1] INFO  i.g.d.v.calibrate.Calibration - FIR FILTER - SCALAR: 17546.4  [270MB/612MB 44%]
20240427 091808.809 [sdrtrunk cached thread 1] INFO  i.g.d.v.calibrate.Calibration - FIR FILTER - VECTOR PREFERRED: 106013.2  [109MB/612MB 17%]
20240427 091813.809 [sdrtrunk cached thread 1] INFO  i.g.d.v.calibrate.Calibration - FIR FILTER - VECTOR 256: 103826.0  [226MB/612MB 37%]
20240427 091818.809 [sdrtrunk cached thread 1] INFO  i.g.d.v.calibrate.Calibration - FIR FILTER - VECTOR 128: 94133.2  [325MB/612MB 53%]
20240427 091823.809 [sdrtrunk cached thread 1] INFO  i.g.d.v.calibrate.Calibration - FIR FILTER - VECTOR 64: 52496.0  [241MB/612MB 39%]
20240427 091823.809 [sdrtrunk cached thread 1] INFO  i.g.d.v.calibrate.Calibration - FIR FILTER - SET OPTIMAL IMPLEMENTATION TO: VECTOR_SIMD_PREFERRED  [241MB/612MB 39%]
20240427 091828.809 [sdrtrunk cached thread 1] INFO  i.g.d.v.calibrate.Calibration - REAL HALF-BAND 11-TAP DECIMATE WARMUP - SCALAR: 172418.0  [392MB/612MB 64%]
20240427 091833.809 [sdrtrunk cached thread 1] INFO  i.g.d.v.calibrate.Calibration - REAL HALF-BAND 11-TAP DECIMATE WARMUP - VECTOR 256: 334676.6  [148MB/612MB 24%]
20240427 091838.809 [sdrtrunk cached thread 1] INFO  i.g.d.v.calibrate.Calibration - REAL HALF-BAND 11-TAP DECIMATE WARMUP - VECTOR 128: 488039.2  [390MB/612MB 63%]
20240427 091843.809 [sdrtrunk cached thread 1] INFO  i.g.d.v.calibrate.Calibration - REAL HALF-BAND 11-TAP DECIMATE WARMUP - VECTOR 64: 409994.4  [229MB/612MB 37%]
20240427 091848.809 [sdrtrunk cached thread 1] INFO  i.g.d.v.calibrate.Calibration - REAL HALF-BAND 11-TAP DECIMATE - SCALAR: 173035.2  [392MB/612MB 64%]
20240427 091853.809 [sdrtrunk cached thread 1] INFO  i.g.d.v.calibrate.Calibration - REAL HALF-BAND 11-TAP DECIMATE - VECTOR 256: 337116.0  [145MB/612MB 23%]
20240427 091858.809 [sdrtrunk cached thread 1] INFO  i.g.d.v.calibrate.Calibration - REAL HALF-BAND 11-TAP DECIMATE - VECTOR 128: 491724.4  [31MB/612MB 5%]
20240427 091903.809 [sdrtrunk cached thread 1] INFO  i.g.d.v.calibrate.Calibration - REAL HALF-BAND 11-TAP DECIMATE - VECTOR 64: 423600.2  [32MB/612MB 5%]
20240427 091903.809 [sdrtrunk cached thread 1] INFO  i.g.d.v.calibrate.Calibration - REAL HALF-BAND 11-TAP DECIMATE - SET OPTIMAL IMPLEMENTATION TO: VECTOR_SIMD_128  [32MB/612MB 5%]
20240427 091908.809 [sdrtrunk cached thread 1] INFO  i.g.d.v.calibrate.Calibration - REAL HALF-BAND 15-TAP DECIMATE WARMUP - SCALAR: 142704.4  [326MB/612MB 53%]
20240427 091913.809 [sdrtrunk cached thread 1] INFO  i.g.d.v.calibrate.Calibration - REAL HALF-BAND 15-TAP DECIMATE WARMUP - VECTOR 256: 335288.2  [92MB/612MB 15%]
20240427 091918.809 [sdrtrunk cached thread 1] INFO  i.g.d.v.calibrate.Calibration - REAL HALF-BAND 15-TAP DECIMATE WARMUP - VECTOR 128: 424280.0  [183MB/612MB 30%]
20240427 091923.809 [sdrtrunk cached thread 1] INFO  i.g.d.v.calibrate.Calibration - REAL HALF-BAND 15-TAP DECIMATE WARMUP - VECTOR 64: 306851.8  [208MB/612MB 34%]
20240427 091928.809 [sdrtrunk cached thread 1] INFO  i.g.d.v.calibrate.Calibration - REAL HALF-BAND 15-TAP DECIMATE - SCALAR: 138766.2  [60MB/612MB 9%]
20240427 091933.809 [sdrtrunk cached thread 1] INFO  i.g.d.v.calibrate.Calibration - REAL HALF-BAND 15-TAP DECIMATE - VECTOR 256: 337500.0  [186MB/612MB 30%]
20240427 091938.809 [sdrtrunk cached thread 1] INFO  i.g.d.v.calibrate.Calibration - REAL HALF-BAND 15-TAP DECIMATE - VECTOR 128: 429884.6  [310MB/612MB 50%]
20240427 091943.809 [sdrtrunk cached thread 1] INFO  i.g.d.v.calibrate.Calibration - REAL HALF-BAND 15-TAP DECIMATE - VECTOR 64: 312757.4  [312MB/612MB 50%]
20240427 091943.809 [sdrtrunk cached thread 1] INFO  i.g.d.v.calibrate.Calibration - REAL HALF-BAND 15-TAP DECIMATE - SET OPTIMAL IMPLEMENTATION TO: VECTOR_SIMD_128  [312MB/612MB 50%]
20240427 091948.809 [sdrtrunk cached thread 1] INFO  i.g.d.v.calibrate.Calibration - REAL HALF-BAND 23-TAP DECIMATE WARMUP - SCALAR: 116406.8  [89MB/612MB 14%]
20240427 091953.809 [sdrtrunk cached thread 1] INFO  i.g.d.v.calibrate.Calibration - REAL HALF-BAND 23-TAP DECIMATE WARMUP - VECTOR 256: 291816.6  [117MB/612MB 19%]
20240427 091958.809 [sdrtrunk cached thread 1] INFO  i.g.d.v.calibrate.Calibration - REAL HALF-BAND 23-TAP DECIMATE WARMUP - VECTOR 128: 319287.2  [372MB/612MB 60%]
20240427 092003.809 [sdrtrunk cached thread 1] INFO  i.g.d.v.calibrate.Calibration - REAL HALF-BAND 23-TAP DECIMATE WARMUP - VECTOR 64: 149353.4  [293MB/612MB 47%]
20240427 092008.809 [sdrtrunk cached thread 1] INFO  i.g.d.v.calibrate.Calibration - REAL HALF-BAND 23-TAP DECIMATE - SCALAR: 114052.2  [387MB/612MB 63%]
20240427 092013.809 [sdrtrunk cached thread 1] INFO  i.g.d.v.calibrate.Calibration - REAL HALF-BAND 23-TAP DECIMATE - VECTOR 256: 291690.8  [339MB/612MB 55%]
20240427 092018.809 [sdrtrunk cached thread 1] INFO  i.g.d.v.calibrate.Calibration - REAL HALF-BAND 23-TAP DECIMATE - VECTOR 128: 329441.4  [306MB/612MB 50%]
20240427 092023.809 [sdrtrunk cached thread 1] INFO  i.g.d.v.calibrate.Calibration - REAL HALF-BAND 23-TAP DECIMATE - VECTOR 64: 157412.2  [162MB/612MB 26%]
20240427 092023.809 [sdrtrunk cached thread 1] INFO  i.g.d.v.calibrate.Calibration - REAL HALF-BAND 23-TAP DECIMATE - SET OPTIMAL IMPLEMENTATION TO: VECTOR_SIMD_128  [162MB/612MB 26%]
20240427 092028.809 [sdrtrunk cached thread 1] INFO  i.g.d.v.calibrate.Calibration - REAL HALF-BAND 63-TAP DECIMATE WARMUP - SCALAR: 63037.4  [343MB/612MB 56%]
20240427 092033.809 [sdrtrunk cached thread 1] INFO  i.g.d.v.calibrate.Calibration - REAL HALF-BAND 63-TAP DECIMATE WARMUP - VECTOR 256: 166293.4  [57MB/612MB 9%]
20240427 092038.809 [sdrtrunk cached thread 1] INFO  i.g.d.v.calibrate.Calibration - REAL HALF-BAND 63-TAP DECIMATE WARMUP - VECTOR 128: 103940.0  [371MB/612MB 60%]
20240427 092043.809 [sdrtrunk cached thread 1] INFO  i.g.d.v.calibrate.Calibration - REAL HALF-BAND 63-TAP DECIMATE WARMUP - VECTOR 64: 46933.8  [279MB/612MB 45%]
20240427 092048.809 [sdrtrunk cached thread 1] INFO  i.g.d.v.calibrate.Calibration - REAL HALF-BAND 63-TAP DECIMATE - SCALAR: 62385.0  [83MB/612MB 13%]
20240427 092053.809 [sdrtrunk cached thread 1] INFO  i.g.d.v.calibrate.Calibration - REAL HALF-BAND 63-TAP DECIMATE - VECTOR 256: 166532.6  [119MB/612MB 19%]
20240427 092058.809 [sdrtrunk cached thread 1] INFO  i.g.d.v.calibrate.Calibration - REAL HALF-BAND 63-TAP DECIMATE - VECTOR 128: 105878.6  [52MB/612MB 8%]
20240427 092103.809 [sdrtrunk cached thread 1] INFO  i.g.d.v.calibrate.Calibration - REAL HALF-BAND 63-TAP DECIMATE - VECTOR 64: 48093.6  [302MB/612MB 49%]
20240427 092103.809 [sdrtrunk cached thread 1] INFO  i.g.d.v.calibrate.Calibration - REAL HALF-BAND 63-TAP DECIMATE - SET OPTIMAL IMPLEMENTATION TO: VECTOR_SIMD_256  [302MB/612MB 49%]
20240427 092108.809 [sdrtrunk cached thread 1] INFO  i.g.d.v.calibrate.Calibration - REAL HALF-BAND DEFAULT DECIMATE WARMUP - SCALAR: 63274.6  [125MB/612MB 20%]
20240427 092113.809 [sdrtrunk cached thread 1] INFO  i.g.d.v.calibrate.Calibration - REAL HALF-BAND DEFAULT DECIMATE WARMUP - VECTOR PREFERRED: 128295.4  [188MB/612MB 30%]
20240427 092118.809 [sdrtrunk cached thread 1] INFO  i.g.d.v.calibrate.Calibration - REAL HALF-BAND DEFAULT DECIMATE WARMUP - VECTOR 256: 126963.8  [223MB/612MB 36%]
20240427 092123.809 [sdrtrunk cached thread 1] INFO  i.g.d.v.calibrate.Calibration - REAL HALF-BAND DEFAULT DECIMATE WARMUP - VECTOR 128: 87347.2  [202MB/612MB 33%]
20240427 092128.809 [sdrtrunk cached thread 1] INFO  i.g.d.v.calibrate.Calibration - REAL HALF-BAND DEFAULT DECIMATE WARMUP - VECTOR 64: 43423.6  [43MB/612MB 7%]
20240427 092133.809 [sdrtrunk cached thread 1] INFO  i.g.d.v.calibrate.Calibration - REAL HALF-BAND DEFAULT DECIMATE - SCALAR: 62351.4  [211MB/612MB 34%]
20240427 092138.809 [sdrtrunk cached thread 1] INFO  i.g.d.v.calibrate.Calibration - REAL HALF-BAND DEFAULT DECIMATE - VECTOR PREFERRED: 130212.6  [259MB/612MB 42%]
20240427 092143.809 [sdrtrunk cached thread 1] INFO  i.g.d.v.calibrate.Calibration - REAL HALF-BAND DEFAULT DECIMATE - VECTOR 256: 128041.0  [265MB/612MB 43%]
20240427 092148.809 [sdrtrunk cached thread 1] INFO  i.g.d.v.calibrate.Calibration - REAL HALF-BAND DEFAULT DECIMATE - VECTOR 128: 88561.4  [221MB/612MB 36%]
20240427 092153.809 [sdrtrunk cached thread 1] INFO  i.g.d.v.calibrate.Calibration - REAL HALF-BAND DEFAULT DECIMATE - VECTOR 64: 43881.2  [389MB/612MB 63%]
20240427 092153.809 [sdrtrunk cached thread 1] INFO  i.g.d.v.calibrate.Calibration - REAL HALF-BAND DEFAULT DECIMATE - SET OPTIMAL IMPLEMENTATION TO: VECTOR_SIMD_PREFERRED  [389MB/612MB 63%]
20240427 092158.809 [sdrtrunk cached thread 1] INFO  i.g.d.v.calibrate.Calibration - FM DEMODULATOR WARMUP - SCALAR: 13473.0  [224MB/612MB 36%]
20240427 092203.809 [sdrtrunk cached thread 1] INFO  i.g.d.v.calibrate.Calibration - FM DEMODULATOR WARMUP - VECTOR: 182063.0  [242MB/612MB 39%]
20240427 092208.809 [sdrtrunk cached thread 1] INFO  i.g.d.v.calibrate.Calibration - FM DEMODULATOR - SCALAR: 13587.6  [82MB/612MB 13%]
20240427 092213.809 [sdrtrunk cached thread 1] INFO  i.g.d.v.calibrate.Calibration - FM DEMODULATOR - VECTOR: 185064.2  [121MB/612MB 19%]
20240427 092213.809 [sdrtrunk cached thread 1] INFO  i.g.d.v.calibrate.Calibration - FM DEMODULATOR - SET OPTIMAL IMPLEMENTATION TO:VECTOR_SIMD_PREFERRED  [121MB/612MB 19%]
20240427 092218.809 [sdrtrunk cached thread 1] INFO  i.g.d.v.calibrate.Calibration - COMPLEX GAIN CONTROL WARMUP - SCALAR:211450.0  [61MB/612MB 10%]
20240427 092223.809 [sdrtrunk cached thread 1] INFO  i.g.d.v.calibrate.Calibration - COMPLEX GAIN CONTROL WARMUP - VECTOR:105787.6  [336MB/612MB 55%]
20240427 092228.809 [sdrtrunk cached thread 1] INFO  i.g.d.v.calibrate.Calibration - COMPLEX GAIN CONTROL - SCALAR:194491.0  [33MB/612MB 5%]
20240427 092233.809 [sdrtrunk cached thread 1] INFO  i.g.d.v.calibrate.Calibration - COMPLEX GAIN CONTROL - VECTOR:107278.2  [195MB/612MB 31%]
20240427 092233.809 [sdrtrunk cached thread 1] INFO  i.g.d.v.calibrate.Calibration - COMPLEX GAIN CONTROL - SET IMPLEMENTATION TO:SCALAR  [195MB/612MB 31%]
20240427 092238.809 [sdrtrunk cached thread 1] INFO  i.g.d.v.calibrate.Calibration - COMPLEX MIXER WARMUP - SCALAR:112372.4  [341MB/612MB 55%]
20240427 092243.809 [sdrtrunk cached thread 1] INFO  i.g.d.v.calibrate.Calibration - COMPLEX MIXER WARMUP - VECTOR:78410.6  [354MB/612MB 57%]
20240427 092248.809 [sdrtrunk cached thread 1] INFO  i.g.d.v.calibrate.Calibration - COMPLEX MIXER - SCALAR:112552.0  [151MB/612MB 24%]
20240427 092253.809 [sdrtrunk cached thread 1] INFO  i.g.d.v.calibrate.Calibration - COMPLEX MIXER - VECTOR:78533.4  [131MB/612MB 21%]
20240427 092253.809 [sdrtrunk cached thread 1] INFO  i.g.d.v.calibrate.Calibration - COMPLEX MIXER - IMPLEMENTATION SET TO:SCALAR  [131MB/612MB 21%]
20240427 092258.809 [sdrtrunk cached thread 1] INFO  i.g.d.v.calibrate.Calibration - REAL OSCILLATOR WARMUP - SCALAR:24535.2  [37MB/612MB 6%]
20240427 092303.809 [sdrtrunk cached thread 1] INFO  i.g.d.v.calibrate.Calibration - REAL OSCILLATOR WARMUP - VECTOR:217802.2  [313MB/612MB 51%]
20240427 092308.809 [sdrtrunk cached thread 1] INFO  i.g.d.v.calibrate.Calibration - REAL OSCILLATOR - SCALAR:27388.8  [331MB/612MB 54%]
20240427 092313.809 [sdrtrunk cached thread 1] INFO  i.g.d.v.calibrate.Calibration - REAL OSCILLATOR - VECTOR:216372.4  [148MB/612MB 24%]
20240427 092313.809 [sdrtrunk cached thread 1] INFO  i.g.d.v.calibrate.Calibration - REAL OSCILLATOR - SET OPTIMAL IMPLEMENTATION TO:VECTOR_SIMD_PREFERRED  [148MB/612MB 24%]
20240427 092318.809 [sdrtrunk cached thread 1] INFO  i.g.d.v.calibrate.Calibration - SQUELCHING FM DEMODULATOR WARMUP - SCALAR:13585.6  [351MB/612MB 57%]
20240427 092323.809 [sdrtrunk cached thread 1] INFO  i.g.d.v.calibrate.Calibration - SQUELCHING FM DEMODULATOR WARMUP - VECTOR:24159.0  [258MB/612MB 42%]
20240427 092328.809 [sdrtrunk cached thread 1] INFO  i.g.d.v.calibrate.Calibration - SQUELCHING FM DEMODULATOR - SCALAR:13612.2  [99MB/612MB 16%]
20240427 092333.809 [sdrtrunk cached thread 1] INFO  i.g.d.v.calibrate.Calibration - SQUELCHING FM DEMODULATOR - VECTOR:24491.0  [172MB/612MB 28%]
20240427 092333.809 [sdrtrunk cached thread 1] INFO  i.g.d.v.calibrate.Calibration - SQUELCHING FM DEMODULATOR - SET OPTIMAL IMPLEMENTATION TO:VECTOR_SIMD_PREFERRED  [172MB/612MB 28%]
20240427 092338.809 [sdrtrunk cached thread 1] INFO  i.g.d.v.calibrate.Calibration - WINDOW WARMUP - SCALAR: 60334.2  [206MB/612MB 33%]
20240427 092343.809 [sdrtrunk cached thread 1] INFO  i.g.d.v.calibrate.Calibration - WINDOW WARMUP - VECTOR: 33248.6  [103MB/612MB 16%]
20240427 092348.809 [sdrtrunk cached thread 1] INFO  i.g.d.v.calibrate.Calibration - WINDOW - SCALAR: 62813.0  [136MB/612MB 22%]
20240427 092353.809 [sdrtrunk cached thread 1] INFO  i.g.d.v.calibrate.Calibration - WINDOW - VECTOR: 32465.0  [132MB/612MB 21%]
20240427 092353.809 [sdrtrunk cached thread 1] INFO  i.g.d.v.calibrate.Calibration - WINDOW - OPTIMAL IMPLEMENTATION SET TO: SCALAR  [132MB/612MB 21%]
20240427 094306.842 [AWT-EventQueue-0] INFO  i.github.dsheirer.gui.SDRTrunk - Application shutdown started ...  [78MB/612MB 12%]
20240427 094306.847 [AWT-EventQueue-0] INFO  i.github.dsheirer.gui.SDRTrunk - Stopping channels ...  [78MB/612MB 12%]
20240427 094306.847 [AWT-EventQueue-0] INFO  i.github.dsheirer.gui.SDRTrunk - Stopping spectral display ...  [78MB/612MB 12%]
20240427 094306.855 [AWT-EventQueue-0] INFO  i.github.dsheirer.gui.SDRTrunk - Stopping tuners ...  [78MB/612MB 12%]
20240427 094306.856 [AWT-EventQueue-0] INFO  i.github.dsheirer.gui.SDRTrunk - Shutdown complete.  [79MB/612MB 12%]
20240427 094306.856 [AWT-EventQueue-0] INFO  i.g.d.log.ApplicationLog - Stopping application logging  [79MB/612MB 12%]
