20231118 090836.878 [main] INFO  i.g.d.log.ApplicationLog - SDRTrunk Version  : 0.5.3  [10MB/256MB 4%]
20231118 090836.880 [main] INFO  i.g.d.log.ApplicationLog - Gradle Version    : Gradle 7.6  [10MB/256MB 4%]
20231118 090836.880 [main] INFO  i.g.d.log.ApplicationLog - Build Timestamp   : 2023-04-12T03:48:32.618-0400  [10MB/256MB 4%]
20231118 090836.880 [main] INFO  i.g.d.log.ApplicationLog - Build-JDK         : 19.0.1 (BellSoft 19.0.1+11  [10MB/256MB 4%]
20231118 090836.880 [main] INFO  i.g.d.log.ApplicationLog - Build OS          : Linux (amd64 5.19.0-38-generic  [10MB/256MB 4%]
20231118 090836.880 [main] INFO  i.g.d.log.ApplicationLog -   [10MB/256MB 4%]
20231118 090836.880 [main] INFO  i.g.d.log.ApplicationLog - *******************************************************************  [10MB/256MB 4%]
20231118 090836.880 [main] INFO  i.g.d.log.ApplicationLog - **** sdrtrunk: a trunked radio and digital decoding application ***  [10MB/256MB 4%]
20231118 090836.880 [main] INFO  i.g.d.log.ApplicationLog - ****  website: https://github.com/dsheirer/sdrtrunk             ***  [10MB/256MB 4%]
20231118 090836.880 [main] INFO  i.g.d.log.ApplicationLog - *******************************************************************  [10MB/256MB 4%]
20231118 090836.880 [main] INFO  i.g.d.log.ApplicationLog - Memory Logging Format: [Used/Allocated PercentUsed%]  [10MB/256MB 4%]
20231118 090836.880 [main] INFO  i.g.d.log.ApplicationLog - Host OS Name:          Windows 10  [10MB/256MB 4%]
20231118 090836.880 [main] INFO  i.g.d.log.ApplicationLog - Host OS Arch:          amd64  [10MB/256MB 4%]
20231118 090836.880 [main] INFO  i.g.d.log.ApplicationLog - Host OS Version:       10.0  [10MB/256MB 4%]
20231118 090836.880 [main] INFO  i.g.d.log.ApplicationLog - Host CPU Cores:        6  [10MB/256MB 4%]
20231118 090836.880 [main] INFO  i.g.d.log.ApplicationLog - Host Max Java Memory:  3 GB  [10MB/256MB 4%]
20231118 090836.880 [main] INFO  i.g.d.log.ApplicationLog - Storage Directories:  [10MB/256MB 4%]
20231118 090836.880 [main] INFO  i.g.d.log.ApplicationLog -  Application Root: C:\Users\farrington\SDRTrunk  [10MB/256MB 4%]
20231118 090836.880 [main] INFO  i.g.d.log.ApplicationLog -  Application Log:  C:\Users\farrington\SDRTrunk\logs  [10MB/256MB 4%]
20231118 090836.880 [main] INFO  i.g.d.log.ApplicationLog -  Event Log:        C:\Users\farrington\SDRTrunk\event_logs  [10MB/256MB 4%]
20231118 090836.880 [main] INFO  i.g.d.log.ApplicationLog -  Playlist:         C:\Users\farrington\SDRTrunk\playlist  [10MB/256MB 4%]
20231118 090836.880 [main] INFO  i.g.d.log.ApplicationLog -  Recordings:       C:\Users\farrington\SDRTrunk\recordings  [10MB/256MB 4%]
20231118 090836.880 [main] INFO  i.g.dsheirer.util.ThreadPool - Application thread pool created SCHEDULED and CACHED executors threads  [10MB/256MB 4%]
20231118 090836.880 [main] INFO  i.github.dsheirer.gui.SDRTrunk - Home path: C:\Users\farrington\SDRTrunk  [10MB/256MB 4%]
20231118 090836.880 [main] INFO  i.g.d.p.SystemProperties - SystemProperties - loaded [C:\Users\farrington\SDRTrunk\SDRTrunk.properties]  [10MB/256MB 4%]
20231118 090836.880 [main] INFO  i.g.d.p.SystemProperties - SystemProperties - application properties loaded [C:\Users\farrington\SDRTrunk\SDRTrunk.properties]  [10MB/256MB 4%]
20231118 090837.304 [main] INFO  i.g.d.s.t.manager.TunerManager - Discovering tuners ...  [14MB/34MB 43%]
20231118 090838.285 [main] INFO  i.g.d.s.t.manager.TunerManager - LibUsb API Version: 1.0.262  [16MB/34MB 48%]
20231118 090838.286 [main] INFO  i.g.d.s.t.manager.TunerManager - LibUsb Version: 1.0.22.11312  [16MB/34MB 48%]
20231118 090838.306 [main] INFO  i.g.d.s.t.manager.TunerManager - LibUsb - discovered [7] potential usb devices  [16MB/34MB 48%]
20231118 090838.311 [main] INFO  i.g.d.s.t.manager.TunerManager - Discovered tuner at USB Bus [1] Port [5] Tuner Class [RTL-2832]  [16MB/34MB 49%]
20231118 090838.312 [main] INFO  i.g.d.s.t.manager.TunerManager - Discovered tuner at USB Bus [1] Port [6] Tuner Class [RTL-2832]  [16MB/34MB 49%]
20231118 090838.314 [main] INFO  i.g.d.s.t.manager.TunerManager - Tuner: USB Tuner - RTL-2832 USB Bus:1 Port:5 - Added / Starting ...  [16MB/34MB 49%]
20231118 090839.746 [main] INFO  i.g.d.d.f.c.ComplexPolyphaseChannelizerM2 - Sample Rate [2400000.0] providing [96] channels at [25000.0] Hz each  [19MB/34MB 56%]
20231118 090839.747 [main] INFO  i.g.d.s.t.manager.TunerManager - Tuner: USB Tuner - RTL-2832 USB Bus:1 Port:5 - Applying Tuner Configuration  [19MB/34MB 56%]
20231118 090840.368 [main] INFO  i.g.d.s.t.manager.TunerManager - Tuner: USB Tuner - RTL-2832 USB Bus:1 Port:6 - Added / Starting ...  [19MB/34MB 56%]
20231118 090841.539 [main] INFO  i.g.d.d.f.c.ComplexPolyphaseChannelizerM2 - Sample Rate [2400000.0] providing [96] channels at [25000.0] Hz each  [19MB/34MB 57%]
20231118 090841.540 [main] INFO  i.g.d.s.t.manager.TunerManager - Tuner: USB Tuner - RTL-2832 USB Bus:1 Port:6 - Applying Tuner Configuration  [19MB/34MB 57%]
20231118 090841.755 [main] INFO  i.g.d.s.t.manager.TunerManager - LibUsb Hotplug event notification Is Not Supported on this platform.  [19MB/34MB 57%]
20231118 090842.971 [main] INFO  i.g.d.settings.SettingsManager - SettingsManager - loading settings file [C:\Users\farrington\SDRTrunk\settings\settings.xml]  [20MB/34MB 61%]
20231118 090904.107 [main] WARN  i.g.d.vector.VectorUtilities - CPU supports maximum SIMD instructions of Species[float, 8, S_256_BIT]  [9MB/34MB 27%]
20231118 090908.883 [main] INFO  i.g.d.playlist.PlaylistManager - Loading playlist [C:\Users\farrington\SDRTrunk\playlist\default.xml]  [15MB/34MB 44%]
20231118 090909.750 [main] INFO  i.github.dsheirer.gui.SDRTrunk - starting main application gui  [40MB/88MB 45%]
20231118 090934.632 [sdrtrunk cached thread 2] INFO  i.g.d.a.c.mbe.JmbeAudioModule - Loading JMBE library from [C:\Users\farrington\SDRTrunk\jmbe\jmbe-1.0.9.jar]  [148MB/260MB 57%]
20231118 090934.646 [sdrtrunk cached thread 2] INFO  i.g.d.a.c.mbe.JmbeAudioModule - JMBE audio conversion library loaded: JMBE Audio Conversion Library v1.0.9  [149MB/260MB 57%]
20231118 090934.646 [sdrtrunk cached thread 2] INFO  i.g.d.a.c.mbe.ImbeAudioModule - JMBE audio conversion library IMBE CODEC successfully loaded - P25-1 audio will be available  [149MB/260MB 57%]
20231118 090934.767 [sdrtrunk cached thread 2] INFO  i.g.d.d.f.c.ComplexPolyphaseChannelizerM2 - Sample Rate [2400000.0] providing [96] channels at [25000.0] Hz each  [153MB/260MB 59%]
20231118 090935.653 [sdrtrunk polyphase channel thread 1] INFO  i.g.d.d.f.c.ComplexPolyphaseChannelizerM2 - Sample Rate [2400000.0] providing [96] channels at [25000.0] Hz each  [144MB/578MB 25%]
20231118 091013.335 [sdrtrunk scheduled thread 3] INFO  i.g.d.s.t.m.FrequencyErrorCorrectionManager - Auto-Correcting Tuner PPM to [-1.5]  [131MB/488MB 26%]
20231118 091839.315 [AWT-EventQueue-0] INFO  i.github.dsheirer.gui.SDRTrunk - Application shutdown started ...  [177MB/488MB 36%]
20231118 091839.650 [AWT-EventQueue-0] INFO  i.github.dsheirer.gui.SDRTrunk - Stopping channels ...  [415MB/488MB 85%]
20231118 091839.651 [AWT-EventQueue-0] INFO  i.github.dsheirer.gui.SDRTrunk - Stopping spectral display ...  [415MB/488MB 85%]
20231118 091839.660 [AWT-EventQueue-0] INFO  i.github.dsheirer.gui.SDRTrunk - Stopping tuners ...  [416MB/488MB 85%]
20231118 091839.660 [AWT-EventQueue-0] INFO  i.g.d.s.t.u.DiscoveredTunerModel - Removing discovered tuner: RTL-2832 USB Bus:1 Port:5  [416MB/488MB 85%]
20231118 091839.661 [AWT-EventQueue-0] INFO  i.g.d.s.t.m.DiscoveredTuner - Stopping Tuner: RTL-2832 USB Bus:1 Port:5  [416MB/488MB 85%]
20231118 091839.664 [AWT-EventQueue-0] INFO  i.g.d.s.t.u.DiscoveredTunerModel - Removing discovered tuner: RTL-2832 USB Bus:1 Port:6  [416MB/488MB 85%]
20231118 091839.665 [AWT-EventQueue-0] INFO  i.g.d.s.t.m.DiscoveredTuner - Stopping Tuner: RTL-2832 USB Bus:1 Port:6  [416MB/488MB 85%]
20231118 091839.667 [AWT-EventQueue-0] INFO  i.github.dsheirer.gui.SDRTrunk - Shutdown complete.  [416MB/488MB 85%]
20231118 091839.668 [AWT-EventQueue-0] INFO  i.g.d.log.ApplicationLog - Stopping application logging  [416MB/488MB 85%]
20240507 210046.481 [main] INFO  i.g.d.log.ApplicationLog - SDRTrunk Version  : 0.5.3  [9MB/250MB 3%]
20240507 210046.481 [main] INFO  i.g.d.log.ApplicationLog - Gradle Version    : Gradle 7.6  [9MB/250MB 3%]
20240507 210046.481 [main] INFO  i.g.d.log.ApplicationLog - Build Timestamp   : 2023-04-12T03:48:32.618-0400  [9MB/250MB 3%]
20240507 210046.481 [main] INFO  i.g.d.log.ApplicationLog - Build-JDK         : 19.0.1 (BellSoft 19.0.1+11  [9MB/250MB 3%]
20240507 210046.482 [main] INFO  i.g.d.log.ApplicationLog - Build OS          : Linux (amd64 5.19.0-38-generic  [9MB/250MB 3%]
20240507 210046.482 [main] INFO  i.g.d.log.ApplicationLog -   [9MB/250MB 3%]
20240507 210046.482 [main] INFO  i.g.d.log.ApplicationLog - *******************************************************************  [9MB/250MB 3%]
20240507 210046.482 [main] INFO  i.g.d.log.ApplicationLog - **** sdrtrunk: a trunked radio and digital decoding application ***  [9MB/250MB 3%]
20240507 210046.482 [main] INFO  i.g.d.log.ApplicationLog - ****  website: https://github.com/dsheirer/sdrtrunk             ***  [9MB/250MB 3%]
20240507 210046.482 [main] INFO  i.g.d.log.ApplicationLog - *******************************************************************  [9MB/250MB 3%]
20240507 210046.482 [main] INFO  i.g.d.log.ApplicationLog - Memory Logging Format: [Used/Allocated PercentUsed%]  [9MB/250MB 3%]
20240507 210046.482 [main] INFO  i.g.d.log.ApplicationLog - Host OS Name:          Linux  [9MB/250MB 3%]
20240507 210046.482 [main] INFO  i.g.d.log.ApplicationLog - Host OS Arch:          amd64  [9MB/250MB 3%]
20240507 210046.483 [main] INFO  i.g.d.log.ApplicationLog - Host OS Version:       6.8.0-76060800daily20240311-generic  [9MB/250MB 3%]
20240507 210046.483 [main] INFO  i.g.d.log.ApplicationLog - Host CPU Cores:        6  [9MB/250MB 3%]
20240507 210046.483 [main] INFO  i.g.d.log.ApplicationLog - Host Max Java Memory:  3 GB  [9MB/250MB 3%]
20240507 210046.483 [main] INFO  i.g.d.log.ApplicationLog - Storage Directories:  [9MB/250MB 3%]
20240507 210046.483 [main] INFO  i.g.d.log.ApplicationLog -  Application Root: /home/tyler/SDRTrunk  [9MB/250MB 3%]
20240507 210046.483 [main] INFO  i.g.d.log.ApplicationLog -  Application Log:  /home/tyler/SDRTrunk/logs  [9MB/250MB 3%]
20240507 210046.483 [main] INFO  i.g.d.log.ApplicationLog -  Event Log:        /home/tyler/SDRTrunk/event_logs  [9MB/250MB 3%]
20240507 210046.484 [main] INFO  i.g.d.log.ApplicationLog -  Playlist:         /home/tyler/SDRTrunk/playlist  [9MB/250MB 3%]
20240507 210046.484 [main] INFO  i.g.d.log.ApplicationLog -  Recordings:       /home/tyler/SDRTrunk/recordings  [9MB/250MB 3%]
20240507 210046.541 [main] INFO  i.g.dsheirer.util.ThreadPool - Application thread pool created SCHEDULED and CACHED executors threads  [6MB/250MB 2%]
20240507 210046.542 [main] INFO  i.github.dsheirer.gui.SDRTrunk - Home path: /home/tyler/SDRTrunk  [6MB/250MB 2%]
20240507 210046.542 [main] INFO  i.g.d.p.SystemProperties - SystemProperties - loaded [/home/tyler/SDRTrunk/SDRTrunk.properties]  [6MB/250MB 2%]
20240507 210046.542 [main] INFO  i.g.d.p.SystemProperties - SystemProperties - application properties loaded [/home/tyler/SDRTrunk/SDRTrunk.properties]  [6MB/34MB 19%]
20240507 210046.713 [main] INFO  i.g.d.s.t.manager.TunerManager - Discovering tuners ...  [22MB/34MB 65%]
20240507 210046.720 [main] INFO  i.g.d.s.t.manager.TunerManager - LibUsb API Version: 1.0.262  [22MB/34MB 66%]
20240507 210046.720 [main] INFO  i.g.d.s.t.manager.TunerManager - LibUsb Version: 1.0.22.11312  [22MB/34MB 66%]
20240507 210046.722 [main] INFO  i.g.d.s.t.manager.TunerManager - LibUsb - discovered [8] potential usb devices  [22MB/34MB 66%]
20240507 210046.723 [main] INFO  i.g.d.s.t.manager.TunerManager - LibUsb - starting HotPlug detection  [22MB/34MB 66%]
20240507 210046.727 [main] INFO  i.g.d.settings.SettingsManager - SettingsManager - loading settings file [/home/tyler/SDRTrunk/settings/settings.xml]  [23MB/34MB 69%]
20240507 210047.117 [main] WARN  i.g.d.vector.VectorUtilities - CPU supports maximum SIMD instructions of Species[float, 8, S_256_BIT]  [12MB/38MB 34%]
20240507 210047.849 [main] INFO  i.g.d.playlist.PlaylistManager - Loading playlist [/home/tyler/SDRTrunk/playlist/default.xml]  [22MB/38MB 59%]
20240507 210048.237 [main] INFO  i.github.dsheirer.gui.SDRTrunk - starting main application gui  [40MB/94MB 43%]
20240507 210107.950 [sdrtrunk cached thread 1] INFO  i.g.d.g.p.d.JmbeLibraryPreferenceEditor - Checking for JMBE Library Updates ...  [94MB/302MB 31%]
20240507 210107.951 [sdrtrunk cached thread 1] INFO  i.g.d.g.p.d.JmbeLibraryPreferenceEditor - Current: empty  [94MB/302MB 31%]
20240507 210107.951 [sdrtrunk cached thread 1] INFO  i.g.d.g.p.d.JmbeLibraryPreferenceEditor - Available: 1.0.9  [94MB/302MB 31%]
20240507 210107.951 [sdrtrunk cached thread 1] INFO  i.g.d.g.p.d.JmbeLibraryPreferenceEditor - JMBE Library update is available  [94MB/302MB 31%]
20240507 210110.532 [JavaFX Application Thread] INFO  i.g.d.g.p.d.JmbeLibraryPreferenceEditor - Posting JMBE editor request to event bus  [121MB/302MB 40%]
20240507 210135.159 [sdrtrunk cached thread 1] ERROR i.g.d.g.p.c.ChannelConfigurationEditor - Error starting channel [Control] - No Tuner Available  [108MB/302MB 35%]
20240507 210138.705 [sdrtrunk scheduled thread 1] INFO  i.g.d.s.t.manager.TunerManager - Tuner plug-in detected at USB Bus [1] Port [4] Tuner Class [RTL-2832]  [148MB/302MB 49%]
20240507 210138.709 [sdrtrunk scheduled thread 1] INFO  i.g.d.s.t.manager.TunerManager - Tuner: USB Tuner - RTL-2832 USB Bus:1 Port:1.4 - Added / Starting ...  [148MB/302MB 49%]
20240507 210138.739 [sdrtrunk scheduled thread 1] ERROR i.g.d.s.t.u.USBTunerController - Access to USB tuner denied - (windows) reinstall zadig driver or (linux) blacklist driver and/or check udev rules  [149MB/302MB 49%]
20240507 210138.739 [sdrtrunk scheduled thread 1] INFO  i.g.d.s.t.m.DiscoveredTuner - Tuner Error - Stopping - RTL-2832 USB Bus:1 Port:1.4 Error: access denied - if using linux, blacklist the default driver and/or install udev rules  [149MB/302MB 49%]
20240507 210138.739 [sdrtrunk scheduled thread 1] INFO  i.g.d.s.t.m.DiscoveredTuner - Stopping Tuner: RTL-2832 USB Bus:1 Port:1.4  [149MB/302MB 49%]
20240507 210138.740 [sdrtrunk scheduled thread 1] ERROR i.g.d.s.t.m.DiscoveredUSBTuner - Unable to start tuner [RTL-2832] - error: access denied - if using linux, blacklist the default driver and/or install udev rules  [149MB/302MB 49%]
20240507 210139.150 [sdrtrunk scheduled thread 1] INFO  i.g.d.s.t.manager.TunerManager - Tuner plug-in detected at USB Bus [1] Port [3] Tuner Class [RTL-2832]  [154MB/302MB 51%]
20240507 210139.151 [sdrtrunk scheduled thread 1] INFO  i.g.d.s.t.manager.TunerManager - Tuner: USB Tuner - RTL-2832 USB Bus:1 Port:1.3 - Added / Starting ...  [154MB/302MB 51%]
20240507 210139.153 [sdrtrunk scheduled thread 1] ERROR i.g.d.s.t.u.USBTunerController - Access to USB tuner denied - (windows) reinstall zadig driver or (linux) blacklist driver and/or check udev rules  [154MB/302MB 51%]
20240507 210139.153 [sdrtrunk scheduled thread 1] INFO  i.g.d.s.t.m.DiscoveredTuner - Tuner Error - Stopping - RTL-2832 USB Bus:1 Port:1.3 Error: access denied - if using linux, blacklist the default driver and/or install udev rules  [154MB/302MB 51%]
20240507 210139.153 [sdrtrunk scheduled thread 1] INFO  i.g.d.s.t.m.DiscoveredTuner - Stopping Tuner: RTL-2832 USB Bus:1 Port:1.3  [154MB/302MB 51%]
20240507 210139.153 [sdrtrunk scheduled thread 1] ERROR i.g.d.s.t.m.DiscoveredUSBTuner - Unable to start tuner [RTL-2832] - error: access denied - if using linux, blacklist the default driver and/or install udev rules  [154MB/302MB 51%]
20240507 210140.381 [sdrtrunk cached thread 1] ERROR i.g.d.g.p.c.ChannelConfigurationEditor - Error starting channel [Control] - No Tuner Available  [166MB/302MB 55%]
20240507 210143.383 [AWT-EventQueue-0] INFO  i.github.dsheirer.gui.SDRTrunk - Application shutdown started ...  [204MB/302MB 67%]
20240507 210143.389 [AWT-EventQueue-0] INFO  i.github.dsheirer.gui.SDRTrunk - Stopping channels ...  [204MB/302MB 67%]
20240507 210143.390 [AWT-EventQueue-0] INFO  i.github.dsheirer.gui.SDRTrunk - Stopping spectral display ...  [204MB/302MB 67%]
20240507 210143.393 [AWT-EventQueue-0] INFO  i.github.dsheirer.gui.SDRTrunk - Stopping tuners ...  [204MB/302MB 67%]
20240507 210143.394 [AWT-EventQueue-0] INFO  i.g.d.s.t.u.DiscoveredTunerModel - Removing discovered tuner: RTL-2832 USB Bus:1 Port:1.4  [204MB/302MB 67%]
20240507 210143.395 [AWT-EventQueue-0] INFO  i.g.d.s.t.u.DiscoveredTunerModel - Removing discovered tuner: RTL-2832 USB Bus:1 Port:1.3  [204MB/302MB 67%]
20240507 210143.396 [AWT-EventQueue-0] INFO  i.github.dsheirer.gui.SDRTrunk - Shutdown complete.  [204MB/302MB 67%]
20240507 210143.397 [AWT-EventQueue-0] INFO  i.g.d.log.ApplicationLog - Stopping application logging  [204MB/302MB 67%]
20240507 210148.401 [main] INFO  i.g.d.log.ApplicationLog - SDRTrunk Version  : 0.5.3  [9MB/250MB 3%]
20240507 210148.401 [main] INFO  i.g.d.log.ApplicationLog - Gradle Version    : Gradle 7.6  [9MB/250MB 3%]
20240507 210148.401 [main] INFO  i.g.d.log.ApplicationLog - Build Timestamp   : 2023-04-12T03:48:32.618-0400  [9MB/250MB 3%]
20240507 210148.402 [main] INFO  i.g.d.log.ApplicationLog - Build-JDK         : 19.0.1 (BellSoft 19.0.1+11  [9MB/250MB 3%]
20240507 210148.402 [main] INFO  i.g.d.log.ApplicationLog - Build OS          : Linux (amd64 5.19.0-38-generic  [9MB/250MB 3%]
20240507 210148.402 [main] INFO  i.g.d.log.ApplicationLog -   [9MB/250MB 3%]
20240507 210148.402 [main] INFO  i.g.d.log.ApplicationLog - *******************************************************************  [9MB/250MB 3%]
20240507 210148.402 [main] INFO  i.g.d.log.ApplicationLog - **** sdrtrunk: a trunked radio and digital decoding application ***  [9MB/250MB 3%]
20240507 210148.402 [main] INFO  i.g.d.log.ApplicationLog - ****  website: https://github.com/dsheirer/sdrtrunk             ***  [9MB/250MB 3%]
20240507 210148.402 [main] INFO  i.g.d.log.ApplicationLog - *******************************************************************  [9MB/250MB 3%]
20240507 210148.402 [main] INFO  i.g.d.log.ApplicationLog - Memory Logging Format: [Used/Allocated PercentUsed%]  [9MB/250MB 3%]
20240507 210148.402 [main] INFO  i.g.d.log.ApplicationLog - Host OS Name:          Linux  [9MB/250MB 3%]
20240507 210148.403 [main] INFO  i.g.d.log.ApplicationLog - Host OS Arch:          amd64  [9MB/250MB 3%]
20240507 210148.403 [main] INFO  i.g.d.log.ApplicationLog - Host OS Version:       6.8.0-76060800daily20240311-generic  [9MB/250MB 3%]
20240507 210148.403 [main] INFO  i.g.d.log.ApplicationLog - Host CPU Cores:        6  [9MB/250MB 3%]
20240507 210148.403 [main] INFO  i.g.d.log.ApplicationLog - Host Max Java Memory:  3 GB  [9MB/250MB 3%]
20240507 210148.403 [main] INFO  i.g.d.log.ApplicationLog - Storage Directories:  [9MB/250MB 3%]
20240507 210148.403 [main] INFO  i.g.d.log.ApplicationLog -  Application Root: /home/tyler/SDRTrunk  [9MB/250MB 3%]
20240507 210148.403 [main] INFO  i.g.d.log.ApplicationLog -  Application Log:  /home/tyler/SDRTrunk/logs  [9MB/250MB 3%]
20240507 210148.404 [main] INFO  i.g.d.log.ApplicationLog -  Event Log:        /home/tyler/SDRTrunk/event_logs  [9MB/250MB 3%]
20240507 210148.404 [main] INFO  i.g.d.log.ApplicationLog -  Playlist:         /home/tyler/SDRTrunk/playlist  [9MB/250MB 3%]
20240507 210148.404 [main] INFO  i.g.d.log.ApplicationLog -  Recordings:       /home/tyler/SDRTrunk/recordings  [9MB/250MB 3%]
20240507 210148.466 [main] INFO  i.g.dsheirer.util.ThreadPool - Application thread pool created SCHEDULED and CACHED executors threads  [6MB/250MB 2%]
20240507 210148.467 [main] INFO  i.github.dsheirer.gui.SDRTrunk - Home path: /home/tyler/SDRTrunk  [6MB/250MB 2%]
20240507 210148.467 [main] INFO  i.g.d.p.SystemProperties - SystemProperties - loaded [/home/tyler/SDRTrunk/SDRTrunk.properties]  [6MB/250MB 2%]
20240507 210148.467 [main] INFO  i.g.d.p.SystemProperties - SystemProperties - application properties loaded [/home/tyler/SDRTrunk/SDRTrunk.properties]  [6MB/34MB 20%]
20240507 210148.655 [main] INFO  i.g.d.s.t.manager.TunerManager - Discovering tuners ...  [22MB/34MB 65%]
20240507 210148.663 [main] INFO  i.g.d.s.t.manager.TunerManager - LibUsb API Version: 1.0.262  [22MB/34MB 67%]
20240507 210148.664 [main] INFO  i.g.d.s.t.manager.TunerManager - LibUsb Version: 1.0.22.11312  [22MB/34MB 67%]
20240507 210148.666 [main] INFO  i.g.d.s.t.manager.TunerManager - LibUsb - discovered [10] potential usb devices  [22MB/34MB 67%]
20240507 210148.670 [main] INFO  i.g.d.s.t.manager.TunerManager - Discovered tuner at USB Bus [1] Port [1.4] Tuner Class [RTL-2832]  [23MB/34MB 68%]
20240507 210148.672 [main] INFO  i.g.d.s.t.manager.TunerManager - Discovered tuner at USB Bus [1] Port [1.3] Tuner Class [RTL-2832]  [23MB/34MB 68%]
20240507 210148.673 [main] INFO  i.g.d.s.t.manager.TunerManager - Tuner: USB Tuner - RTL-2832 USB Bus:1 Port:1.4 - Added / Starting ...  [23MB/34MB 68%]
20240507 210148.691 [main] ERROR i.g.d.s.t.u.USBTunerController - Access to USB tuner denied - (windows) reinstall zadig driver or (linux) blacklist driver and/or check udev rules  [25MB/34MB 75%]
20240507 210148.691 [main] INFO  i.g.d.s.t.m.DiscoveredTuner - Tuner Error - Stopping - RTL-2832 USB Bus:1 Port:1.4 Error: access denied - if using linux, blacklist the default driver and/or install udev rules  [25MB/34MB 75%]
20240507 210148.691 [main] INFO  i.g.d.s.t.m.DiscoveredTuner - Stopping Tuner: RTL-2832 USB Bus:1 Port:1.4  [25MB/34MB 75%]
20240507 210148.691 [main] ERROR i.g.d.s.t.m.DiscoveredUSBTuner - Unable to start tuner [RTL-2832] - error: access denied - if using linux, blacklist the default driver and/or install udev rules  [25MB/34MB 75%]
20240507 210148.693 [main] INFO  i.g.d.s.t.manager.TunerManager - Tuner: USB Tuner - RTL-2832 USB Bus:1 Port:1.3 - Added / Starting ...  [25MB/34MB 75%]
20240507 210148.696 [main] ERROR i.g.d.s.t.u.USBTunerController - Access to USB tuner denied - (windows) reinstall zadig driver or (linux) blacklist driver and/or check udev rules  [25MB/34MB 75%]
20240507 210148.696 [main] INFO  i.g.d.s.t.m.DiscoveredTuner - Tuner Error - Stopping - RTL-2832 USB Bus:1 Port:1.3 Error: access denied - if using linux, blacklist the default driver and/or install udev rules  [25MB/34MB 75%]
20240507 210148.696 [main] INFO  i.g.d.s.t.m.DiscoveredTuner - Stopping Tuner: RTL-2832 USB Bus:1 Port:1.3  [25MB/34MB 75%]
20240507 210148.696 [main] ERROR i.g.d.s.t.m.DiscoveredUSBTuner - Unable to start tuner [RTL-2832] - error: access denied - if using linux, blacklist the default driver and/or install udev rules  [25MB/34MB 75%]
20240507 210148.696 [main] INFO  i.g.d.s.t.manager.TunerManager - LibUsb - starting HotPlug detection  [25MB/34MB 75%]
20240507 210148.700 [main] INFO  i.g.d.s.t.manager.TunerManager - Tuner plug-in detected at USB Bus [1] Port [4] Tuner Class [RTL-2832]  [26MB/34MB 77%]
20240507 210148.700 [main] INFO  i.g.d.s.t.manager.TunerManager - Tuner plug-in detected at USB Bus [1] Port [3] Tuner Class [RTL-2832]  [26MB/34MB 77%]
20240507 210148.703 [main] INFO  i.g.d.settings.SettingsManager - SettingsManager - loading settings file [/home/tyler/SDRTrunk/settings/settings.xml]  [26MB/34MB 77%]
20240507 210149.047 [main] WARN  i.g.d.vector.VectorUtilities - CPU supports maximum SIMD instructions of Species[float, 8, S_256_BIT]  [14MB/38MB 37%]
20240507 210149.509 [main] INFO  i.g.d.playlist.PlaylistManager - Loading playlist [/home/tyler/SDRTrunk/playlist/default.xml]  [23MB/38MB 61%]
20240507 210149.871 [main] INFO  i.github.dsheirer.gui.SDRTrunk - starting main application gui  [38MB/148MB 26%]
20240507 210158.517 [sdrtrunk cached thread 1] ERROR i.g.d.g.p.c.ChannelConfigurationEditor - Error starting channel [Control] - No Tuner Available  [175MB/296MB 59%]
20240507 210207.902 [AWT-EventQueue-0] INFO  i.github.dsheirer.gui.SDRTrunk - Application shutdown started ...  [197MB/296MB 66%]
20240507 210207.908 [AWT-EventQueue-0] INFO  i.github.dsheirer.gui.SDRTrunk - Stopping channels ...  [197MB/296MB 66%]
20240507 210207.909 [AWT-EventQueue-0] INFO  i.github.dsheirer.gui.SDRTrunk - Stopping spectral display ...  [197MB/296MB 66%]
20240507 210207.930 [AWT-EventQueue-0] INFO  i.github.dsheirer.gui.SDRTrunk - Stopping tuners ...  [197MB/296MB 66%]
20240507 210207.931 [AWT-EventQueue-0] INFO  i.g.d.s.t.u.DiscoveredTunerModel - Removing discovered tuner: RTL-2832 USB Bus:1 Port:1.4  [197MB/296MB 66%]
20240507 210207.932 [AWT-EventQueue-0] INFO  i.g.d.s.t.u.DiscoveredTunerModel - Removing discovered tuner: RTL-2832 USB Bus:1 Port:1.3  [197MB/296MB 66%]
20240507 210207.932 [AWT-EventQueue-0] INFO  i.github.dsheirer.gui.SDRTrunk - Shutdown complete.  [198MB/296MB 66%]
20240507 210207.932 [AWT-EventQueue-0] INFO  i.g.d.log.ApplicationLog - Stopping application logging  [198MB/296MB 66%]
20240507 210447.928 [main] INFO  i.g.d.log.ApplicationLog - SDRTrunk Version  : 0.5.3  [9MB/250MB 3%]
20240507 210447.928 [main] INFO  i.g.d.log.ApplicationLog - Gradle Version    : Gradle 7.6  [9MB/250MB 3%]
20240507 210447.928 [main] INFO  i.g.d.log.ApplicationLog - Build Timestamp   : 2023-04-12T03:48:32.618-0400  [9MB/250MB 3%]
20240507 210447.928 [main] INFO  i.g.d.log.ApplicationLog - Build-JDK         : 19.0.1 (BellSoft 19.0.1+11  [9MB/250MB 3%]
20240507 210447.928 [main] INFO  i.g.d.log.ApplicationLog - Build OS          : Linux (amd64 5.19.0-38-generic  [9MB/250MB 3%]
20240507 210447.928 [main] INFO  i.g.d.log.ApplicationLog -   [9MB/250MB 3%]
20240507 210447.929 [main] INFO  i.g.d.log.ApplicationLog - *******************************************************************  [9MB/250MB 3%]
20240507 210447.929 [main] INFO  i.g.d.log.ApplicationLog - **** sdrtrunk: a trunked radio and digital decoding application ***  [9MB/250MB 3%]
20240507 210447.929 [main] INFO  i.g.d.log.ApplicationLog - ****  website: https://github.com/dsheirer/sdrtrunk             ***  [9MB/250MB 3%]
20240507 210447.929 [main] INFO  i.g.d.log.ApplicationLog - *******************************************************************  [9MB/250MB 3%]
20240507 210447.929 [main] INFO  i.g.d.log.ApplicationLog - Memory Logging Format: [Used/Allocated PercentUsed%]  [9MB/250MB 3%]
20240507 210447.929 [main] INFO  i.g.d.log.ApplicationLog - Host OS Name:          Linux  [9MB/250MB 3%]
20240507 210447.929 [main] INFO  i.g.d.log.ApplicationLog - Host OS Arch:          amd64  [9MB/250MB 3%]
20240507 210447.929 [main] INFO  i.g.d.log.ApplicationLog - Host OS Version:       6.8.0-76060800daily20240311-generic  [9MB/250MB 3%]
20240507 210447.930 [main] INFO  i.g.d.log.ApplicationLog - Host CPU Cores:        6  [9MB/250MB 3%]
20240507 210447.930 [main] INFO  i.g.d.log.ApplicationLog - Host Max Java Memory:  3 GB  [9MB/250MB 3%]
20240507 210447.930 [main] INFO  i.g.d.log.ApplicationLog - Storage Directories:  [9MB/250MB 3%]
20240507 210447.930 [main] INFO  i.g.d.log.ApplicationLog -  Application Root: /home/tyler/SDRTrunk  [9MB/250MB 3%]
20240507 210447.930 [main] INFO  i.g.d.log.ApplicationLog -  Application Log:  /home/tyler/SDRTrunk/logs  [9MB/250MB 3%]
20240507 210447.930 [main] INFO  i.g.d.log.ApplicationLog -  Event Log:        /home/tyler/SDRTrunk/event_logs  [9MB/250MB 3%]
20240507 210447.930 [main] INFO  i.g.d.log.ApplicationLog -  Playlist:         /home/tyler/SDRTrunk/playlist  [9MB/250MB 3%]
20240507 210447.931 [main] INFO  i.g.d.log.ApplicationLog -  Recordings:       /home/tyler/SDRTrunk/recordings  [9MB/250MB 3%]
20240507 210447.986 [main] INFO  i.g.dsheirer.util.ThreadPool - Application thread pool created SCHEDULED and CACHED executors threads  [6MB/250MB 2%]
20240507 210447.987 [main] INFO  i.github.dsheirer.gui.SDRTrunk - Home path: /home/tyler/SDRTrunk  [6MB/34MB 19%]
20240507 210447.988 [main] INFO  i.g.d.p.SystemProperties - SystemProperties - loaded [/home/tyler/SDRTrunk/SDRTrunk.properties]  [6MB/34MB 19%]
20240507 210447.989 [main] INFO  i.g.d.p.SystemProperties - SystemProperties - application properties loaded [/home/tyler/SDRTrunk/SDRTrunk.properties]  [6MB/34MB 19%]
20240507 210448.156 [main] INFO  i.g.d.s.t.manager.TunerManager - Discovering tuners ...  [22MB/34MB 65%]
20240507 210448.162 [main] INFO  i.g.d.s.t.manager.TunerManager - LibUsb API Version: 1.0.262  [22MB/34MB 66%]
20240507 210448.163 [main] INFO  i.g.d.s.t.manager.TunerManager - LibUsb Version: 1.0.22.11312  [22MB/34MB 66%]
20240507 210448.165 [main] INFO  i.g.d.s.t.manager.TunerManager - LibUsb - discovered [10] potential usb devices  [22MB/34MB 66%]
20240507 210448.169 [main] INFO  i.g.d.s.t.manager.TunerManager - Discovered tuner at USB Bus [1] Port [1.4] Tuner Class [RTL-2832]  [23MB/34MB 68%]
20240507 210448.172 [main] INFO  i.g.d.s.t.manager.TunerManager - Discovered tuner at USB Bus [1] Port [1.3] Tuner Class [RTL-2832]  [23MB/34MB 68%]
20240507 210448.173 [main] INFO  i.g.d.s.t.manager.TunerManager - Tuner: USB Tuner - RTL-2832 USB Bus:1 Port:1.4 - Added / Starting ...  [23MB/34MB 68%]
20240507 210448.189 [main] ERROR i.g.d.s.t.u.USBTunerController - Access to USB tuner denied - (windows) reinstall zadig driver or (linux) blacklist driver and/or check udev rules  [25MB/34MB 74%]
20240507 210448.190 [main] INFO  i.g.d.s.t.m.DiscoveredTuner - Tuner Error - Stopping - RTL-2832 USB Bus:1 Port:1.4 Error: access denied - if using linux, blacklist the default driver and/or install udev rules  [25MB/34MB 74%]
20240507 210448.190 [main] INFO  i.g.d.s.t.m.DiscoveredTuner - Stopping Tuner: RTL-2832 USB Bus:1 Port:1.4  [25MB/34MB 74%]
20240507 210448.190 [main] ERROR i.g.d.s.t.m.DiscoveredUSBTuner - Unable to start tuner [RTL-2832] - error: access denied - if using linux, blacklist the default driver and/or install udev rules  [25MB/34MB 74%]
20240507 210448.192 [main] INFO  i.g.d.s.t.manager.TunerManager - Tuner: USB Tuner - RTL-2832 USB Bus:1 Port:1.3 - Added / Starting ...  [25MB/34MB 75%]
20240507 210448.194 [main] ERROR i.g.d.s.t.u.USBTunerController - Access to USB tuner denied - (windows) reinstall zadig driver or (linux) blacklist driver and/or check udev rules  [25MB/34MB 75%]
20240507 210448.195 [main] INFO  i.g.d.s.t.m.DiscoveredTuner - Tuner Error - Stopping - RTL-2832 USB Bus:1 Port:1.3 Error: access denied - if using linux, blacklist the default driver and/or install udev rules  [25MB/34MB 75%]
20240507 210448.195 [main] INFO  i.g.d.s.t.m.DiscoveredTuner - Stopping Tuner: RTL-2832 USB Bus:1 Port:1.3  [25MB/34MB 75%]
20240507 210448.195 [main] ERROR i.g.d.s.t.m.DiscoveredUSBTuner - Unable to start tuner [RTL-2832] - error: access denied - if using linux, blacklist the default driver and/or install udev rules  [25MB/34MB 75%]
20240507 210448.195 [main] INFO  i.g.d.s.t.manager.TunerManager - LibUsb - starting HotPlug detection  [25MB/34MB 75%]
20240507 210448.199 [main] INFO  i.g.d.s.t.manager.TunerManager - Tuner plug-in detected at USB Bus [1] Port [4] Tuner Class [RTL-2832]  [26MB/34MB 77%]
20240507 210448.199 [main] INFO  i.g.d.s.t.manager.TunerManager - Tuner plug-in detected at USB Bus [1] Port [3] Tuner Class [RTL-2832]  [26MB/34MB 77%]
20240507 210448.201 [main] INFO  i.g.d.settings.SettingsManager - SettingsManager - loading settings file [/home/tyler/SDRTrunk/settings/settings.xml]  [26MB/34MB 77%]
20240507 210448.534 [main] WARN  i.g.d.vector.VectorUtilities - CPU supports maximum SIMD instructions of Species[float, 8, S_256_BIT]  [14MB/38MB 38%]
20240507 210449.275 [main] INFO  i.g.d.playlist.PlaylistManager - Loading playlist [/home/tyler/SDRTrunk/playlist/default.xml]  [23MB/38MB 61%]
20240507 210449.635 [main] INFO  i.github.dsheirer.gui.SDRTrunk - starting main application gui  [41MB/100MB 41%]
20240507 210451.573 [AWT-EventQueue-0] INFO  i.g.d.c.c.ChannelAutoStartFrame - Starting [1] channels now - user invoked  [73MB/100MB 73%]
20240507 210451.577 [AWT-EventQueue-0] ERROR i.g.d.c.c.ChannelProcessingManager - Error starting requested channel [Control:[852262500, 852462500, 853725000]] - No Tuner Available  [74MB/100MB 74%]
20240507 210500.461 [AWT-EventQueue-0] INFO  i.g.d.s.tuner.ui.TunerEditor - Restarting RTL-2832 tuner  [46MB/100MB 46%]
20240507 210500.481 [AWT-EventQueue-0] ERROR i.g.d.s.t.u.USBTunerController - Access to USB tuner denied - (windows) reinstall zadig driver or (linux) blacklist driver and/or check udev rules  [46MB/100MB 46%]
20240507 210500.482 [AWT-EventQueue-0] INFO  i.g.d.s.t.m.DiscoveredTuner - Tuner Error - Stopping - RTL-2832 USB Bus:1 Port:1.4 Error: access denied - if using linux, blacklist the default driver and/or install udev rules  [46MB/100MB 46%]
20240507 210500.482 [AWT-EventQueue-0] INFO  i.g.d.s.t.m.DiscoveredTuner - Stopping Tuner: RTL-2832 USB Bus:1 Port:1.4  [46MB/100MB 46%]
20240507 210500.495 [AWT-EventQueue-0] ERROR i.g.d.s.t.m.DiscoveredUSBTuner - Unable to start tuner [RTL-2832] - error: access denied - if using linux, blacklist the default driver and/or install udev rules  [46MB/100MB 46%]
20240507 210542.396 [AWT-EventQueue-0] INFO  i.g.d.s.tuner.ui.TunerEditor - Restarting RTL-2832 tuner  [83MB/100MB 83%]
20240507 210542.399 [AWT-EventQueue-0] ERROR i.g.d.s.t.u.USBTunerController - Access to USB tuner denied - (windows) reinstall zadig driver or (linux) blacklist driver and/or check udev rules  [83MB/100MB 83%]
20240507 210542.399 [AWT-EventQueue-0] INFO  i.g.d.s.t.m.DiscoveredTuner - Tuner Error - Stopping - RTL-2832 USB Bus:1 Port:1.4 Error: access denied - if using linux, blacklist the default driver and/or install udev rules  [83MB/100MB 83%]
20240507 210542.399 [AWT-EventQueue-0] INFO  i.g.d.s.t.m.DiscoveredTuner - Stopping Tuner: RTL-2832 USB Bus:1 Port:1.4  [83MB/100MB 83%]
20240507 210542.409 [AWT-EventQueue-0] ERROR i.g.d.s.t.m.DiscoveredUSBTuner - Unable to start tuner [RTL-2832] - error: access denied - if using linux, blacklist the default driver and/or install udev rules  [84MB/100MB 84%]
20240507 210544.833 [AWT-EventQueue-0] INFO  i.github.dsheirer.gui.SDRTrunk - Application shutdown started ...  [67MB/100MB 67%]
20240507 210544.843 [AWT-EventQueue-0] INFO  i.github.dsheirer.gui.SDRTrunk - Stopping channels ...  [67MB/100MB 67%]
20240507 210544.844 [AWT-EventQueue-0] INFO  i.github.dsheirer.gui.SDRTrunk - Stopping spectral display ...  [67MB/100MB 67%]
20240507 210544.870 [AWT-EventQueue-0] INFO  i.github.dsheirer.gui.SDRTrunk - Stopping tuners ...  [67MB/100MB 67%]
20240507 210544.870 [AWT-EventQueue-0] INFO  i.g.d.s.t.u.DiscoveredTunerModel - Removing discovered tuner: RTL-2832 USB Bus:1 Port:1.4  [67MB/100MB 67%]
20240507 210544.871 [AWT-EventQueue-0] INFO  i.g.d.s.t.u.DiscoveredTunerModel - Removing discovered tuner: RTL-2832 USB Bus:1 Port:1.3  [67MB/100MB 67%]
20240507 210544.871 [AWT-EventQueue-0] INFO  i.github.dsheirer.gui.SDRTrunk - Shutdown complete.  [67MB/100MB 67%]
20240507 210544.872 [AWT-EventQueue-0] INFO  i.g.d.log.ApplicationLog - Stopping application logging  [67MB/100MB 67%]
