20240809 204114.051 [main] INFO  i.g.d.log.ApplicationLog - SDRTrunk Version  : 0.5.3  [9MB/250MB 3%]
20240809 204114.052 [main] INFO  i.g.d.log.ApplicationLog - Gradle Version    : Gradle 7.6  [9MB/250MB 3%]
20240809 204114.052 [main] INFO  i.g.d.log.ApplicationLog - Build Timestamp   : 2023-04-12T03:48:32.618-0400  [9MB/250MB 3%]
20240809 204114.053 [main] INFO  i.g.d.log.ApplicationLog - Build-JDK         : 19.0.1 (BellSoft 19.0.1+11  [9MB/250MB 3%]
20240809 204114.053 [main] INFO  i.g.d.log.ApplicationLog - Build OS          : Linux (amd64 5.19.0-38-generic  [9MB/250MB 3%]
20240809 204114.053 [main] INFO  i.g.d.log.ApplicationLog -   [9MB/250MB 3%]
20240809 204114.053 [main] INFO  i.g.d.log.ApplicationLog - *******************************************************************  [9MB/250MB 3%]
20240809 204114.053 [main] INFO  i.g.d.log.ApplicationLog - **** sdrtrunk: a trunked radio and digital decoding application ***  [9MB/250MB 3%]
20240809 204114.053 [main] INFO  i.g.d.log.ApplicationLog - ****  website: https://github.com/dsheirer/sdrtrunk             ***  [9MB/250MB 3%]
20240809 204114.053 [main] INFO  i.g.d.log.ApplicationLog - *******************************************************************  [9MB/250MB 3%]
20240809 204114.053 [main] INFO  i.g.d.log.ApplicationLog - Memory Logging Format: [Used/Allocated PercentUsed%]  [9MB/250MB 3%]
20240809 204114.053 [main] INFO  i.g.d.log.ApplicationLog - Host OS Name:          Linux  [9MB/250MB 3%]
20240809 204114.054 [main] INFO  i.g.d.log.ApplicationLog - Host OS Arch:          amd64  [9MB/250MB 3%]
20240809 204114.054 [main] INFO  i.g.d.log.ApplicationLog - Host OS Version:       6.9.3-76060903-generic  [9MB/250MB 3%]
20240809 204114.054 [main] INFO  i.g.d.log.ApplicationLog - Host CPU Cores:        6  [9MB/250MB 3%]
20240809 204114.054 [main] INFO  i.g.d.log.ApplicationLog - Host Max Java Memory:  3 GB  [9MB/250MB 3%]
20240809 204114.054 [main] INFO  i.g.d.log.ApplicationLog - Storage Directories:  [9MB/250MB 3%]
20240809 204114.054 [main] INFO  i.g.d.log.ApplicationLog -  Application Root: /home/tyler/SDRTrunk  [9MB/250MB 3%]
20240809 204114.054 [main] INFO  i.g.d.log.ApplicationLog -  Application Log:  /home/tyler/SDRTrunk/logs  [9MB/250MB 3%]
20240809 204114.055 [main] INFO  i.g.d.log.ApplicationLog -  Event Log:        /home/tyler/SDRTrunk/event_logs  [9MB/250MB 3%]
20240809 204114.055 [main] INFO  i.g.d.log.ApplicationLog -  Playlist:         /home/tyler/SDRTrunk/playlist  [9MB/250MB 3%]
20240809 204114.055 [main] INFO  i.g.d.log.ApplicationLog -  Recordings:       /home/tyler/SDRTrunk/recordings  [9MB/250MB 3%]
20240809 204114.121 [main] INFO  i.g.dsheirer.util.ThreadPool - Application thread pool created SCHEDULED and CACHED executors threads  [8MB/34MB 24%]
20240809 204114.121 [main] INFO  i.github.dsheirer.gui.SDRTrunk - Home path: /home/tyler/SDRTrunk  [8MB/34MB 24%]
20240809 204114.121 [main] INFO  i.g.d.p.SystemProperties - SystemProperties - loaded [/home/tyler/SDRTrunk/SDRTrunk.properties]  [8MB/34MB 24%]
20240809 204114.121 [main] INFO  i.g.d.p.SystemProperties - SystemProperties - application properties loaded [/home/tyler/SDRTrunk/SDRTrunk.properties]  [8MB/34MB 24%]
20240809 204114.308 [main] INFO  i.g.d.s.t.manager.TunerManager - Discovering tuners ...  [24MB/34MB 71%]
20240809 204114.315 [main] INFO  i.g.d.s.t.manager.TunerManager - LibUsb API Version: 1.0.262  [24MB/34MB 71%]
20240809 204114.315 [main] INFO  i.g.d.s.t.manager.TunerManager - LibUsb Version: 1.0.22.11312  [24MB/34MB 71%]
20240809 204114.317 [main] INFO  i.g.d.s.t.manager.TunerManager - LibUsb - discovered [8] potential usb devices  [24MB/34MB 71%]
20240809 204114.322 [main] INFO  i.g.d.s.t.manager.TunerManager - Discovered tuner at USB Bus [1] Port [1.1] Tuner Class [RTL-2832]  [24MB/34MB 72%]
20240809 204114.326 [main] INFO  i.g.d.s.t.manager.TunerManager - Tuner: USB Tuner - RTL-2832 USB Bus:1 Port:1.1 - Added / Starting ...  [24MB/34MB 72%]
20240809 204115.502 [main] INFO  i.g.d.d.f.c.ComplexPolyphaseChannelizerM2 - Sample Rate [2400000.0] providing [96] channels at [25000.0] Hz each  [27MB/34MB 81%]
20240809 204115.507 [main] INFO  i.g.d.s.t.manager.TunerManager - Tuner: USB Tuner - RTL-2832 USB Bus:1 Port:1.1 - Applying Tuner Configuration  [27MB/34MB 81%]
20240809 204115.731 [main] INFO  i.g.d.s.t.manager.TunerManager - LibUsb - starting HotPlug detection  [27MB/34MB 81%]
20240809 204115.737 [main] INFO  i.g.d.s.t.manager.TunerManager - Tuner plug-in detected at USB Bus [1] Port [1] Tuner Class [RTL-2832]  [7MB/34MB 21%]
20240809 204115.740 [main] INFO  i.g.d.settings.SettingsManager - SettingsManager - loading settings file [/home/tyler/SDRTrunk/settings/settings.xml]  [7MB/34MB 22%]
20240809 204116.081 [main] WARN  i.g.d.vector.VectorUtilities - CPU supports maximum SIMD instructions of Species[float, 8, S_256_BIT]  [8MB/34MB 25%]
20240809 204116.904 [main] INFO  i.g.d.playlist.PlaylistManager - Loading playlist [/home/tyler/SDRTrunk/playlist/default.xml]  [25MB/34MB 75%]
20240809 204117.261 [main] INFO  i.github.dsheirer.gui.SDRTrunk - starting main application gui  [40MB/146MB 27%]
20240809 204122.990 [AWT-EventQueue-0] INFO  i.g.d.c.c.ChannelAutoStartFrame - Starting [1] channels now - user invoked  [64MB/146MB 44%]
20240809 204123.168 [AWT-EventQueue-0] INFO  i.g.d.a.c.mbe.JmbeAudioModule - Loading JMBE library from [/home/tyler/SDRTrunk/jmbe/jmbe-1.0.9.jar]  [76MB/146MB 52%]
20240809 204123.173 [AWT-EventQueue-0] INFO  i.g.d.a.c.mbe.JmbeAudioModule - JMBE audio conversion library loaded: JMBE Audio Conversion Library v1.0.9  [76MB/146MB 52%]
20240809 204123.173 [AWT-EventQueue-0] INFO  i.g.d.a.c.mbe.ImbeAudioModule - JMBE audio conversion library IMBE CODEC successfully loaded - P25-1 audio will be available  [76MB/146MB 52%]
20240809 204123.183 [AWT-EventQueue-0] INFO  i.g.d.d.f.c.ComplexPolyphaseChannelizerM2 - Sample Rate [2400000.0] providing [96] channels at [25000.0] Hz each  [77MB/146MB 53%]
20240809 204155.766 [AWT-EventQueue-0] INFO  i.github.dsheirer.gui.SDRTrunk - Application shutdown started ...  [89MB/414MB 21%]
20240809 204155.770 [AWT-EventQueue-0] INFO  i.github.dsheirer.gui.SDRTrunk - Stopping channels ...  [89MB/414MB 21%]
20240809 204155.774 [AWT-EventQueue-0] INFO  i.github.dsheirer.gui.SDRTrunk - Stopping spectral display ...  [95MB/414MB 23%]
20240809 204155.788 [AWT-EventQueue-0] INFO  i.github.dsheirer.gui.SDRTrunk - Stopping tuners ...  [96MB/414MB 23%]
20240809 204155.788 [AWT-EventQueue-0] INFO  i.g.d.s.t.u.DiscoveredTunerModel - Removing discovered tuner: RTL-2832 USB Bus:1 Port:1.1  [96MB/414MB 23%]
20240809 204155.789 [AWT-EventQueue-0] INFO  i.g.d.s.t.m.DiscoveredTuner - Stopping Tuner: RTL-2832 USB Bus:1 Port:1.1  [96MB/414MB 23%]
20240809 204155.792 [AWT-EventQueue-0] INFO  i.github.dsheirer.gui.SDRTrunk - Shutdown complete.  [96MB/414MB 23%]
20240809 204155.792 [AWT-EventQueue-0] INFO  i.g.d.log.ApplicationLog - Stopping application logging  [96MB/414MB 23%]
20240809 204317.038 [main] INFO  i.g.d.log.ApplicationLog - SDRTrunk Version  : 0.5.3  [9MB/250MB 3%]
20240809 204317.038 [main] INFO  i.g.d.log.ApplicationLog - Gradle Version    : Gradle 7.6  [9MB/250MB 3%]
20240809 204317.038 [main] INFO  i.g.d.log.ApplicationLog - Build Timestamp   : 2023-04-12T03:48:32.618-0400  [9MB/250MB 3%]
20240809 204317.038 [main] INFO  i.g.d.log.ApplicationLog - Build-JDK         : 19.0.1 (BellSoft 19.0.1+11  [9MB/250MB 3%]
20240809 204317.038 [main] INFO  i.g.d.log.ApplicationLog - Build OS          : Linux (amd64 5.19.0-38-generic  [9MB/250MB 3%]
20240809 204317.038 [main] INFO  i.g.d.log.ApplicationLog -   [9MB/250MB 3%]
20240809 204317.039 [main] INFO  i.g.d.log.ApplicationLog - *******************************************************************  [9MB/250MB 3%]
20240809 204317.039 [main] INFO  i.g.d.log.ApplicationLog - **** sdrtrunk: a trunked radio and digital decoding application ***  [9MB/250MB 3%]
20240809 204317.039 [main] INFO  i.g.d.log.ApplicationLog - ****  website: https://github.com/dsheirer/sdrtrunk             ***  [9MB/250MB 3%]
20240809 204317.039 [main] INFO  i.g.d.log.ApplicationLog - *******************************************************************  [9MB/250MB 3%]
20240809 204317.039 [main] INFO  i.g.d.log.ApplicationLog - Memory Logging Format: [Used/Allocated PercentUsed%]  [9MB/250MB 3%]
20240809 204317.039 [main] INFO  i.g.d.log.ApplicationLog - Host OS Name:          Linux  [9MB/250MB 3%]
20240809 204317.039 [main] INFO  i.g.d.log.ApplicationLog - Host OS Arch:          amd64  [9MB/250MB 3%]
20240809 204317.039 [main] INFO  i.g.d.log.ApplicationLog - Host OS Version:       6.9.3-76060903-generic  [9MB/250MB 3%]
20240809 204317.040 [main] INFO  i.g.d.log.ApplicationLog - Host CPU Cores:        6  [9MB/250MB 3%]
20240809 204317.040 [main] INFO  i.g.d.log.ApplicationLog - Host Max Java Memory:  3 GB  [9MB/250MB 3%]
20240809 204317.040 [main] INFO  i.g.d.log.ApplicationLog - Storage Directories:  [9MB/250MB 3%]
20240809 204317.040 [main] INFO  i.g.d.log.ApplicationLog -  Application Root: /home/tyler/SDRTrunk  [9MB/250MB 3%]
20240809 204317.040 [main] INFO  i.g.d.log.ApplicationLog -  Application Log:  /home/tyler/SDRTrunk/logs  [9MB/250MB 3%]
20240809 204317.040 [main] INFO  i.g.d.log.ApplicationLog -  Event Log:        /home/tyler/SDRTrunk/event_logs  [9MB/250MB 3%]
20240809 204317.040 [main] INFO  i.g.d.log.ApplicationLog -  Playlist:         /home/tyler/SDRTrunk/playlist  [9MB/250MB 3%]
20240809 204317.041 [main] INFO  i.g.d.log.ApplicationLog -  Recordings:       /home/tyler/SDRTrunk/recordings  [9MB/250MB 3%]
20240809 204317.097 [main] INFO  i.g.dsheirer.util.ThreadPool - Application thread pool created SCHEDULED and CACHED executors threads  [7MB/34MB 22%]
20240809 204317.097 [main] INFO  i.github.dsheirer.gui.SDRTrunk - Home path: /home/tyler/SDRTrunk  [7MB/34MB 22%]
20240809 204317.097 [main] INFO  i.g.d.p.SystemProperties - SystemProperties - loaded [/home/tyler/SDRTrunk/SDRTrunk.properties]  [7MB/34MB 22%]
20240809 204317.098 [main] INFO  i.g.d.p.SystemProperties - SystemProperties - application properties loaded [/home/tyler/SDRTrunk/SDRTrunk.properties]  [7MB/34MB 22%]
20240809 204317.263 [main] INFO  i.g.d.s.t.manager.TunerManager - Discovering tuners ...  [23MB/34MB 68%]
20240809 204317.270 [main] INFO  i.g.d.s.t.manager.TunerManager - LibUsb API Version: 1.0.262  [23MB/34MB 69%]
20240809 204317.270 [main] INFO  i.g.d.s.t.manager.TunerManager - LibUsb Version: 1.0.22.11312  [23MB/34MB 69%]
20240809 204317.272 [main] INFO  i.g.d.s.t.manager.TunerManager - LibUsb - discovered [9] potential usb devices  [23MB/34MB 69%]
20240809 204317.277 [main] INFO  i.g.d.s.t.manager.TunerManager - Discovered tuner at USB Bus [1] Port [1.2] Tuner Class [RTL-2832]  [24MB/34MB 71%]
20240809 204317.279 [main] INFO  i.g.d.s.t.manager.TunerManager - Discovered tuner at USB Bus [1] Port [1.1] Tuner Class [RTL-2832]  [24MB/34MB 71%]
20240809 204317.280 [main] INFO  i.g.d.s.t.manager.TunerManager - Tuner: USB Tuner - RTL-2832 USB Bus:1 Port:1.2 - Added / Starting ...  [24MB/34MB 71%]
20240809 204318.461 [main] INFO  i.g.d.d.f.c.ComplexPolyphaseChannelizerM2 - Sample Rate [2400000.0] providing [96] channels at [25000.0] Hz each  [27MB/34MB 79%]
20240809 204318.463 [main] INFO  i.g.d.s.t.manager.TunerManager - Tuner: USB Tuner - RTL-2832 USB Bus:1 Port:1.2 - Applying Tuner Configuration  [27MB/34MB 79%]
20240809 204318.688 [main] INFO  i.g.d.s.t.manager.TunerManager - Tuner: USB Tuner - RTL-2832 USB Bus:1 Port:1.1 - Added / Starting ...  [27MB/34MB 80%]
20240809 204319.798 [main] INFO  i.g.d.d.f.c.ComplexPolyphaseChannelizerM2 - Sample Rate [2400000.0] providing [96] channels at [25000.0] Hz each  [27MB/34MB 80%]
20240809 204319.799 [main] INFO  i.g.d.s.t.manager.TunerManager - Tuner: USB Tuner - RTL-2832 USB Bus:1 Port:1.1 - Applying Tuner Configuration  [27MB/34MB 80%]
20240809 204320.019 [main] INFO  i.g.d.s.t.manager.TunerManager - LibUsb - starting HotPlug detection  [27MB/34MB 80%]
20240809 204320.031 [main] INFO  i.g.d.s.t.manager.TunerManager - Tuner plug-in detected at USB Bus [1] Port [2] Tuner Class [RTL-2832]  [27MB/34MB 81%]
20240809 204320.031 [main] INFO  i.g.d.s.t.manager.TunerManager - Tuner plug-in detected at USB Bus [1] Port [1] Tuner Class [RTL-2832]  [27MB/34MB 81%]
20240809 204320.034 [main] INFO  i.g.d.settings.SettingsManager - SettingsManager - loading settings file [/home/tyler/SDRTrunk/settings/settings.xml]  [27MB/34MB 81%]
20240809 204320.377 [main] WARN  i.g.d.vector.VectorUtilities - CPU supports maximum SIMD instructions of Species[float, 8, S_256_BIT]  [8MB/34MB 25%]
20240809 204321.125 [main] INFO  i.g.d.playlist.PlaylistManager - Loading playlist [/home/tyler/SDRTrunk/playlist/default.xml]  [23MB/34MB 68%]
20240809 204321.505 [main] INFO  i.github.dsheirer.gui.SDRTrunk - starting main application gui  [42MB/88MB 47%]
20240809 204325.282 [AWT-EventQueue-0] INFO  i.g.d.c.c.ChannelAutoStartFrame - Starting [1] channels now - user invoked  [51MB/92MB 56%]
20240809 204325.473 [AWT-EventQueue-0] INFO  i.g.d.a.c.mbe.JmbeAudioModule - Loading JMBE library from [/home/tyler/SDRTrunk/jmbe/jmbe-1.0.9.jar]  [63MB/92MB 69%]
20240809 204325.479 [AWT-EventQueue-0] INFO  i.g.d.a.c.mbe.JmbeAudioModule - JMBE audio conversion library loaded: JMBE Audio Conversion Library v1.0.9  [64MB/92MB 69%]
20240809 204325.479 [AWT-EventQueue-0] INFO  i.g.d.a.c.mbe.ImbeAudioModule - JMBE audio conversion library IMBE CODEC successfully loaded - P25-1 audio will be available  [64MB/92MB 69%]
20240809 204325.489 [AWT-EventQueue-0] INFO  i.g.d.d.f.c.ComplexPolyphaseChannelizerM2 - Sample Rate [2400000.0] providing [96] channels at [25000.0] Hz each  [64MB/92MB 70%]
20240809 204327.341 [sdrtrunk polyphase channel thread 1] INFO  i.g.d.d.f.c.ComplexPolyphaseChannelizerM2 - Sample Rate [2400000.0] providing [96] channels at [25000.0] Hz each  [121MB/214MB 56%]
20240809 204403.690 [sdrtrunk scheduled thread 1] INFO  i.g.d.s.t.m.FrequencyErrorCorrectionManager - Auto-Correcting Tuner PPM to [-2.2]  [96MB/576MB 16%]
20240809 204407.292 [sdrtrunk scheduled thread 1] INFO  i.g.d.s.t.m.FrequencyErrorCorrectionManager - Auto-Correcting Tuner PPM to [-2.0]  [98MB/576MB 17%]
20240809 204846.200 [JavaFX Application Thread] INFO  i.g.d.playlist.PlaylistManager - Loading playlist [/home/tyler/SDRTrunk/playlist/MPSCS.xml]  [397MB/802MB 49%]
20240809 204846.222 [JavaFX Application Thread] INFO  i.g.d.m.d.p.P25TrafficChannelManager - Stopping traffic channel: Michigan's Public Safety Communications System (MPSCS)_Kalamazoo_TRAFFIC_24  [418MB/802MB 52%]
20240809 204849.284 [JavaFX Application Thread] INFO  i.g.d.playlist.PlaylistManager - Loading playlist [/home/tyler/SDRTrunk/playlist/MPSCS.xml]  [438MB/802MB 54%]
20240809 210008.308 [JavaFX Application Thread] INFO  i.g.d.m.d.p.P25TrafficChannelManager - Stopping traffic channel: Michigan's Public Safety Communications System (MPSCS)_Kalamazoo_TRAFFIC_152  [254MB/802MB 31%]
20240809 210008.309 [JavaFX Application Thread] INFO  i.g.d.m.d.p.P25TrafficChannelManager - Stopping traffic channel: Michigan's Public Safety Communications System (MPSCS)_Kalamazoo_TRAFFIC_153  [255MB/802MB 31%]
20240809 210115.779 [JavaFX Application Thread] INFO  i.g.d.playlist.PlaylistManager - Loading playlist [/home/tyler/SDRTrunk/playlist/kalamazoo.xml]  [371MB/802MB 46%]
20240809 210622.388 [sdrtrunk cached thread 3] ERROR i.g.d.g.p.r.AgencyFrequencyEditor - Error retrieving frequencies for subcategory [(All)]  [317MB/802MB 39%]
java.util.ConcurrentModificationException: null
	at java.base/java.util.AbstractList$Itr.checkForComodification(Unknown Source)
	at java.base/java.util.AbstractList$Itr.next(Unknown Source)
	at io.github.dsheirer.gui.playlist.radioreference.AgencyFrequencyEditor.lambda$getSubCategoryComboBox$5(AgencyFrequencyEditor.java:407)
	at java.base/java.util.concurrent.Executors$RunnableAdapter.call(Unknown Source)
	at java.base/java.util.concurrent.FutureTask.run(Unknown Source)
	at java.base/java.util.concurrent.ThreadPoolExecutor.runWorker(Unknown Source)
	at java.base/java.util.concurrent.ThreadPoolExecutor$Worker.run(Unknown Source)
	at java.base/java.lang.Thread.run(Unknown Source)
20240809 210758.120 [sdrtrunk cached thread 3] INFO  i.g.d.a.c.mbe.AmbeAudioModule - AMBE CODEC successfully loaded - P25-2/DMR/NXDN audio will be available  [272MB/802MB 33%]
20240809 210925.977 [sdrtrunk cached thread 3] INFO  i.g.d.m.d.p.P25TrafficChannelManager - Stopping traffic channel: Michigan's Public Safety Communications System (MPSCS)_Kalamazoo_TRAFFIC_252  [536MB/802MB 66%]
20240809 211013.704 [JavaFX Application Thread] INFO  i.g.d.playlist.PlaylistManager - Loading playlist [/home/tyler/SDRTrunk/playlist/MPSCS.xml]  [682MB/802MB 85%]
20240809 211057.208 [sdrtrunk cached thread 5] INFO  i.g.d.m.d.p.P25TrafficChannelManager - Stopping traffic channel: Michigan's Public Safety Communications System (MPSCS)_Kalamazoo_TRAFFIC_307  [506MB/1GB 47%]
20240809 211108.935 [JavaFX Application Thread] INFO  i.g.d.playlist.PlaylistManager - Loading playlist [/home/tyler/SDRTrunk/playlist/berrien.xml]  [679MB/1GB 63%]
20240809 211710.684 [JavaFX Application Thread] INFO  i.g.d.playlist.PlaylistManager - Loading playlist [/home/tyler/SDRTrunk/playlist/kalamazoo.xml]  [708MB/1GB 66%]
20240809 211749.693 [AWT-EventQueue-0] INFO  i.github.dsheirer.gui.SDRTrunk - Application shutdown started ...  [510MB/1GB 43%]
20240809 211749.694 [AWT-EventQueue-0] INFO  i.github.dsheirer.gui.SDRTrunk - Stopping channels ...  [510MB/1GB 43%]
20240809 211749.695 [AWT-EventQueue-0] INFO  i.g.d.m.d.p.P25TrafficChannelManager - Stopping traffic channel: Michigan's Public Safety Communications System (MPSCS)_Kalamazoo_TRAFFIC_402  [510MB/1GB 43%]
20240809 211749.697 [AWT-EventQueue-0] INFO  i.github.dsheirer.gui.SDRTrunk - Stopping spectral display ...  [518MB/1GB 43%]
20240809 211749.699 [AWT-EventQueue-0] INFO  i.github.dsheirer.gui.SDRTrunk - Stopping tuners ...  [518MB/1GB 43%]
20240809 211749.699 [AWT-EventQueue-0] INFO  i.g.d.s.t.u.DiscoveredTunerModel - Removing discovered tuner: RTL-2832 USB Bus:1 Port:1.2  [518MB/1GB 43%]
20240809 211749.699 [AWT-EventQueue-0] INFO  i.g.d.s.t.m.DiscoveredTuner - Stopping Tuner: RTL-2832 USB Bus:1 Port:1.2  [518MB/1GB 43%]
20240809 211749.702 [AWT-EventQueue-0] INFO  i.g.d.s.t.u.DiscoveredTunerModel - Removing discovered tuner: RTL-2832 USB Bus:1 Port:1.1  [519MB/1GB 43%]
20240809 211749.702 [AWT-EventQueue-0] INFO  i.g.d.s.t.m.DiscoveredTuner - Stopping Tuner: RTL-2832 USB Bus:1 Port:1.1  [519MB/1GB 43%]
20240809 211749.704 [AWT-EventQueue-0] INFO  i.github.dsheirer.gui.SDRTrunk - Shutdown complete.  [520MB/1GB 43%]
20240809 211749.705 [AWT-EventQueue-0] INFO  i.g.d.log.ApplicationLog - Stopping application logging  [520MB/1GB 43%]
